
Welcome to TOPAS, Tool for Particle Simulation (Version 3.9)
Loading parameters starting from: mainOpt6.txt

Geant4 Data directory has been specified by the
TOPAS_G4_DATA_DIR environment variable as /Applications/GEANT/G4DATA

**************************************************************
 Geant4 version Name: geant4-11-01-patch-03 [MT]   (10-November-2023)
  << in Multi-threaded mode >> 
                       Copyright : Geant4 Collaboration
                      References : NIM A 506 (2003), 250-303
                                 : IEEE-TNS 53 (2006), 270-278
                                 : NIM A 835 (2016), 186-225
                             WWW : http://geant4.org/
**************************************************************

TOPAS is in MT mode, setting number of threads to: 1

TOPAS set the tolerances based on the World size to:
      Surface tolerance = 4.65e-08 nm, and radial tolerance = 4.65e-08 nm.
Checking overlaps for volume target:0 (G4Sphere) ... OK! 

Checking for Unused Components.
These are Components that were never built even though they were at least
partially defined in some parameters. This is not necessarily an error.
It may be an intentional choice to have these Component definitions handy for later use.
To turn off this check, set Ge/CheckForUnusedComponents to False
  No unused components were found.

Visualization verbosity changed to quiet (0)
=======================================================================
======                 Electromagnetic Physics Parameters      ========
=======================================================================
LPM effect enabled                                 1
Enable creation and use of sampling tables         0
Apply cuts on all EM processes                     0
Use combined TransportationWithMsc                 Disabled
Use general process                                0
Enable linear polarisation for gamma               0
Enable photoeffect sampling below K-shell          1
Enable sampling of quantum entanglement            0
X-section factor for integral approach             0.8
Min kinetic energy for tables                      100 eV 
Max kinetic energy for tables                      500 MeV
Number of bins per decade of a table               20
Verbose level                                      1
Verbose level for worker thread                    0
Bremsstrahlung energy threshold above which 
  primary e+- is added to the list of secondary    100 TeV
Bremsstrahlung energy threshold above which primary
  muon/hadron is added to the list of secondary    100 TeV
Lowest triplet kinetic energy                      1 MeV
Enable sampling of gamma linear polarisation       0
5D gamma conversion model type                     0
5D gamma conversion model on isolated ion          0
Livermore data directory                           epics_2017
=======================================================================
======                 Ionisation Parameters                   ========
=======================================================================
Step function for e+-                              (0.2, 0.01 mm)
Step function for muons/hadrons                    (0.1, 0.05 mm)
Step function for light ions                       (0.1, 0.02 mm)
Step function for general ions                     (0.1, 0.001 mm)
Lowest e+e- kinetic energy                         0 eV 
Lowest muon/hadron kinetic energy                  1 keV
Use ICRU90 data                                    1
Fluctuations of dE/dx are enabled                  1
Type of fluctuation model for leptons and hadrons  Universal
Use built-in Birks satuaration                     0
Build CSDA range enabled                           0
Use cut as a final range enabled                   0
Enable angular generator interface                 1
Max kinetic energy for CSDA tables                 1 GeV
Max kinetic energy for NIEL computation            0 eV 
Linear loss limit                                  0.01
Read data from file for e+e- pair production by mu 0
=======================================================================
======                 Multiple Scattering Parameters          ========
=======================================================================
Type of msc step limit algorithm for e+-           2
Type of msc step limit algorithm for muons/hadrons 0
Msc lateral displacement for e+- enabled           1
Msc lateral displacement for muons and hadrons     0
Urban msc model lateral displacement alg96         1
Range factor for msc step limit for e+-            0.08
Range factor for msc step limit for muons/hadrons  0.2
Geometry factor for msc step limitation of e+-     2.5
Safety factor for msc step limit for e+-           0.6
Skin parameter for msc step limitation of e+-      3
Lambda limit for msc step limit for e+-            1 mm
Use Mott correction for e- scattering              1
Factor used for dynamic computation of angular 
  limit between single and multiple scattering     1
Fixed angular limit between single 
  and multiple scattering                          3.1416 rad
Upper energy limit for e+- multiple scattering     100 MeV
Type of electron single scattering model           0
Type of nuclear form-factor                        1
Screening factor                                   1
=======================================================================
======                 Atomic Deexcitation Parameters          ========
=======================================================================
Fluorescence enabled                               1
Directory in G4LEDATA for fluorescence data files  fluor
Auger electron cascade enabled                     1
PIXE atomic de-excitation enabled                  0
De-excitation module ignores cuts                  1
Type of PIXE cross section for hadrons             Empirical
Type of PIXE cross section for e+-                 Livermore
=======================================================================
======                 DNA Physics Parameters                  ========
=======================================================================
Use fast sampling in DNA models                    1
Use Stationary option in DNA models                0
Use DNA with multiple scattering of e-             0
Use DNA e- solvation model type                    11003
=======================================================================

### ===  Deexcitation model UAtomDeexcitation is activated for 1 region:
          DefaultRegionForTheWorld  1  1  0
### ===  Auger flag: 1
### ===  Ignore cuts flag:   1

phot:  for gamma SubType=12 BuildTable=0
      LambdaPrime table from 200 keV to 500 MeV in 71 bins 
      ===== EM models for the G4Region  DefaultRegionForTheWorld ======
 LivermorePhElectric : Emin=    0 eV  Emax=  500 MeV  SauterGavrila Fluo

compt:  for gamma SubType=13 BuildTable=1
      Lambda table from 100 eV  to 1 MeV, 21 bins/decade, spline: 1
      LambdaPrime table from 1 MeV to 500 MeV in 56 bins 
      ===== EM models for the G4Region  DefaultRegionForTheWorld ======
   LowEPComptonModel : Emin=    0 eV  Emax=   20 MeV Fluo
        KleinNishina : Emin=   20 MeV Emax=  500 MeV Fluo

conv:  for gamma SubType=14 BuildTable=1
      Lambda table from 1.022 MeV to 500 MeV, 33 bins/decade, spline: 1
      ===== EM models for the G4Region  DefaultRegionForTheWorld ======
     BetheHeitlerLPM : Emin=    0 eV  Emax=  500 MeV  ModifiedTsai

Rayl:  for gamma SubType=11 BuildTable=1
      Lambda table from 100 eV  to 150 keV, 21 bins/decade, spline: 0
      LambdaPrime table from 150 keV to 500 MeV in 74 bins 
      ===== EM models for the G4Region  DefaultRegionForTheWorld ======
   LivermoreRayleigh : Emin=    0 eV  Emax=  500 MeV  CullenGenerator

msc:  for e-  SubType= 10
      ===== EM models for the G4Region  DefaultRegionForTheWorld ======
            UrbanMsc : Emin=    1 MeV Emax=  500 MeV Nbins=60   1 MeV - 500 MeV
          StepLim=SafetyPlus Rfact=0.08 Gfact=2.5 Sfact=0.6 DispFlag:1 Skin=3 Llim=1 mm

eIoni:  for e-  XStype:1  SubType=2
      dE/dx and range tables from 100 eV  to 500 MeV in 140 bins
      Lambda tables from threshold to 500 MeV, 20 bins/decade, spline: 1
      StepFunction=(0.2, 0.01 mm), integ: 1, fluct: 1, linLossLim= 0.01
      ===== EM models for the G4Region  DefaultRegionForTheWorld ======
        MollerBhabha : Emin=    1 MeV Emax=  500 MeV  deltaVI

eBrem:  for e-  XStype:4  SubType=3
      dE/dx and range tables from 100 eV  to 500 MeV in 140 bins
      Lambda tables from threshold to 500 MeV, 20 bins/decade, spline: 1
      LPM flag: 1 for E > 0.5 GeV,  VertexHighEnergyTh(GeV)= 100000
      ===== EM models for the G4Region  DefaultRegionForTheWorld ======
             eBremSB : Emin=    1 MeV Emax=  500 MeV  AngularGen2BS

e-_G4DNAElectronSolvation:  for e- SubType=58 BuildTable=0
      ===== EM models for the G4Region  DefaultRegionForTheWorld ======
DNAOneStepThermalizationModel_Meesungnoen2002 : Emin=    0 eV  Emax=   11 eV 
          DummyModel : Emin=   11 eV  Emax=  500 MeV
          StepLim=UseSafety Rfact=0.04 Gfact=2.5 Sfact=0.6 DispFlag:1 Skin=1 Llim=1 mm

e-_G4DNAElastic:  for e- SubType=51 BuildTable=0
      ===== EM models for the G4Region  DefaultRegionForTheWorld ======
DNACPA100ElasticModel : Emin=    0 eV  Emax=  250 keV
DNAChampionElasticModel : Emin=  250 keV Emax=    1 MeV
          DummyModel : Emin=    1 MeV Emax=  500 MeV
          StepLim=UseSafety Rfact=0.04 Gfact=2.5 Sfact=0.6 DispFlag:1 Skin=1 Llim=1 mm

e-_G4DNAExcitation:  for e- SubType=52 BuildTable=0
      ===== EM models for the G4Region  DefaultRegionForTheWorld ======
DNACPA100ExcitationModel : Emin=    0 eV  Emax=  250 keV
DNABornExcitationModel : Emin=  250 keV Emax=    1 MeV
          DummyModel : Emin=    1 MeV Emax=  500 MeV
          StepLim=UseSafety Rfact=0.04 Gfact=2.5 Sfact=0.6 DispFlag:1 Skin=1 Llim=1 mm

e-_G4DNAIonisation:  for e- SubType=53 BuildTable=0
      ===== EM models for the G4Region  DefaultRegionForTheWorld ======
DNACPA100IonisationModel : Emin=    0 eV  Emax=  250 keV Fluo
DNABornIonisationModel : Emin=  250 keV Emax=    1 MeV  deltaBorn Fluo
          DummyModel : Emin=    1 MeV Emax=  500 MeV
          StepLim=UseSafety Rfact=0.04 Gfact=2.5 Sfact=0.6 DispFlag:1 Skin=1 Llim=1 mm

msc:  for e+  SubType= 10
      ===== EM models for the G4Region  DefaultRegionForTheWorld ======
            UrbanMsc : Emin=    0 eV  Emax=  500 MeV Nbins=140 100 eV  - 500 MeV
          StepLim=SafetyPlus Rfact=0.08 Gfact=2.5 Sfact=0.6 DispFlag:1 Skin=3 Llim=1 mm

eIoni:  for e+  XStype:3  SubType=2
      dE/dx and range tables from 100 eV  to 500 MeV in 140 bins
      Lambda tables from threshold to 500 MeV, 20 bins/decade, spline: 1
      StepFunction=(0.2, 0.01 mm), integ: 3, fluct: 1, linLossLim= 0.01
      ===== EM models for the G4Region  DefaultRegionForTheWorld ======
        MollerBhabha : Emin=    0 eV  Emax=  500 MeV  deltaVI

eBrem:  for e+  XStype:4  SubType=3
      dE/dx and range tables from 100 eV  to 500 MeV in 140 bins
      Lambda tables from threshold to 500 MeV, 20 bins/decade, spline: 1
      LPM flag: 1 for E > 0.5 GeV,  VertexHighEnergyTh(GeV)= 100000
      ===== EM models for the G4Region  DefaultRegionForTheWorld ======
             eBremSB : Emin=    0 eV  Emax=  500 MeV  AngularGen2BS

annihil:  for e+ XStype:2 SubType=5 BuildTable=0
      ===== EM models for the G4Region  DefaultRegionForTheWorld ======
            eplus2gg : Emin=    0 eV  Emax=  500 MeV

msc:  for proton  SubType= 10
      ===== EM models for the G4Region  DefaultRegionForTheWorld ======
            UrbanMsc : Emin=    1 MeV Emax=  500 MeV Nbins=60   1 MeV - 500 MeV
          StepLim=Minimal Rfact=0.2 Gfact=2.5 Sfact=0.6 DispFlag:0 Skin=3 Llim=1 mm

hIoni:  for proton  XStype:3  SubType=2
      dE/dx and range tables from 100 eV  to 500 MeV in 140 bins
      Lambda tables from threshold to 500 MeV, 20 bins/decade, spline: 1
      StepFunction=(0.1, 0.05 mm), integ: 3, fluct: 1, linLossLim= 0.01
      ===== EM models for the G4Region  DefaultRegionForTheWorld ======
          BetheBloch : Emin=  300 MeV Emax=  500 MeV  deltaVI

proton_G4DNAElastic:  for proton SubType=51 BuildTable=0
      ===== EM models for the G4Region  DefaultRegionForTheWorld ======
  DNAIonElasticModel : Emin=    0 eV  Emax=    1 MeV
          DummyModel : Emin=    1 MeV Emax=  500 MeV
          StepLim=UseSafety Rfact=0.04 Gfact=2.5 Sfact=0.6 DispFlag:1 Skin=1 Llim=1 mm

proton_G4DNAExcitation:  for proton SubType=52 BuildTable=0
      ===== EM models for the G4Region  DefaultRegionForTheWorld ======
DNAMillerGreenExcitationModel : Emin=    0 eV  Emax=  500 keV
DNABornExcitationModel : Emin=  500 keV Emax=  100 MeV
DNARPWBAExcitationModel : Emin=  100 MeV Emax=  300 MeV
          DummyModel : Emin=  300 MeV Emax=  500 MeV
          StepLim=UseSafety Rfact=0.04 Gfact=2.5 Sfact=0.6 DispFlag:1 Skin=1 Llim=1 mm

proton_G4DNAIonisation:  for proton SubType=53 BuildTable=0
      ===== EM models for the G4Region  DefaultRegionForTheWorld ======
DNARuddIonisationModel : Emin=    0 eV  Emax=  500 keV  deltaRudd Fluo
DNABornIonisationModel : Emin=  500 keV Emax=  100 MeV  deltaBorn Fluo
DNARPWBAIonisationModel : Emin=  100 MeV Emax=  300 MeV  deltaBorn Fluo
          DummyModel : Emin=  300 MeV Emax=  500 MeV
          StepLim=UseSafety Rfact=0.04 Gfact=2.5 Sfact=0.6 DispFlag:1 Skin=1 Llim=1 mm

proton_G4DNAChargeDecrease:  for proton SubType=56 BuildTable=0
      ===== EM models for the G4Region  DefaultRegionForTheWorld ======
DNADingfelderChargeDecreaseModel : Emin=    0 eV  Emax=  500 MeV

msc:  for GenericIon  SubType= 10
      ===== EM models for the G4Region  DefaultRegionForTheWorld ======
            UrbanMsc : Emin=    1 MeV Emax=  500 MeV
          StepLim=Minimal Rfact=0.2 Gfact=2.5 Sfact=0.6 DispFlag:0 Skin=3 Llim=1 mm

ionIoni:  for GenericIon  XStype:3  SubType=2
      dE/dx and range tables from 100 eV  to 500 MeV in 140 bins
      Lambda tables from threshold to 500 MeV, 20 bins/decade, spline: 1
      StepFunction=(0.1, 0.001 mm), integ: 3, fluct: 1, linLossLim= 0.02
      Stopping Power data for 17 ion/material pairs
      ===== EM models for the G4Region  DefaultRegionForTheWorld ======
          BetheBloch : Emin=  300 MeV Emax=  500 MeV  deltaVI

GenericIon_G4DNAIonisation:  for GenericIon SubType=53 BuildTable=0
      ===== EM models for the G4Region  DefaultRegionForTheWorld ======
DNARuddIonisationExtendedModel : Emin=    0 eV  Emax=  300 MeV  deltaRudd Fluo
          DummyModel : Emin=  300 MeV Emax=  500 MeV
          StepLim=UseSafety Rfact=0.04 Gfact=2.5 Sfact=0.6 DispFlag:1 Skin=1 Llim=1 mm

msc:  for alpha  SubType= 10
      ===== EM models for the G4Region  DefaultRegionForTheWorld ======
            UrbanMsc : Emin=    1 MeV Emax=  500 MeV
          StepLim=Minimal Rfact=0.2 Gfact=2.5 Sfact=0.6 DispFlag:0 Skin=3 Llim=1 mm

ionIoni:  for alpha  XStype:3  SubType=2
      dE/dx and range tables from 100 eV  to 500 MeV in 140 bins
      Lambda tables from threshold to 500 MeV, 20 bins/decade, spline: 1
      StepFunction=(0.1, 0.02 mm), integ: 3, fluct: 1, linLossLim= 0.02
      ===== EM models for the G4Region  DefaultRegionForTheWorld ======
          BetheBloch : Emin=  300 MeV Emax=  500 MeV  deltaVI

alpha_G4DNAElastic:  for alpha SubType=51 BuildTable=0
      ===== EM models for the G4Region  DefaultRegionForTheWorld ======
  DNAIonElasticModel : Emin=    0 eV  Emax=    1 MeV
          DummyModel : Emin=    1 MeV Emax=  500 MeV
          StepLim=UseSafety Rfact=0.04 Gfact=2.5 Sfact=0.6 DispFlag:1 Skin=1 Llim=1 mm

alpha_G4DNAExcitation:  for alpha SubType=52 BuildTable=0
      ===== EM models for the G4Region  DefaultRegionForTheWorld ======
DNAMillerGreenExcitationModel : Emin=    0 eV  Emax=  300 MeV
          DummyModel : Emin=  300 MeV Emax=  500 MeV
          StepLim=UseSafety Rfact=0.04 Gfact=2.5 Sfact=0.6 DispFlag:1 Skin=1 Llim=1 mm

alpha_G4DNAIonisation:  for alpha SubType=53 BuildTable=0
      ===== EM models for the G4Region  DefaultRegionForTheWorld ======
DNARuddIonisationModel : Emin=    0 eV  Emax=  300 MeV  deltaRudd Fluo
          DummyModel : Emin=  300 MeV Emax=  500 MeV
          StepLim=UseSafety Rfact=0.04 Gfact=2.5 Sfact=0.6 DispFlag:1 Skin=1 Llim=1 mm

alpha_G4DNAChargeDecrease:  for alpha SubType=56 BuildTable=0
      ===== EM models for the G4Region  DefaultRegionForTheWorld ======
DNADingfelderChargeDecreaseModel : Emin=    0 eV  Emax=  500 MeV

msc:  for alpha+  SubType= 10
      ===== EM models for the G4Region  DefaultRegionForTheWorld ======
            UrbanMsc : Emin=    1 MeV Emax=  500 MeV
          StepLim=Minimal Rfact=0.2 Gfact=2.5 Sfact=0.6 DispFlag:0 Skin=3 Llim=1 mm

hIoni:  for alpha+  XStype:3  SubType=2
      dE/dx and range tables from 100 eV  to 500 MeV in 140 bins
      Lambda tables from threshold to 500 MeV, 20 bins/decade, spline: 1
      StepFunction=(0.1, 0.05 mm), integ: 3, fluct: 1, linLossLim= 0.01
      ===== EM models for the G4Region  DefaultRegionForTheWorld ======
          BetheBloch : Emin=  300 MeV Emax=  500 MeV  deltaVI

alpha+_G4DNAElastic:  for alpha+ SubType=51 BuildTable=0
      ===== EM models for the G4Region  DefaultRegionForTheWorld ======
  DNAIonElasticModel : Emin=    0 eV  Emax=    1 MeV
          DummyModel : Emin=    1 MeV Emax=  500 MeV
          StepLim=UseSafety Rfact=0.04 Gfact=2.5 Sfact=0.6 DispFlag:1 Skin=1 Llim=1 mm

alpha+_G4DNAExcitation:  for alpha+ SubType=52 BuildTable=0
      ===== EM models for the G4Region  DefaultRegionForTheWorld ======
DNAMillerGreenExcitationModel : Emin=    0 eV  Emax=  300 MeV
          DummyModel : Emin=  300 MeV Emax=  500 MeV
          StepLim=UseSafety Rfact=0.04 Gfact=2.5 Sfact=0.6 DispFlag:1 Skin=1 Llim=1 mm

alpha+_G4DNAIonisation:  for alpha+ SubType=53 BuildTable=0
      ===== EM models for the G4Region  DefaultRegionForTheWorld ======
DNARuddIonisationModel : Emin=    0 eV  Emax=  300 MeV  deltaRudd Fluo
          DummyModel : Emin=  300 MeV Emax=  500 MeV
          StepLim=UseSafety Rfact=0.04 Gfact=2.5 Sfact=0.6 DispFlag:1 Skin=1 Llim=1 mm

alpha+_G4DNAChargeIncrease:  for alpha+ SubType=57 BuildTable=0
      ===== EM models for the G4Region  DefaultRegionForTheWorld ======
DNADingfelderChargeIncreaseModel : Emin=    0 eV  Emax=  500 MeV

alpha+_G4DNAChargeDecrease:  for alpha+ SubType=56 BuildTable=0
      ===== EM models for the G4Region  DefaultRegionForTheWorld ======
DNADingfelderChargeDecreaseModel : Emin=    0 eV  Emax=  500 MeV

msc:  for anti_proton  SubType= 10
      ===== EM models for the G4Region  DefaultRegionForTheWorld ======
        WentzelVIUni : Emin=    0 eV  Emax=  500 MeV
          StepLim=Minimal Rfact=0.2 Gfact=2.5 Sfact=0.6 DispFlag:0 Skin=3 Llim=1 mm

hIoni:  for anti_proton  XStype:3  SubType=2
      dE/dx and range tables from 100 eV  to 500 MeV in 140 bins
      Lambda tables from threshold to 500 MeV, 20 bins/decade, spline: 1
      StepFunction=(0.1, 0.05 mm), integ: 3, fluct: 1, linLossLim= 0.01
      ===== EM models for the G4Region  DefaultRegionForTheWorld ======
            ICRU73QO : Emin=    0 eV  Emax=    2 MeV  deltaVI
          BetheBloch : Emin=    2 MeV Emax=  500 MeV  deltaVI

helium_G4DNAElastic:  for helium SubType=51 BuildTable=0
      ===== EM models for the G4Region  DefaultRegionForTheWorld ======
  DNAIonElasticModel : Emin=    0 eV  Emax=    1 MeV
          DummyModel : Emin=    1 MeV Emax=  500 MeV
          StepLim=UseSafety Rfact=0.04 Gfact=2.5 Sfact=0.6 DispFlag:1 Skin=1 Llim=1 mm

helium_G4DNAExcitation:  for helium SubType=52 BuildTable=0
      ===== EM models for the G4Region  DefaultRegionForTheWorld ======
DNAMillerGreenExcitationModel : Emin=    0 eV  Emax=  300 MeV
          DummyModel : Emin=  300 MeV Emax=  500 MeV
          StepLim=UseSafety Rfact=0.04 Gfact=2.5 Sfact=0.6 DispFlag:1 Skin=1 Llim=1 mm

helium_G4DNAIonisation:  for helium SubType=53 BuildTable=0
      ===== EM models for the G4Region  DefaultRegionForTheWorld ======
DNARuddIonisationModel : Emin=    0 eV  Emax=  300 MeV  deltaRudd Fluo
          DummyModel : Emin=  300 MeV Emax=  500 MeV
          StepLim=UseSafety Rfact=0.04 Gfact=2.5 Sfact=0.6 DispFlag:1 Skin=1 Llim=1 mm

helium_G4DNAChargeIncrease:  for helium SubType=57 BuildTable=0
      ===== EM models for the G4Region  DefaultRegionForTheWorld ======
DNADingfelderChargeIncreaseModel : Emin=    0 eV  Emax=  500 MeV

hydrogen_G4DNAElastic:  for hydrogen SubType=51 BuildTable=0
      ===== EM models for the G4Region  DefaultRegionForTheWorld ======
  DNAIonElasticModel : Emin=    0 eV  Emax=    1 MeV
          DummyModel : Emin=    1 MeV Emax=  500 MeV
          StepLim=UseSafety Rfact=0.04 Gfact=2.5 Sfact=0.6 DispFlag:1 Skin=1 Llim=1 mm

hydrogen_G4DNAExcitation:  for hydrogen SubType=52 BuildTable=0
      ===== EM models for the G4Region  DefaultRegionForTheWorld ======
DNAMillerGreenExcitationModel : Emin=    0 eV  Emax=  300 MeV
          DummyModel : Emin=  300 MeV Emax=  500 MeV
          StepLim=UseSafety Rfact=0.04 Gfact=2.5 Sfact=0.6 DispFlag:1 Skin=1 Llim=1 mm

hydrogen_G4DNAIonisation:  for hydrogen SubType=53 BuildTable=0
      ===== EM models for the G4Region  DefaultRegionForTheWorld ======
DNARuddIonisationModel : Emin=    0 eV  Emax=  300 MeV  deltaRudd Fluo
          DummyModel : Emin=  300 MeV Emax=  500 MeV
          StepLim=UseSafety Rfact=0.04 Gfact=2.5 Sfact=0.6 DispFlag:1 Skin=1 Llim=1 mm

hydrogen_G4DNAChargeIncrease:  for hydrogen SubType=57 BuildTable=0
      ===== EM models for the G4Region  DefaultRegionForTheWorld ======
DNADingfelderChargeIncreaseModel : Emin=    0 eV  Emax=  500 MeV

msc:  for kaon+  SubType= 10
      ===== EM models for the G4Region  DefaultRegionForTheWorld ======
        WentzelVIUni : Emin=    0 eV  Emax=  500 MeV
          StepLim=Minimal Rfact=0.2 Gfact=2.5 Sfact=0.6 DispFlag:0 Skin=3 Llim=1 mm

hIoni:  for kaon+  XStype:3  SubType=2
      dE/dx and range tables from 100 eV  to 500 MeV in 140 bins
      Lambda tables from threshold to 500 MeV, 20 bins/decade, spline: 1
      StepFunction=(0.1, 0.05 mm), integ: 3, fluct: 1, linLossLim= 0.01
      ===== EM models for the G4Region  DefaultRegionForTheWorld ======
               Bragg : Emin=    0 eV  Emax=1.05231 MeV  deltaVI
          BetheBloch : Emin=1.05231 MeV Emax=  500 MeV  deltaVI

msc:  for kaon-  SubType= 10
      ===== EM models for the G4Region  DefaultRegionForTheWorld ======
        WentzelVIUni : Emin=    0 eV  Emax=  500 MeV
          StepLim=Minimal Rfact=0.2 Gfact=2.5 Sfact=0.6 DispFlag:0 Skin=3 Llim=1 mm

hIoni:  for kaon-  XStype:3  SubType=2
      dE/dx and range tables from 100 eV  to 500 MeV in 140 bins
      Lambda tables from threshold to 500 MeV, 20 bins/decade, spline: 1
      StepFunction=(0.1, 0.05 mm), integ: 3, fluct: 1, linLossLim= 0.01
      ===== EM models for the G4Region  DefaultRegionForTheWorld ======
            ICRU73QO : Emin=    0 eV  Emax=1.05231 MeV  deltaVI
          BetheBloch : Emin=1.05231 MeV Emax=  500 MeV  deltaVI

msc:  for mu+  SubType= 10
      ===== EM models for the G4Region  DefaultRegionForTheWorld ======
        WentzelVIUni : Emin=    0 eV  Emax=  500 MeV
          StepLim=Minimal Rfact=0.2 Gfact=2.5 Sfact=0.6 DispFlag:0 Skin=3 Llim=1 mm

hIoni:  for mu+  XStype:3  SubType=2
      dE/dx and range tables from 100 eV  to 500 MeV in 140 bins
      Lambda tables from threshold to 500 MeV, 20 bins/decade, spline: 1
      StepFunction=(0.1, 0.05 mm), integ: 3, fluct: 1, linLossLim= 0.01
      ===== EM models for the G4Region  DefaultRegionForTheWorld ======
               Bragg : Emin=    0 eV  Emax=225.219 keV  deltaVI
          BetheBloch : Emin=225.219 keV Emax=  500 MeV  deltaVI

msc:  for mu-  SubType= 10
      ===== EM models for the G4Region  DefaultRegionForTheWorld ======
        WentzelVIUni : Emin=    0 eV  Emax=  500 MeV
          StepLim=Minimal Rfact=0.2 Gfact=2.5 Sfact=0.6 DispFlag:0 Skin=3 Llim=1 mm

hIoni:  for mu-  XStype:3  SubType=2
      dE/dx and range tables from 100 eV  to 500 MeV in 140 bins
      Lambda tables from threshold to 500 MeV, 20 bins/decade, spline: 1
      StepFunction=(0.1, 0.05 mm), integ: 3, fluct: 1, linLossLim= 0.01
      ===== EM models for the G4Region  DefaultRegionForTheWorld ======
            ICRU73QO : Emin=    0 eV  Emax=225.219 keV  deltaVI
          BetheBloch : Emin=225.219 keV Emax=  500 MeV  deltaVI

msc:  for pi+  SubType= 10
      ===== EM models for the G4Region  DefaultRegionForTheWorld ======
        WentzelVIUni : Emin=    0 eV  Emax=  500 MeV
          StepLim=Minimal Rfact=0.2 Gfact=2.5 Sfact=0.6 DispFlag:0 Skin=3 Llim=1 mm

hIoni:  for pi+  XStype:3  SubType=2
      dE/dx and range tables from 100 eV  to 500 MeV in 140 bins
      Lambda tables from threshold to 500 MeV, 20 bins/decade, spline: 1
      StepFunction=(0.1, 0.05 mm), integ: 3, fluct: 1, linLossLim= 0.01
      ===== EM models for the G4Region  DefaultRegionForTheWorld ======
               Bragg : Emin=    0 eV  Emax=297.505 keV  deltaVI
          BetheBloch : Emin=297.505 keV Emax=  500 MeV  deltaVI

msc:  for pi-  SubType= 10
      ===== EM models for the G4Region  DefaultRegionForTheWorld ======
        WentzelVIUni : Emin=    0 eV  Emax=  500 MeV
          StepLim=Minimal Rfact=0.2 Gfact=2.5 Sfact=0.6 DispFlag:0 Skin=3 Llim=1 mm

hIoni:  for pi-  XStype:3  SubType=2
      dE/dx and range tables from 100 eV  to 500 MeV in 140 bins
      Lambda tables from threshold to 500 MeV, 20 bins/decade, spline: 1
      StepFunction=(0.1, 0.05 mm), integ: 3, fluct: 1, linLossLim= 0.01
      ===== EM models for the G4Region  DefaultRegionForTheWorld ======
            ICRU73QO : Emin=    0 eV  Emax=297.505 keV  deltaVI
          BetheBloch : Emin=297.505 keV Emax=  500 MeV  deltaVI
G4WT0 > Begin processing for Run: 0, History: 0
G4WT0 > Begin processing for Run: 0, History: 10
G4WT0 > Begin processing for Run: 0, History: 20
G4WT0 > Begin processing for Run: 0, History: 30
G4WT0 > Begin processing for Run: 0, History: 40
G4WT0 > Begin processing for Run: 0, History: 50
G4WT0 > Begin processing for Run: 0, History: 60
G4WT0 > Begin processing for Run: 0, History: 70
G4WT0 > Begin processing for Run: 0, History: 80
G4WT0 > Begin processing for Run: 0, History: 90

Scorer: Edep
Results have been written to file: energyDeposit_Run_0000.csv

Scorer: Fluence
Results have been written to file: fluence_Run_0000.csv
G4WT0 > Begin processing for Run: 1, History: 0
G4WT0 > Begin processing for Run: 1, History: 10
G4WT0 > Begin processing for Run: 1, History: 20
G4WT0 > Begin processing for Run: 1, History: 30
G4WT0 > Begin processing for Run: 1, History: 40
G4WT0 > Begin processing for Run: 1, History: 50
G4WT0 > Begin processing for Run: 1, History: 60
G4WT0 > Begin processing for Run: 1, History: 70
G4WT0 > Begin processing for Run: 1, History: 80
G4WT0 > Begin processing for Run: 1, History: 90

Scorer: Edep
Results have been written to file: energyDeposit_Run_0001.csv

Scorer: Fluence
Results have been written to file: fluence_Run_0001.csv
G4WT0 > Begin processing for Run: 2, History: 0
G4WT0 > Begin processing for Run: 2, History: 10
G4WT0 > Begin processing for Run: 2, History: 20
G4WT0 > Begin processing for Run: 2, History: 30
G4WT0 > Begin processing for Run: 2, History: 40
G4WT0 > Begin processing for Run: 2, History: 50
G4WT0 > Begin processing for Run: 2, History: 60
G4WT0 > Begin processing for Run: 2, History: 70
G4WT0 > Begin processing for Run: 2, History: 80
G4WT0 > Begin processing for Run: 2, History: 90

Scorer: Edep
Results have been written to file: energyDeposit_Run_0002.csv

Scorer: Fluence
Results have been written to file: fluence_Run_0002.csv
G4WT0 > Begin processing for Run: 3, History: 0
G4WT0 > Begin processing for Run: 3, History: 10
G4WT0 > Begin processing for Run: 3, History: 20
G4WT0 > Begin processing for Run: 3, History: 30
G4WT0 > Begin processing for Run: 3, History: 40
G4WT0 > Begin processing for Run: 3, History: 50
G4WT0 > Begin processing for Run: 3, History: 60
G4WT0 > Begin processing for Run: 3, History: 70
G4WT0 > Begin processing for Run: 3, History: 80
G4WT0 > Begin processing for Run: 3, History: 90

Scorer: Edep
Results have been written to file: energyDeposit_Run_0003.csv

Scorer: Fluence
Results have been written to file: fluence_Run_0003.csv
G4WT0 > Begin processing for Run: 4, History: 0
G4WT0 > Begin processing for Run: 4, History: 10
G4WT0 > Begin processing for Run: 4, History: 20
G4WT0 > Begin processing for Run: 4, History: 30
G4WT0 > Begin processing for Run: 4, History: 40
G4WT0 > Begin processing for Run: 4, History: 50
G4WT0 > Begin processing for Run: 4, History: 60
G4WT0 > Begin processing for Run: 4, History: 70
G4WT0 > Begin processing for Run: 4, History: 80
G4WT0 > Begin processing for Run: 4, History: 90

Scorer: Edep
Results have been written to file: energyDeposit_Run_0004.csv

Scorer: Fluence
Results have been written to file: fluence_Run_0004.csv
G4WT0 > Begin processing for Run: 5, History: 0
G4WT0 > Begin processing for Run: 5, History: 10
G4WT0 > Begin processing for Run: 5, History: 20
G4WT0 > Begin processing for Run: 5, History: 30
G4WT0 > Begin processing for Run: 5, History: 40
G4WT0 > Begin processing for Run: 5, History: 50
G4WT0 > Begin processing for Run: 5, History: 60
G4WT0 > Begin processing for Run: 5, History: 70
G4WT0 > Begin processing for Run: 5, History: 80
G4WT0 > Begin processing for Run: 5, History: 90
G4WT0 > Begin processing for Run: 5, History: 100
G4WT0 > Begin processing for Run: 5, History: 110
G4WT0 > Begin processing for Run: 5, History: 120
G4WT0 > Begin processing for Run: 5, History: 130
G4WT0 > Begin processing for Run: 5, History: 140
G4WT0 > Begin processing for Run: 5, History: 150
G4WT0 > Begin processing for Run: 5, History: 160
G4WT0 > Begin processing for Run: 5, History: 170
G4WT0 > Begin processing for Run: 5, History: 180
G4WT0 > Begin processing for Run: 5, History: 190

Scorer: Edep
Results have been written to file: energyDeposit_Run_0005.csv

Scorer: Fluence
Results have been written to file: fluence_Run_0005.csv
G4WT0 > Begin processing for Run: 6, History: 0
G4WT0 > Begin processing for Run: 6, History: 10
G4WT0 > Begin processing for Run: 6, History: 20
G4WT0 > Begin processing for Run: 6, History: 30
G4WT0 > Begin processing for Run: 6, History: 40
G4WT0 > Begin processing for Run: 6, History: 50
G4WT0 > Begin processing for Run: 6, History: 60
G4WT0 > Begin processing for Run: 6, History: 70
G4WT0 > Begin processing for Run: 6, History: 80
G4WT0 > Begin processing for Run: 6, History: 90
G4WT0 > Begin processing for Run: 6, History: 100
G4WT0 > Begin processing for Run: 6, History: 110
G4WT0 > Begin processing for Run: 6, History: 120
G4WT0 > Begin processing for Run: 6, History: 130
G4WT0 > Begin processing for Run: 6, History: 140
G4WT0 > Begin processing for Run: 6, History: 150
G4WT0 > Begin processing for Run: 6, History: 160
G4WT0 > Begin processing for Run: 6, History: 170
G4WT0 > Begin processing for Run: 6, History: 180
G4WT0 > Begin processing for Run: 6, History: 190

Scorer: Edep
Results have been written to file: energyDeposit_Run_0006.csv

Scorer: Fluence
Results have been written to file: fluence_Run_0006.csv
G4WT0 > Begin processing for Run: 7, History: 0
G4WT0 > Begin processing for Run: 7, History: 10
G4WT0 > Begin processing for Run: 7, History: 20
G4WT0 > Begin processing for Run: 7, History: 30
G4WT0 > Begin processing for Run: 7, History: 40
G4WT0 > Begin processing for Run: 7, History: 50
G4WT0 > Begin processing for Run: 7, History: 60
G4WT0 > Begin processing for Run: 7, History: 70
G4WT0 > Begin processing for Run: 7, History: 80
G4WT0 > Begin processing for Run: 7, History: 90
G4WT0 > Begin processing for Run: 7, History: 100
G4WT0 > Begin processing for Run: 7, History: 110
G4WT0 > Begin processing for Run: 7, History: 120
G4WT0 > Begin processing for Run: 7, History: 130
G4WT0 > Begin processing for Run: 7, History: 140
G4WT0 > Begin processing for Run: 7, History: 150
G4WT0 > Begin processing for Run: 7, History: 160
G4WT0 > Begin processing for Run: 7, History: 170
G4WT0 > Begin processing for Run: 7, History: 180
G4WT0 > Begin processing for Run: 7, History: 190

Scorer: Edep
Results have been written to file: energyDeposit_Run_0007.csv

Scorer: Fluence
Results have been written to file: fluence_Run_0007.csv
G4WT0 > Begin processing for Run: 8, History: 0
G4WT0 > Begin processing for Run: 8, History: 10
G4WT0 > Begin processing for Run: 8, History: 20
G4WT0 > Begin processing for Run: 8, History: 30
G4WT0 > Begin processing for Run: 8, History: 40
G4WT0 > Begin processing for Run: 8, History: 50
G4WT0 > Begin processing for Run: 8, History: 60
G4WT0 > Begin processing for Run: 8, History: 70
G4WT0 > Begin processing for Run: 8, History: 80
G4WT0 > Begin processing for Run: 8, History: 90
G4WT0 > Begin processing for Run: 8, History: 100
G4WT0 > Begin processing for Run: 8, History: 110
G4WT0 > Begin processing for Run: 8, History: 120
G4WT0 > Begin processing for Run: 8, History: 130
G4WT0 > Begin processing for Run: 8, History: 140
G4WT0 > Begin processing for Run: 8, History: 150
G4WT0 > Begin processing for Run: 8, History: 160
G4WT0 > Begin processing for Run: 8, History: 170
G4WT0 > Begin processing for Run: 8, History: 180
G4WT0 > Begin processing for Run: 8, History: 190
G4WT0 > Begin processing for Run: 8, History: 200
G4WT0 > Begin processing for Run: 8, History: 210
G4WT0 > Begin processing for Run: 8, History: 220
G4WT0 > Begin processing for Run: 8, History: 230
G4WT0 > Begin processing for Run: 8, History: 240
G4WT0 > Begin processing for Run: 8, History: 250
G4WT0 > Begin processing for Run: 8, History: 260
G4WT0 > Begin processing for Run: 8, History: 270
G4WT0 > Begin processing for Run: 8, History: 280
G4WT0 > Begin processing for Run: 8, History: 290
G4WT0 > Begin processing for Run: 8, History: 300
G4WT0 > Begin processing for Run: 8, History: 310
G4WT0 > Begin processing for Run: 8, History: 320
G4WT0 > Begin processing for Run: 8, History: 330
G4WT0 > Begin processing for Run: 8, History: 340
G4WT0 > Begin processing for Run: 8, History: 350
G4WT0 > Begin processing for Run: 8, History: 360
G4WT0 > Begin processing for Run: 8, History: 370
G4WT0 > Begin processing for Run: 8, History: 380
G4WT0 > Begin processing for Run: 8, History: 390
G4WT0 > Begin processing for Run: 8, History: 400
G4WT0 > Begin processing for Run: 8, History: 410
G4WT0 > Begin processing for Run: 8, History: 420
G4WT0 > Begin processing for Run: 8, History: 430
G4WT0 > Begin processing for Run: 8, History: 440
G4WT0 > Begin processing for Run: 8, History: 450
G4WT0 > Begin processing for Run: 8, History: 460
G4WT0 > Begin processing for Run: 8, History: 470
G4WT0 > Begin processing for Run: 8, History: 480
G4WT0 > Begin processing for Run: 8, History: 490
G4WT0 > Begin processing for Run: 8, History: 500
G4WT0 > Begin processing for Run: 8, History: 510
G4WT0 > Begin processing for Run: 8, History: 520
G4WT0 > Begin processing for Run: 8, History: 530
G4WT0 > Begin processing for Run: 8, History: 540
G4WT0 > Begin processing for Run: 8, History: 550
G4WT0 > Begin processing for Run: 8, History: 560
G4WT0 > Begin processing for Run: 8, History: 570
G4WT0 > Begin processing for Run: 8, History: 580
G4WT0 > Begin processing for Run: 8, History: 590
G4WT0 > Begin processing for Run: 8, History: 600
G4WT0 > Begin processing for Run: 8, History: 610
G4WT0 > Begin processing for Run: 8, History: 620
G4WT0 > Begin processing for Run: 8, History: 630
G4WT0 > Begin processing for Run: 8, History: 640
G4WT0 > Begin processing for Run: 8, History: 650
G4WT0 > Begin processing for Run: 8, History: 660
G4WT0 > Begin processing for Run: 8, History: 670
G4WT0 > Begin processing for Run: 8, History: 680
G4WT0 > Begin processing for Run: 8, History: 690
G4WT0 > Begin processing for Run: 8, History: 700
G4WT0 > Begin processing for Run: 8, History: 710
G4WT0 > Begin processing for Run: 8, History: 720
G4WT0 > Begin processing for Run: 8, History: 730
G4WT0 > Begin processing for Run: 8, History: 740
G4WT0 > Begin processing for Run: 8, History: 750
G4WT0 > Begin processing for Run: 8, History: 760
G4WT0 > Begin processing for Run: 8, History: 770
G4WT0 > Begin processing for Run: 8, History: 780
G4WT0 > Begin processing for Run: 8, History: 790
G4WT0 > Begin processing for Run: 8, History: 800
G4WT0 > Begin processing for Run: 8, History: 810
G4WT0 > Begin processing for Run: 8, History: 820
G4WT0 > Begin processing for Run: 8, History: 830
G4WT0 > Begin processing for Run: 8, History: 840
G4WT0 > Begin processing for Run: 8, History: 850
G4WT0 > Begin processing for Run: 8, History: 860
G4WT0 > Begin processing for Run: 8, History: 870
G4WT0 > Begin processing for Run: 8, History: 880
G4WT0 > Begin processing for Run: 8, History: 890
G4WT0 > Begin processing for Run: 8, History: 900
G4WT0 > Begin processing for Run: 8, History: 910
G4WT0 > Begin processing for Run: 8, History: 920
G4WT0 > Begin processing for Run: 8, History: 930
G4WT0 > Begin processing for Run: 8, History: 940
G4WT0 > Begin processing for Run: 8, History: 950
G4WT0 > Begin processing for Run: 8, History: 960
G4WT0 > Begin processing for Run: 8, History: 970
G4WT0 > Begin processing for Run: 8, History: 980
G4WT0 > Begin processing for Run: 8, History: 990

Scorer: Edep
Results have been written to file: energyDeposit_Run_0008.csv

Scorer: Fluence
Results have been written to file: fluence_Run_0008.csv
G4WT0 > Begin processing for Run: 9, History: 0
G4WT0 > Begin processing for Run: 9, History: 10
G4WT0 > Begin processing for Run: 9, History: 20
G4WT0 > Begin processing for Run: 9, History: 30
G4WT0 > Begin processing for Run: 9, History: 40
G4WT0 > Begin processing for Run: 9, History: 50
G4WT0 > Begin processing for Run: 9, History: 60
G4WT0 > Begin processing for Run: 9, History: 70
G4WT0 > Begin processing for Run: 9, History: 80
G4WT0 > Begin processing for Run: 9, History: 90
G4WT0 > Begin processing for Run: 9, History: 100
G4WT0 > Begin processing for Run: 9, History: 110
G4WT0 > Begin processing for Run: 9, History: 120
G4WT0 > Begin processing for Run: 9, History: 130
G4WT0 > Begin processing for Run: 9, History: 140
G4WT0 > Begin processing for Run: 9, History: 150
G4WT0 > Begin processing for Run: 9, History: 160
G4WT0 > Begin processing for Run: 9, History: 170
G4WT0 > Begin processing for Run: 9, History: 180
G4WT0 > Begin processing for Run: 9, History: 190
G4WT0 > Begin processing for Run: 9, History: 200
G4WT0 > Begin processing for Run: 9, History: 210
G4WT0 > Begin processing for Run: 9, History: 220
G4WT0 > Begin processing for Run: 9, History: 230
G4WT0 > Begin processing for Run: 9, History: 240
G4WT0 > Begin processing for Run: 9, History: 250
G4WT0 > Begin processing for Run: 9, History: 260
G4WT0 > Begin processing for Run: 9, History: 270
G4WT0 > Begin processing for Run: 9, History: 280
G4WT0 > Begin processing for Run: 9, History: 290
G4WT0 > Begin processing for Run: 9, History: 300
G4WT0 > Begin processing for Run: 9, History: 310
G4WT0 > Begin processing for Run: 9, History: 320
G4WT0 > Begin processing for Run: 9, History: 330
G4WT0 > Begin processing for Run: 9, History: 340
G4WT0 > Begin processing for Run: 9, History: 350
G4WT0 > Begin processing for Run: 9, History: 360
G4WT0 > Begin processing for Run: 9, History: 370
G4WT0 > Begin processing for Run: 9, History: 380
G4WT0 > Begin processing for Run: 9, History: 390
G4WT0 > Begin processing for Run: 9, History: 400
G4WT0 > Begin processing for Run: 9, History: 410
G4WT0 > Begin processing for Run: 9, History: 420
G4WT0 > Begin processing for Run: 9, History: 430
G4WT0 > Begin processing for Run: 9, History: 440
G4WT0 > Begin processing for Run: 9, History: 450
G4WT0 > Begin processing for Run: 9, History: 460
G4WT0 > Begin processing for Run: 9, History: 470
G4WT0 > Begin processing for Run: 9, History: 480
G4WT0 > Begin processing for Run: 9, History: 490
G4WT0 > Begin processing for Run: 9, History: 500
G4WT0 > Begin processing for Run: 9, History: 510
G4WT0 > Begin processing for Run: 9, History: 520
G4WT0 > Begin processing for Run: 9, History: 530
G4WT0 > Begin processing for Run: 9, History: 540
G4WT0 > Begin processing for Run: 9, History: 550
G4WT0 > Begin processing for Run: 9, History: 560
G4WT0 > Begin processing for Run: 9, History: 570
G4WT0 > Begin processing for Run: 9, History: 580
G4WT0 > Begin processing for Run: 9, History: 590
G4WT0 > Begin processing for Run: 9, History: 600
G4WT0 > Begin processing for Run: 9, History: 610
G4WT0 > Begin processing for Run: 9, History: 620
G4WT0 > Begin processing for Run: 9, History: 630
G4WT0 > Begin processing for Run: 9, History: 640
G4WT0 > Begin processing for Run: 9, History: 650
G4WT0 > Begin processing for Run: 9, History: 660
G4WT0 > Begin processing for Run: 9, History: 670
G4WT0 > Begin processing for Run: 9, History: 680
G4WT0 > Begin processing for Run: 9, History: 690
G4WT0 > Begin processing for Run: 9, History: 700
G4WT0 > Begin processing for Run: 9, History: 710
G4WT0 > Begin processing for Run: 9, History: 720
G4WT0 > Begin processing for Run: 9, History: 730
G4WT0 > Begin processing for Run: 9, History: 740
G4WT0 > Begin processing for Run: 9, History: 750
G4WT0 > Begin processing for Run: 9, History: 760
G4WT0 > Begin processing for Run: 9, History: 770
G4WT0 > Begin processing for Run: 9, History: 780
G4WT0 > Begin processing for Run: 9, History: 790
G4WT0 > Begin processing for Run: 9, History: 800
G4WT0 > Begin processing for Run: 9, History: 810
G4WT0 > Begin processing for Run: 9, History: 820
G4WT0 > Begin processing for Run: 9, History: 830
G4WT0 > Begin processing for Run: 9, History: 840
G4WT0 > Begin processing for Run: 9, History: 850
G4WT0 > Begin processing for Run: 9, History: 860
G4WT0 > Begin processing for Run: 9, History: 870
G4WT0 > Begin processing for Run: 9, History: 880
G4WT0 > Begin processing for Run: 9, History: 890
G4WT0 > Begin processing for Run: 9, History: 900
G4WT0 > Begin processing for Run: 9, History: 910
G4WT0 > Begin processing for Run: 9, History: 920
G4WT0 > Begin processing for Run: 9, History: 930
G4WT0 > Begin processing for Run: 9, History: 940
G4WT0 > Begin processing for Run: 9, History: 950
G4WT0 > Begin processing for Run: 9, History: 960
G4WT0 > Begin processing for Run: 9, History: 970
G4WT0 > Begin processing for Run: 9, History: 980
G4WT0 > Begin processing for Run: 9, History: 990

Scorer: Edep
Results have been written to file: energyDeposit_Run_0009.csv

Scorer: Fluence
Results have been written to file: fluence_Run_0009.csv

TOPAS run sequence complete.
Particle source Demo: Total number of histories: 3100

Elapsed times:
Parameter Reading : User=0.000000s Real=0.000757s Sys=0.000000s [Cpu=0.0%]
    Initialization: User=0.010000s Real=0.009989s Sys=0.010000s [Cpu=200.2%]
         Execution: User=234.470000s Real=236.366839s Sys=0.530000s [Cpu=99.4%]
      Finalization: User=0.000000s Real=0.000004s Sys=0.000000s [Cpu=0.0%]
             Total: User=234.48s Real=236.378s Sys=0.54s
      236.58 real       234.64 user         0.56 sys
