\BOOKMARK [2][]{Outline0.1}{\376\377\000D\000B\000S\000C\000A\000N\000\040\000-\000\040\000T\000s\000E\000m\000D\000N\000A\000P\000h\000y\000s\000i\000c\000s}{}% 1
\BOOKMARK [2][]{Outline0.2}{\376\377\000D\000B\000S\000C\000A\000N\000\040\000-\000\040\000g\0004\000e\000m\000-\000d\000n\000a\000\137\000o\000p\000t\0002}{}% 2
\BOOKMARK [2][]{Outline0.3}{\376\377\000D\000B\000S\000C\000A\000N\000\040\000-\000\040\000g\0004\000e\000m\000-\000d\000n\000a\000\137\000o\000p\000t\0004}{}% 3
\BOOKMARK [2][]{Outline0.4}{\376\377\000D\000B\000S\000C\000A\000N\000\040\000-\000\040\000g\0004\000e\000m\000-\000d\000n\000a\000\137\000o\000p\000t\0006}{}% 4
\BOOKMARK [2][]{Outline0.5}{\376\377\000L\000E\000T\000\040\000I}{}% 5
\BOOKMARK [2][]{Outline0.6}{\376\377\000L\000E\000T\000\040\000I\000I}{}% 6
\BOOKMARK [2][]{Outline0.7}{\376\377\000F\000r\000i\000c\000k\000e\000:\000\040\000I\000R\000T}{}% 7
\BOOKMARK [2][]{Outline0.8}{\376\377\000G\000-\000v\000a\000l\000u\000e\000:\000\040\000s\000t\000e\000p\000-\000b\000y\000-\000s\000t\000e\000p}{}% 8
\BOOKMARK [2][]{Outline0.9}{\376\377\000G\000-\000v\000a\000l\000u\000e\000\040\000v\000s\000.\000\040\000L\000E\000T\000:\000\040\000s\000t\000e\000p\000-\000b\000y\000-\000s\000t\000e\000p}{}% 9
\BOOKMARK [2][]{Outline0.10}{\376\377\000G\000-\000v\000a\000l\000u\000e\000:\000\040\000I\000R\000T}{}% 10
\BOOKMARK [2][]{Outline0.11}{\376\377\000G\000-\000v\000a\000l\000u\000e\000\040\000v\000s\000.\000\040\000L\000E\000T\000:\000\040\000I\000R\000T}{}% 11
\BOOKMARK [2][]{Outline0.12}{\376\377\000G\000-\000v\000a\000l\000u\000e\000\040\000o\000f\000\040\000H\0002\000O\0002\000:\000\040\000I\000R\000T}{}% 12
\BOOKMARK [2][]{Outline0.13}{\376\377\000G\000-\000v\000a\000l\000u\000e\000\040\000o\000f\000\040\000H\000:\000\040\000I\000R\000T}{}% 13
\BOOKMARK [2][]{Outline0.14}{\376\377\000G\000-\000v\000a\000l\000u\000e\000\040\000a\000n\000d\000\040\000T\000e\000m\000p\000e\000r\000a\000t\000u\000r\000e\000\040\000I\000:\000\040\000I\000R\000T}{}% 14
\BOOKMARK [2][]{Outline0.15}{\376\377\000G\000-\000v\000a\000l\000u\000e\000\040\000a\000n\000d\000\040\000T\000e\000m\000p\000e\000r\000a\000t\000u\000r\000e\000\040\000I\000I\000:\000\040\000I\000R\000T}{}% 15
\BOOKMARK [2][]{Outline0.16}{\376\377\000N\000a\000n\000o\000d\000o\000s\000i\000m\000e\000t\000r\000y\000\040\000I\000:\000\040\000T\000s\000E\000m\000D\000N\000A\000P\000h\000y\000s\000i\000c\000s\000\040\000a\000n\000d\000\040\000g\0004\000e\000m\000-\000d\000n\000a\000\137\000o\000p\000t\0002}{}% 16
\BOOKMARK [2][]{Outline0.17}{\376\377\000N\000a\000n\000o\000d\000o\000s\000i\000m\000e\000t\000r\000y\000\040\000I\000:\000\040\000g\0004\000e\000m\000-\000d\000n\000a\000\137\000o\000p\000t\0004\000\040\000a\000n\000d\000\040\000g\0004\000e\000m\000-\000d\000n\000a\000\137\000o\000p\000t\0006}{}% 17
\BOOKMARK [2][]{Outline0.18}{\376\377\000N\000a\000n\000o\000d\000o\000s\000i\000m\000e\000t\000r\000y\000\040\000I\000I\000:\000\040\000T\000s\000E\000m\000D\000N\000A\000P\000h\000y\000s\000i\000c\000s\000\040\000a\000n\000d\000\040\000g\0004\000e\000m\000-\000d\000n\000a\000\137\000o\000p\000t\0002}{}% 18
\BOOKMARK [2][]{Outline0.19}{\376\377\000N\000a\000n\000o\000d\000o\000s\000i\000m\000e\000t\000r\000y\000\040\000I\000I\000:\000\040\000g\0004\000e\000m\000-\000d\000n\000a\000\137\000o\000p\000t\0004\000\040\000a\000n\000d\000\040\000g\0004\000e\000m\000-\000d\000n\000a\000\137\000o\000p\000t\0006}{}% 19
\BOOKMARK [2][]{Outline0.20}{\376\377\000N\000a\000n\000o\000d\000o\000s\000i\000m\000e\000t\000r\000y\000\040\000I\000I\000I\000:\000\040\000T\000s\000E\000m\000D\000N\000A\000P\000h\000y\000s\000i\000c\000s}{}% 20
\BOOKMARK [2][]{Outline0.21}{\376\377\000N\000a\000n\000o\000d\000o\000s\000i\000m\000e\000t\000r\000y\000\040\000I\000I\000I\000:\000\040\000g\0004\000e\000m\000-\000d\000n\000a\000\137\000o\000p\000t\0002}{}% 21
\BOOKMARK [2][]{Outline0.22}{\376\377\000N\000a\000n\000o\000d\000o\000s\000i\000m\000e\000t\000r\000y\000\040\000I\000I\000I\000:\000\040\000g\0004\000e\000m\000-\000d\000n\000a\000\137\000o\000p\000t\0004}{}% 22
\BOOKMARK [2][]{Outline0.23}{\376\377\000N\000a\000n\000o\000d\000o\000s\000i\000m\000e\000t\000r\000y\000\040\000I\000I\000I\000:\000\040\000g\0004\000e\000m\000-\000d\000n\000a\000\137\000o\000p\000t\0006}{}% 23
\BOOKMARK [2][]{Outline0.24}{\376\377\000S\000S\000B\000s\000\040\000a\000s\000\040\000a\000\040\000f\000u\000n\000c\000t\000i\000o\000n\000\040\000o\000f\000\040\000D\000M\000S\000O\000:\000\040\000p\000u\000l\000s\000e\000d\000\040\000b\000e\000a\000m}{}% 24
