
Welcome to TOPAS, Tool for Particle Simulation (Version 3.9)
Loading parameters starting from: mainOpt2.txt

Geant4 Data directory has been specified by the
TOPAS_G4_DATA_DIR environment variable as /Applications/GEANT/G4DATA

**************************************************************
 Geant4 version Name: geant4-11-01-patch-03 [MT]   (10-November-2023)
  << in Multi-threaded mode >> 
                       Copyright : Geant4 Collaboration
                      References : NIM A 506 (2003), 250-303
                                 : IEEE-TNS 53 (2006), 270-278
                                 : NIM A 835 (2016), 186-225
                             WWW : http://geant4.org/
**************************************************************

TOPAS is in MT mode, setting number of threads to: 1

TOPAS set the tolerances based on the World size to:
      Surface tolerance = 1e-10 nm, and radial tolerance = 1e-10 nm.
Checking overlaps for volume Target:0 (G4Tubs) ... OK! 

Checking for Unused Components.
These are Components that were never built even though they were at least
partially defined in some parameters. This is not necessarily an error.
It may be an intentional choice to have these Component definitions handy for later use.
To turn off this check, set Ge/CheckForUnusedComponents to False
  No unused components were found.

Visualization verbosity changed to quiet (0)
=======================================================================
======                 Electromagnetic Physics Parameters      ========
=======================================================================
LPM effect enabled                                 1
Enable creation and use of sampling tables         0
Apply cuts on all EM processes                     0
Use combined TransportationWithMsc                 Disabled
Use general process                                0
Enable linear polarisation for gamma               0
Enable photoeffect sampling below K-shell          1
Enable sampling of quantum entanglement            0
X-section factor for integral approach             0.8
Min kinetic energy for tables                      100 eV 
Max kinetic energy for tables                      500 MeV
Number of bins per decade of a table               20
Verbose level                                      1
Verbose level for worker thread                    0
Bremsstrahlung energy threshold above which 
  primary e+- is added to the list of secondary    100 TeV
Bremsstrahlung energy threshold above which primary
  muon/hadron is added to the list of secondary    100 TeV
Lowest triplet kinetic energy                      1 MeV
Enable sampling of gamma linear polarisation       0
5D gamma conversion model type                     0
5D gamma conversion model on isolated ion          0
Livermore data directory                           epics_2017
=======================================================================
======                 Ionisation Parameters                   ========
=======================================================================
Step function for e+-                              (0.2, 0.01 mm)
Step function for muons/hadrons                    (0.1, 0.05 mm)
Step function for light ions                       (0.1, 0.02 mm)
Step function for general ions                     (0.1, 0.001 mm)
Lowest e+e- kinetic energy                         0 eV 
Lowest muon/hadron kinetic energy                  1 keV
Use ICRU90 data                                    1
Fluctuations of dE/dx are enabled                  1
Type of fluctuation model for leptons and hadrons  Universal
Use built-in Birks satuaration                     0
Build CSDA range enabled                           0
Use cut as a final range enabled                   0
Enable angular generator interface                 1
Max kinetic energy for CSDA tables                 1 GeV
Max kinetic energy for NIEL computation            0 eV 
Linear loss limit                                  0.01
Read data from file for e+e- pair production by mu 0
=======================================================================
======                 Multiple Scattering Parameters          ========
=======================================================================
Type of msc step limit algorithm for e+-           2
Type of msc step limit algorithm for muons/hadrons 0
Msc lateral displacement for e+- enabled           1
Msc lateral displacement for muons and hadrons     0
Urban msc model lateral displacement alg96         1
Range factor for msc step limit for e+-            0.08
Range factor for msc step limit for muons/hadrons  0.2
Geometry factor for msc step limitation of e+-     2.5
Safety factor for msc step limit for e+-           0.6
Skin parameter for msc step limitation of e+-      3
Lambda limit for msc step limit for e+-            1 mm
Use Mott correction for e- scattering              1
Factor used for dynamic computation of angular 
  limit between single and multiple scattering     1
Fixed angular limit between single 
  and multiple scattering                          3.1416 rad
Upper energy limit for e+- multiple scattering     100 MeV
Type of electron single scattering model           0
Type of nuclear form-factor                        1
Screening factor                                   1
=======================================================================
======                 Atomic Deexcitation Parameters          ========
=======================================================================
Fluorescence enabled                               1
Directory in G4LEDATA for fluorescence data files  fluor
Auger electron cascade enabled                     1
PIXE atomic de-excitation enabled                  0
De-excitation module ignores cuts                  1
Type of PIXE cross section for hadrons             Empirical
Type of PIXE cross section for e+-                 Livermore
=======================================================================
======                 DNA Physics Parameters                  ========
=======================================================================
Use fast sampling in DNA models                    1
Use Stationary option in DNA models                0
Use DNA with multiple scattering of e-             0
Use DNA e- solvation model type                    11003
=======================================================================

### ===  Deexcitation model UAtomDeexcitation is activated for 1 region:
          DefaultRegionForTheWorld  1  1  0
### ===  Auger flag: 1
### ===  Ignore cuts flag:   1

phot:  for gamma SubType=12 BuildTable=0
      LambdaPrime table from 200 keV to 500 MeV in 71 bins 
      ===== EM models for the G4Region  DefaultRegionForTheWorld ======
 LivermorePhElectric : Emin=    0 eV  Emax=  500 MeV  SauterGavrila Fluo

compt:  for gamma SubType=13 BuildTable=1
      Lambda table from 100 eV  to 1 MeV, 21 bins/decade, spline: 1
      LambdaPrime table from 1 MeV to 500 MeV in 56 bins 
      ===== EM models for the G4Region  DefaultRegionForTheWorld ======
   LowEPComptonModel : Emin=    0 eV  Emax=   20 MeV Fluo
        KleinNishina : Emin=   20 MeV Emax=  500 MeV Fluo

conv:  for gamma SubType=14 BuildTable=1
      Lambda table from 1.022 MeV to 500 MeV, 33 bins/decade, spline: 1
      ===== EM models for the G4Region  DefaultRegionForTheWorld ======
     BetheHeitlerLPM : Emin=    0 eV  Emax=  500 MeV  ModifiedTsai

Rayl:  for gamma SubType=11 BuildTable=1
      Lambda table from 100 eV  to 150 keV, 21 bins/decade, spline: 0
      LambdaPrime table from 150 keV to 500 MeV in 74 bins 
      ===== EM models for the G4Region  DefaultRegionForTheWorld ======
   LivermoreRayleigh : Emin=    0 eV  Emax=  500 MeV  CullenGenerator

msc:  for e-  SubType= 10
      ===== EM models for the G4Region  DefaultRegionForTheWorld ======
  GoudsmitSaunderson : Emin=    1 MeV Emax=  500 MeV Nbins=60   1 MeV - 500 MeV
          StepLim=SafetyPlus Rfact=0.08 Gfact=2.5 Sfact=0.6 DispFlag:1 Skin=3 Llim=1 mm

eIoni:  for e-  XStype:1  SubType=2
      dE/dx and range tables from 100 eV  to 500 MeV in 140 bins
      Lambda tables from threshold to 500 MeV, 20 bins/decade, spline: 1
      StepFunction=(0.2, 0.01 mm), integ: 1, fluct: 1, linLossLim= 0.01
      ===== EM models for the G4Region  DefaultRegionForTheWorld ======
        MollerBhabha : Emin=    1 MeV Emax=  500 MeV  deltaVI

eBrem:  for e-  XStype:4  SubType=3
      dE/dx and range tables from 100 eV  to 500 MeV in 140 bins
      Lambda tables from threshold to 500 MeV, 20 bins/decade, spline: 1
      LPM flag: 1 for E > 0.5 GeV,  VertexHighEnergyTh(GeV)= 100000
      ===== EM models for the G4Region  DefaultRegionForTheWorld ======
             eBremSB : Emin=    1 MeV Emax=  500 MeV  AngularGen2BS

e-_G4DNAElectronSolvation:  for e- SubType=58 BuildTable=0
      ===== EM models for the G4Region  DefaultRegionForTheWorld ======
DNAOneStepThermalizationModel_Meesungnoen2002 : Emin=    0 eV  Emax=  7.4 eV 
          DummyModel : Emin=  7.4 eV  Emax=  500 MeV
          StepLim=UseSafety Rfact=0.04 Gfact=2.5 Sfact=0.6 DispFlag:1 Skin=1 Llim=1 mm

e-_G4DNAElastic:  for e- SubType=51 BuildTable=0
      ===== EM models for the G4Region  DefaultRegionForTheWorld ======
DNAChampionElasticModel : Emin=    0 eV  Emax=    1 MeV
          DummyModel : Emin=    1 MeV Emax=  500 MeV
          StepLim=UseSafety Rfact=0.04 Gfact=2.5 Sfact=0.6 DispFlag:1 Skin=1 Llim=1 mm

e-_G4DNAExcitation:  for e- SubType=52 BuildTable=0
      ===== EM models for the G4Region  DefaultRegionForTheWorld ======
DNABornExcitationModel : Emin=    0 eV  Emax=    1 MeV
          DummyModel : Emin=    1 MeV Emax=  500 MeV
          StepLim=UseSafety Rfact=0.04 Gfact=2.5 Sfact=0.6 DispFlag:1 Skin=1 Llim=1 mm

e-_G4DNAIonisation:  for e- SubType=53 BuildTable=0
      ===== EM models for the G4Region  DefaultRegionForTheWorld ======
DNABornIonisationModel : Emin=    0 eV  Emax=    1 MeV  deltaBorn Fluo
          DummyModel : Emin=    1 MeV Emax=  500 MeV
          StepLim=UseSafety Rfact=0.04 Gfact=2.5 Sfact=0.6 DispFlag:1 Skin=1 Llim=1 mm

e-_G4DNAVibExcitation:  for e- SubType=54 BuildTable=0
      ===== EM models for the G4Region  DefaultRegionForTheWorld ======
DNASancheExcitationModel : Emin=    0 eV  Emax=  100 eV 
          DummyModel : Emin=  100 eV  Emax=  500 MeV
          StepLim=UseSafety Rfact=0.04 Gfact=2.5 Sfact=0.6 DispFlag:1 Skin=1 Llim=1 mm

e-_G4DNAAttachment:  for e- SubType=55 BuildTable=0
      ===== EM models for the G4Region  DefaultRegionForTheWorld ======
DNAMeltonAttachmentModel : Emin=    0 eV  Emax=   13 eV 
          DummyModel : Emin=   13 eV  Emax=  500 MeV
          StepLim=UseSafety Rfact=0.04 Gfact=2.5 Sfact=0.6 DispFlag:1 Skin=1 Llim=1 mm

msc:  for e+  SubType= 10
      ===== EM models for the G4Region  DefaultRegionForTheWorld ======
  GoudsmitSaunderson : Emin=    0 eV  Emax=  500 MeV Nbins=140 100 eV  - 500 MeV
          StepLim=SafetyPlus Rfact=0.08 Gfact=2.5 Sfact=0.6 DispFlag:1 Skin=3 Llim=1 mm

eIoni:  for e+  XStype:3  SubType=2
      dE/dx and range tables from 100 eV  to 500 MeV in 140 bins
      Lambda tables from threshold to 500 MeV, 20 bins/decade, spline: 1
      StepFunction=(0.2, 0.01 mm), integ: 3, fluct: 1, linLossLim= 0.01
      ===== EM models for the G4Region  DefaultRegionForTheWorld ======
        MollerBhabha : Emin=    0 eV  Emax=  500 MeV  deltaVI

eBrem:  for e+  XStype:4  SubType=3
      dE/dx and range tables from 100 eV  to 500 MeV in 140 bins
      Lambda tables from threshold to 500 MeV, 20 bins/decade, spline: 1
      LPM flag: 1 for E > 0.5 GeV,  VertexHighEnergyTh(GeV)= 100000
      ===== EM models for the G4Region  DefaultRegionForTheWorld ======
             eBremSB : Emin=    0 eV  Emax=  500 MeV  AngularGen2BS

annihil:  for e+ XStype:2 SubType=5 BuildTable=0
      ===== EM models for the G4Region  DefaultRegionForTheWorld ======
            eplus2gg : Emin=    0 eV  Emax=  500 MeV

msc:  for proton  SubType= 10
      ===== EM models for the G4Region  DefaultRegionForTheWorld ======
            UrbanMsc : Emin=    1 MeV Emax=  500 MeV Nbins=60   1 MeV - 500 MeV
          StepLim=Minimal Rfact=0.2 Gfact=2.5 Sfact=0.6 DispFlag:0 Skin=3 Llim=1 mm

hIoni:  for proton  XStype:3  SubType=2
      dE/dx and range tables from 100 eV  to 500 MeV in 140 bins
      Lambda tables from threshold to 500 MeV, 20 bins/decade, spline: 1
      StepFunction=(0.1, 0.05 mm), integ: 3, fluct: 1, linLossLim= 0.01
      ===== EM models for the G4Region  DefaultRegionForTheWorld ======
          BetheBloch : Emin=  300 MeV Emax=  500 MeV  deltaVI

proton_G4DNAElastic:  for proton SubType=51 BuildTable=0
      ===== EM models for the G4Region  DefaultRegionForTheWorld ======
  DNAIonElasticModel : Emin=    0 eV  Emax=    1 MeV
          DummyModel : Emin=    1 MeV Emax=  500 MeV
          StepLim=UseSafety Rfact=0.04 Gfact=2.5 Sfact=0.6 DispFlag:1 Skin=1 Llim=1 mm

proton_G4DNAExcitation:  for proton SubType=52 BuildTable=0
      ===== EM models for the G4Region  DefaultRegionForTheWorld ======
DNAMillerGreenExcitationModel : Emin=    0 eV  Emax=  500 keV
DNABornExcitationModel : Emin=  500 keV Emax=  100 MeV
DNARPWBAExcitationModel : Emin=  100 MeV Emax=  300 MeV
          DummyModel : Emin=  300 MeV Emax=  500 MeV
          StepLim=UseSafety Rfact=0.04 Gfact=2.5 Sfact=0.6 DispFlag:1 Skin=1 Llim=1 mm

proton_G4DNAIonisation:  for proton SubType=53 BuildTable=0
      ===== EM models for the G4Region  DefaultRegionForTheWorld ======
DNARuddIonisationExtendedModel : Emin=    0 eV  Emax=  500 keV  deltaRudd Fluo
DNABornIonisationModel : Emin=  500 keV Emax=  100 MeV  deltaBorn Fluo
DNARPWBAIonisationModel : Emin=  100 MeV Emax=  300 MeV  deltaBorn Fluo
          DummyModel : Emin=  300 MeV Emax=  500 MeV
          StepLim=UseSafety Rfact=0.04 Gfact=2.5 Sfact=0.6 DispFlag:1 Skin=1 Llim=1 mm

proton_G4DNAChargeDecrease:  for proton SubType=56 BuildTable=0
      ===== EM models for the G4Region  DefaultRegionForTheWorld ======
DNADingfelderChargeDecreaseModel : Emin=    0 eV  Emax=  500 MeV

msc:  for GenericIon  SubType= 10
      ===== EM models for the G4Region  DefaultRegionForTheWorld ======
            UrbanMsc : Emin=    1 MeV Emax=  500 MeV
          StepLim=Minimal Rfact=0.2 Gfact=2.5 Sfact=0.6 DispFlag:0 Skin=3 Llim=1 mm

ionIoni:  for GenericIon  XStype:3  SubType=2
      dE/dx and range tables from 100 eV  to 500 MeV in 140 bins
      Lambda tables from threshold to 500 MeV, 20 bins/decade, spline: 1
      StepFunction=(0.1, 0.001 mm), integ: 3, fluct: 1, linLossLim= 0.02
      Stopping Power data for 17 ion/material pairs
      ===== EM models for the G4Region  DefaultRegionForTheWorld ======
          BetheBloch : Emin=  300 MeV Emax=  500 MeV  deltaVI

GenericIon_G4DNAIonisation:  for GenericIon SubType=53 BuildTable=0
      ===== EM models for the G4Region  DefaultRegionForTheWorld ======
DNARuddIonisationExtendedModel : Emin=    0 eV  Emax=  300 MeV  deltaRudd Fluo
          DummyModel : Emin=  300 MeV Emax=  500 MeV
          StepLim=UseSafety Rfact=0.04 Gfact=2.5 Sfact=0.6 DispFlag:1 Skin=1 Llim=1 mm

msc:  for alpha  SubType= 10
      ===== EM models for the G4Region  DefaultRegionForTheWorld ======
            UrbanMsc : Emin=    1 MeV Emax=  500 MeV
          StepLim=Minimal Rfact=0.2 Gfact=2.5 Sfact=0.6 DispFlag:0 Skin=3 Llim=1 mm

ionIoni:  for alpha  XStype:3  SubType=2
      dE/dx and range tables from 100 eV  to 500 MeV in 140 bins
      Lambda tables from threshold to 500 MeV, 20 bins/decade, spline: 1
      StepFunction=(0.1, 0.02 mm), integ: 3, fluct: 1, linLossLim= 0.02
      ===== EM models for the G4Region  DefaultRegionForTheWorld ======
          BetheBloch : Emin=  300 MeV Emax=  500 MeV  deltaVI

alpha_G4DNAElastic:  for alpha SubType=51 BuildTable=0
      ===== EM models for the G4Region  DefaultRegionForTheWorld ======
  DNAIonElasticModel : Emin=    0 eV  Emax=    1 MeV
          DummyModel : Emin=    1 MeV Emax=  500 MeV
          StepLim=UseSafety Rfact=0.04 Gfact=2.5 Sfact=0.6 DispFlag:1 Skin=1 Llim=1 mm

alpha_G4DNAExcitation:  for alpha SubType=52 BuildTable=0
      ===== EM models for the G4Region  DefaultRegionForTheWorld ======
DNAMillerGreenExcitationModel : Emin=    0 eV  Emax=  300 MeV
          DummyModel : Emin=  300 MeV Emax=  500 MeV
          StepLim=UseSafety Rfact=0.04 Gfact=2.5 Sfact=0.6 DispFlag:1 Skin=1 Llim=1 mm

alpha_G4DNAIonisation:  for alpha SubType=53 BuildTable=0
      ===== EM models for the G4Region  DefaultRegionForTheWorld ======
DNARuddIonisationExtendedModel : Emin=    0 eV  Emax=  300 MeV  deltaRudd Fluo
          DummyModel : Emin=  300 MeV Emax=  500 MeV
          StepLim=UseSafety Rfact=0.04 Gfact=2.5 Sfact=0.6 DispFlag:1 Skin=1 Llim=1 mm

alpha_G4DNAChargeDecrease:  for alpha SubType=56 BuildTable=0
      ===== EM models for the G4Region  DefaultRegionForTheWorld ======
DNADingfelderChargeDecreaseModel : Emin=    0 eV  Emax=  500 MeV

msc:  for alpha+  SubType= 10
      ===== EM models for the G4Region  DefaultRegionForTheWorld ======
            UrbanMsc : Emin=    1 MeV Emax=  500 MeV
          StepLim=Minimal Rfact=0.2 Gfact=2.5 Sfact=0.6 DispFlag:0 Skin=3 Llim=1 mm

hIoni:  for alpha+  XStype:3  SubType=2
      dE/dx and range tables from 100 eV  to 500 MeV in 140 bins
      Lambda tables from threshold to 500 MeV, 20 bins/decade, spline: 1
      StepFunction=(0.1, 0.05 mm), integ: 3, fluct: 1, linLossLim= 0.01
      ===== EM models for the G4Region  DefaultRegionForTheWorld ======
          BetheBloch : Emin=  300 MeV Emax=  500 MeV  deltaVI

alpha+_G4DNAElastic:  for alpha+ SubType=51 BuildTable=0
      ===== EM models for the G4Region  DefaultRegionForTheWorld ======
  DNAIonElasticModel : Emin=    0 eV  Emax=    1 MeV
          DummyModel : Emin=    1 MeV Emax=  500 MeV
          StepLim=UseSafety Rfact=0.04 Gfact=2.5 Sfact=0.6 DispFlag:1 Skin=1 Llim=1 mm

alpha+_G4DNAExcitation:  for alpha+ SubType=52 BuildTable=0
      ===== EM models for the G4Region  DefaultRegionForTheWorld ======
DNAMillerGreenExcitationModel : Emin=    0 eV  Emax=  300 MeV
          DummyModel : Emin=  300 MeV Emax=  500 MeV
          StepLim=UseSafety Rfact=0.04 Gfact=2.5 Sfact=0.6 DispFlag:1 Skin=1 Llim=1 mm

alpha+_G4DNAIonisation:  for alpha+ SubType=53 BuildTable=0
      ===== EM models for the G4Region  DefaultRegionForTheWorld ======
DNARuddIonisationExtendedModel : Emin=    0 eV  Emax=  300 MeV  deltaRudd Fluo
          DummyModel : Emin=  300 MeV Emax=  500 MeV
          StepLim=UseSafety Rfact=0.04 Gfact=2.5 Sfact=0.6 DispFlag:1 Skin=1 Llim=1 mm

alpha+_G4DNAChargeIncrease:  for alpha+ SubType=57 BuildTable=0
      ===== EM models for the G4Region  DefaultRegionForTheWorld ======
DNADingfelderChargeIncreaseModel : Emin=    0 eV  Emax=  500 MeV

alpha+_G4DNAChargeDecrease:  for alpha+ SubType=56 BuildTable=0
      ===== EM models for the G4Region  DefaultRegionForTheWorld ======
DNADingfelderChargeDecreaseModel : Emin=    0 eV  Emax=  500 MeV

msc:  for anti_proton  SubType= 10
      ===== EM models for the G4Region  DefaultRegionForTheWorld ======
        WentzelVIUni : Emin=    0 eV  Emax=  500 MeV
          StepLim=Minimal Rfact=0.2 Gfact=2.5 Sfact=0.6 DispFlag:0 Skin=3 Llim=1 mm

hIoni:  for anti_proton  XStype:3  SubType=2
      dE/dx and range tables from 100 eV  to 500 MeV in 140 bins
      Lambda tables from threshold to 500 MeV, 20 bins/decade, spline: 1
      StepFunction=(0.1, 0.05 mm), integ: 3, fluct: 1, linLossLim= 0.01
      ===== EM models for the G4Region  DefaultRegionForTheWorld ======
            ICRU73QO : Emin=    0 eV  Emax=    2 MeV  deltaVI
          BetheBloch : Emin=    2 MeV Emax=  500 MeV  deltaVI

helium_G4DNAElastic:  for helium SubType=51 BuildTable=0
      ===== EM models for the G4Region  DefaultRegionForTheWorld ======
  DNAIonElasticModel : Emin=    0 eV  Emax=    1 MeV
          DummyModel : Emin=    1 MeV Emax=  500 MeV
          StepLim=UseSafety Rfact=0.04 Gfact=2.5 Sfact=0.6 DispFlag:1 Skin=1 Llim=1 mm

helium_G4DNAExcitation:  for helium SubType=52 BuildTable=0
      ===== EM models for the G4Region  DefaultRegionForTheWorld ======
DNAMillerGreenExcitationModel : Emin=    0 eV  Emax=  300 MeV
          DummyModel : Emin=  300 MeV Emax=  500 MeV
          StepLim=UseSafety Rfact=0.04 Gfact=2.5 Sfact=0.6 DispFlag:1 Skin=1 Llim=1 mm

helium_G4DNAIonisation:  for helium SubType=53 BuildTable=0
      ===== EM models for the G4Region  DefaultRegionForTheWorld ======
DNARuddIonisationExtendedModel : Emin=    0 eV  Emax=  300 MeV  deltaRudd Fluo
          DummyModel : Emin=  300 MeV Emax=  500 MeV
          StepLim=UseSafety Rfact=0.04 Gfact=2.5 Sfact=0.6 DispFlag:1 Skin=1 Llim=1 mm

helium_G4DNAChargeIncrease:  for helium SubType=57 BuildTable=0
      ===== EM models for the G4Region  DefaultRegionForTheWorld ======
DNADingfelderChargeIncreaseModel : Emin=    0 eV  Emax=  500 MeV

hydrogen_G4DNAElastic:  for hydrogen SubType=51 BuildTable=0
      ===== EM models for the G4Region  DefaultRegionForTheWorld ======
  DNAIonElasticModel : Emin=    0 eV  Emax=    1 MeV
          DummyModel : Emin=    1 MeV Emax=  500 MeV
          StepLim=UseSafety Rfact=0.04 Gfact=2.5 Sfact=0.6 DispFlag:1 Skin=1 Llim=1 mm

hydrogen_G4DNAExcitation:  for hydrogen SubType=52 BuildTable=0
      ===== EM models for the G4Region  DefaultRegionForTheWorld ======
DNAMillerGreenExcitationModel : Emin=    0 eV  Emax=  300 MeV
          DummyModel : Emin=  300 MeV Emax=  500 MeV
          StepLim=UseSafety Rfact=0.04 Gfact=2.5 Sfact=0.6 DispFlag:1 Skin=1 Llim=1 mm

hydrogen_G4DNAIonisation:  for hydrogen SubType=53 BuildTable=0
      ===== EM models for the G4Region  DefaultRegionForTheWorld ======
DNARuddIonisationExtendedModel : Emin=    0 eV  Emax=  300 MeV  deltaRudd Fluo
          DummyModel : Emin=  300 MeV Emax=  500 MeV
          StepLim=UseSafety Rfact=0.04 Gfact=2.5 Sfact=0.6 DispFlag:1 Skin=1 Llim=1 mm

hydrogen_G4DNAChargeIncrease:  for hydrogen SubType=57 BuildTable=0
      ===== EM models for the G4Region  DefaultRegionForTheWorld ======
DNADingfelderChargeIncreaseModel : Emin=    0 eV  Emax=  500 MeV

msc:  for kaon+  SubType= 10
      ===== EM models for the G4Region  DefaultRegionForTheWorld ======
        WentzelVIUni : Emin=    0 eV  Emax=  500 MeV
          StepLim=Minimal Rfact=0.2 Gfact=2.5 Sfact=0.6 DispFlag:0 Skin=3 Llim=1 mm

hIoni:  for kaon+  XStype:3  SubType=2
      dE/dx and range tables from 100 eV  to 500 MeV in 140 bins
      Lambda tables from threshold to 500 MeV, 20 bins/decade, spline: 1
      StepFunction=(0.1, 0.05 mm), integ: 3, fluct: 1, linLossLim= 0.01
      ===== EM models for the G4Region  DefaultRegionForTheWorld ======
               Bragg : Emin=    0 eV  Emax=1.05231 MeV  deltaVI
          BetheBloch : Emin=1.05231 MeV Emax=  500 MeV  deltaVI

msc:  for kaon-  SubType= 10
      ===== EM models for the G4Region  DefaultRegionForTheWorld ======
        WentzelVIUni : Emin=    0 eV  Emax=  500 MeV
          StepLim=Minimal Rfact=0.2 Gfact=2.5 Sfact=0.6 DispFlag:0 Skin=3 Llim=1 mm

hIoni:  for kaon-  XStype:3  SubType=2
      dE/dx and range tables from 100 eV  to 500 MeV in 140 bins
      Lambda tables from threshold to 500 MeV, 20 bins/decade, spline: 1
      StepFunction=(0.1, 0.05 mm), integ: 3, fluct: 1, linLossLim= 0.01
      ===== EM models for the G4Region  DefaultRegionForTheWorld ======
            ICRU73QO : Emin=    0 eV  Emax=1.05231 MeV  deltaVI
          BetheBloch : Emin=1.05231 MeV Emax=  500 MeV  deltaVI

msc:  for mu+  SubType= 10
      ===== EM models for the G4Region  DefaultRegionForTheWorld ======
        WentzelVIUni : Emin=    0 eV  Emax=  500 MeV
          StepLim=Minimal Rfact=0.2 Gfact=2.5 Sfact=0.6 DispFlag:0 Skin=3 Llim=1 mm

hIoni:  for mu+  XStype:3  SubType=2
      dE/dx and range tables from 100 eV  to 500 MeV in 140 bins
      Lambda tables from threshold to 500 MeV, 20 bins/decade, spline: 1
      StepFunction=(0.1, 0.05 mm), integ: 3, fluct: 1, linLossLim= 0.01
      ===== EM models for the G4Region  DefaultRegionForTheWorld ======
               Bragg : Emin=    0 eV  Emax=225.219 keV  deltaVI
          BetheBloch : Emin=225.219 keV Emax=  500 MeV  deltaVI

msc:  for mu-  SubType= 10
      ===== EM models for the G4Region  DefaultRegionForTheWorld ======
        WentzelVIUni : Emin=    0 eV  Emax=  500 MeV
          StepLim=Minimal Rfact=0.2 Gfact=2.5 Sfact=0.6 DispFlag:0 Skin=3 Llim=1 mm

hIoni:  for mu-  XStype:3  SubType=2
      dE/dx and range tables from 100 eV  to 500 MeV in 140 bins
      Lambda tables from threshold to 500 MeV, 20 bins/decade, spline: 1
      StepFunction=(0.1, 0.05 mm), integ: 3, fluct: 1, linLossLim= 0.01
      ===== EM models for the G4Region  DefaultRegionForTheWorld ======
            ICRU73QO : Emin=    0 eV  Emax=225.219 keV  deltaVI
          BetheBloch : Emin=225.219 keV Emax=  500 MeV  deltaVI

msc:  for pi+  SubType= 10
      ===== EM models for the G4Region  DefaultRegionForTheWorld ======
        WentzelVIUni : Emin=    0 eV  Emax=  500 MeV
          StepLim=Minimal Rfact=0.2 Gfact=2.5 Sfact=0.6 DispFlag:0 Skin=3 Llim=1 mm

hIoni:  for pi+  XStype:3  SubType=2
      dE/dx and range tables from 100 eV  to 500 MeV in 140 bins
      Lambda tables from threshold to 500 MeV, 20 bins/decade, spline: 1
      StepFunction=(0.1, 0.05 mm), integ: 3, fluct: 1, linLossLim= 0.01
      ===== EM models for the G4Region  DefaultRegionForTheWorld ======
               Bragg : Emin=    0 eV  Emax=297.505 keV  deltaVI
          BetheBloch : Emin=297.505 keV Emax=  500 MeV  deltaVI

msc:  for pi-  SubType= 10
      ===== EM models for the G4Region  DefaultRegionForTheWorld ======
        WentzelVIUni : Emin=    0 eV  Emax=  500 MeV
          StepLim=Minimal Rfact=0.2 Gfact=2.5 Sfact=0.6 DispFlag:0 Skin=3 Llim=1 mm

hIoni:  for pi-  XStype:3  SubType=2
      dE/dx and range tables from 100 eV  to 500 MeV in 140 bins
      Lambda tables from threshold to 500 MeV, 20 bins/decade, spline: 1
      StepFunction=(0.1, 0.05 mm), integ: 3, fluct: 1, linLossLim= 0.01
      ===== EM models for the G4Region  DefaultRegionForTheWorld ======
            ICRU73QO : Emin=    0 eV  Emax=297.505 keV  deltaVI
          BetheBloch : Emin=297.505 keV Emax=  500 MeV  deltaVI
G4WT0 > Begin processing for Run: 0, History: 0

Scorer: ID
Header   has been written to file: ID_Run_0000.header
Contents has been written to file: ID_Run_0000.phsp
Scored in component: Target
G4WT0 > Begin processing for Run: 1, History: 0

Scorer: ID
Header   has been written to file: ID_Run_0001.header
Contents has been written to file: ID_Run_0001.phsp
Scored in component: Target
G4WT0 > Begin processing for Run: 2, History: 0

Scorer: ID
Header   has been written to file: ID_Run_0002.header
Contents has been written to file: ID_Run_0002.phsp
Scored in component: Target
G4WT0 > Begin processing for Run: 3, History: 0

Scorer: ID
Header   has been written to file: ID_Run_0003.header
Contents has been written to file: ID_Run_0003.phsp
Scored in component: Target
G4WT0 > Begin processing for Run: 4, History: 0

Scorer: ID
Header   has been written to file: ID_Run_0004.header
Contents has been written to file: ID_Run_0004.phsp
Scored in component: Target
G4WT0 > Begin processing for Run: 5, History: 0

Scorer: ID
Header   has been written to file: ID_Run_0005.header
Contents has been written to file: ID_Run_0005.phsp
Scored in component: Target
G4WT0 > Begin processing for Run: 6, History: 0

Scorer: ID
Header   has been written to file: ID_Run_0006.header
Contents has been written to file: ID_Run_0006.phsp
Scored in component: Target
G4WT0 > Begin processing for Run: 7, History: 0

Scorer: ID
Header   has been written to file: ID_Run_0007.header
Contents has been written to file: ID_Run_0007.phsp
Scored in component: Target
G4WT0 > Begin processing for Run: 8, History: 0

Scorer: ID
Header   has been written to file: ID_Run_0008.header
Contents has been written to file: ID_Run_0008.phsp
Scored in component: Target
G4WT0 > Begin processing for Run: 9, History: 0
G4WT0 > Begin processing for Run: 9, History: 10000
G4WT0 > Begin processing for Run: 9, History: 20000
G4WT0 > Begin processing for Run: 9, History: 30000
G4WT0 > Begin processing for Run: 9, History: 40000
G4WT0 > Begin processing for Run: 9, History: 50000
G4WT0 > Begin processing for Run: 9, History: 60000
G4WT0 > Begin processing for Run: 9, History: 70000
G4WT0 > Begin processing for Run: 9, History: 80000
G4WT0 > Begin processing for Run: 9, History: 90000

Scorer: ID
Header   has been written to file: ID_Run_0009.header
Contents has been written to file: ID_Run_0009.phsp
Scored in component: Target
G4WT0 > Begin processing for Run: 10, History: 0
G4WT0 > Begin processing for Run: 10, History: 10000
G4WT0 > Begin processing for Run: 10, History: 20000
G4WT0 > Begin processing for Run: 10, History: 30000
G4WT0 > Begin processing for Run: 10, History: 40000
G4WT0 > Begin processing for Run: 10, History: 50000
G4WT0 > Begin processing for Run: 10, History: 60000
G4WT0 > Begin processing for Run: 10, History: 70000
G4WT0 > Begin processing for Run: 10, History: 80000
G4WT0 > Begin processing for Run: 10, History: 90000

Scorer: ID
Header   has been written to file: ID_Run_0010.header
Contents has been written to file: ID_Run_0010.phsp
Scored in component: Target
G4WT0 > Begin processing for Run: 11, History: 0
G4WT0 > Begin processing for Run: 11, History: 10000
G4WT0 > Begin processing for Run: 11, History: 20000
G4WT0 > Begin processing for Run: 11, History: 30000
G4WT0 > Begin processing for Run: 11, History: 40000
G4WT0 > Begin processing for Run: 11, History: 50000
G4WT0 > Begin processing for Run: 11, History: 60000
G4WT0 > Begin processing for Run: 11, History: 70000
G4WT0 > Begin processing for Run: 11, History: 80000
G4WT0 > Begin processing for Run: 11, History: 90000

Scorer: ID
Header   has been written to file: ID_Run_0011.header
Contents has been written to file: ID_Run_0011.phsp
Scored in component: Target
G4WT0 > Begin processing for Run: 12, History: 0
G4WT0 > Begin processing for Run: 12, History: 10000
G4WT0 > Begin processing for Run: 12, History: 20000
G4WT0 > Begin processing for Run: 12, History: 30000
G4WT0 > Begin processing for Run: 12, History: 40000
G4WT0 > Begin processing for Run: 12, History: 50000
G4WT0 > Begin processing for Run: 12, History: 60000
G4WT0 > Begin processing for Run: 12, History: 70000
G4WT0 > Begin processing for Run: 12, History: 80000
G4WT0 > Begin processing for Run: 12, History: 90000

Scorer: ID
Header   has been written to file: ID_Run_0012.header
Contents has been written to file: ID_Run_0012.phsp
Scored in component: Target
G4WT0 > Begin processing for Run: 13, History: 0
G4WT0 > Begin processing for Run: 13, History: 10000
G4WT0 > Begin processing for Run: 13, History: 20000
G4WT0 > Begin processing for Run: 13, History: 30000
G4WT0 > Begin processing for Run: 13, History: 40000
G4WT0 > Begin processing for Run: 13, History: 50000
G4WT0 > Begin processing for Run: 13, History: 60000
G4WT0 > Begin processing for Run: 13, History: 70000
G4WT0 > Begin processing for Run: 13, History: 80000
G4WT0 > Begin processing for Run: 13, History: 90000

Scorer: ID
Header   has been written to file: ID_Run_0013.header
Contents has been written to file: ID_Run_0013.phsp
Scored in component: Target
G4WT0 > Begin processing for Run: 14, History: 0
G4WT0 > Begin processing for Run: 14, History: 10000
G4WT0 > Begin processing for Run: 14, History: 20000
G4WT0 > Begin processing for Run: 14, History: 30000
G4WT0 > Begin processing for Run: 14, History: 40000
G4WT0 > Begin processing for Run: 14, History: 50000
G4WT0 > Begin processing for Run: 14, History: 60000
G4WT0 > Begin processing for Run: 14, History: 70000
G4WT0 > Begin processing for Run: 14, History: 80000
G4WT0 > Begin processing for Run: 14, History: 90000

Scorer: ID
Header   has been written to file: ID_Run_0014.header
Contents has been written to file: ID_Run_0014.phsp
Scored in component: Target
G4WT0 > Begin processing for Run: 15, History: 0
G4WT0 > Begin processing for Run: 15, History: 10000
G4WT0 > Begin processing for Run: 15, History: 20000
G4WT0 > Begin processing for Run: 15, History: 30000
G4WT0 > Begin processing for Run: 15, History: 40000
G4WT0 > Begin processing for Run: 15, History: 50000
G4WT0 > Begin processing for Run: 15, History: 60000
G4WT0 > Begin processing for Run: 15, History: 70000
G4WT0 > Begin processing for Run: 15, History: 80000
G4WT0 > Begin processing for Run: 15, History: 90000

Scorer: ID
Header   has been written to file: ID_Run_0015.header
Contents has been written to file: ID_Run_0015.phsp
Scored in component: Target
G4WT0 > Begin processing for Run: 16, History: 0
G4WT0 > Begin processing for Run: 16, History: 10000
G4WT0 > Begin processing for Run: 16, History: 20000
G4WT0 > Begin processing for Run: 16, History: 30000
G4WT0 > Begin processing for Run: 16, History: 40000
G4WT0 > Begin processing for Run: 16, History: 50000
G4WT0 > Begin processing for Run: 16, History: 60000
G4WT0 > Begin processing for Run: 16, History: 70000
G4WT0 > Begin processing for Run: 16, History: 80000
G4WT0 > Begin processing for Run: 16, History: 90000

Scorer: ID
Header   has been written to file: ID_Run_0016.header
Contents has been written to file: ID_Run_0016.phsp
Scored in component: Target
G4WT0 > Begin processing for Run: 17, History: 0
G4WT0 > Begin processing for Run: 17, History: 10000
G4WT0 > Begin processing for Run: 17, History: 20000
G4WT0 > Begin processing for Run: 17, History: 30000
G4WT0 > Begin processing for Run: 17, History: 40000
G4WT0 > Begin processing for Run: 17, History: 50000
G4WT0 > Begin processing for Run: 17, History: 60000
G4WT0 > Begin processing for Run: 17, History: 70000
G4WT0 > Begin processing for Run: 17, History: 80000
G4WT0 > Begin processing for Run: 17, History: 90000

Scorer: ID
Header   has been written to file: ID_Run_0017.header
Contents has been written to file: ID_Run_0017.phsp
Scored in component: Target
G4WT0 > Begin processing for Run: 18, History: 0
G4WT0 > Begin processing for Run: 18, History: 10000
G4WT0 > Begin processing for Run: 18, History: 20000
G4WT0 > Begin processing for Run: 18, History: 30000
G4WT0 > Begin processing for Run: 18, History: 40000
G4WT0 > Begin processing for Run: 18, History: 50000
G4WT0 > Begin processing for Run: 18, History: 60000
G4WT0 > Begin processing for Run: 18, History: 70000
G4WT0 > Begin processing for Run: 18, History: 80000
G4WT0 > Begin processing for Run: 18, History: 90000

Scorer: ID
Header   has been written to file: ID_Run_0018.header
Contents has been written to file: ID_Run_0018.phsp
Scored in component: Target
G4WT0 > Begin processing for Run: 19, History: 0
G4WT0 > Begin processing for Run: 19, History: 10000
G4WT0 > Begin processing for Run: 19, History: 20000
G4WT0 > Begin processing for Run: 19, History: 30000
G4WT0 > Begin processing for Run: 19, History: 40000
G4WT0 > Begin processing for Run: 19, History: 50000
G4WT0 > Begin processing for Run: 19, History: 60000
G4WT0 > Begin processing for Run: 19, History: 70000
G4WT0 > Begin processing for Run: 19, History: 80000
G4WT0 > Begin processing for Run: 19, History: 90000

Scorer: ID
Header   has been written to file: ID_Run_0019.header
Contents has been written to file: ID_Run_0019.phsp
Scored in component: Target
G4WT0 > Begin processing for Run: 20, History: 0

Scorer: ID
Header   has been written to file: ID_Run_0020.header
Contents has been written to file: ID_Run_0020.phsp
Scored in component: Target
G4WT0 > Begin processing for Run: 21, History: 0

Scorer: ID
Header   has been written to file: ID_Run_0021.header
Contents has been written to file: ID_Run_0021.phsp
Scored in component: Target
G4WT0 > Begin processing for Run: 22, History: 0

Scorer: ID
Header   has been written to file: ID_Run_0022.header
Contents has been written to file: ID_Run_0022.phsp
Scored in component: Target
G4WT0 > Begin processing for Run: 23, History: 0

Scorer: ID
Header   has been written to file: ID_Run_0023.header
Contents has been written to file: ID_Run_0023.phsp
Scored in component: Target
G4WT0 > Begin processing for Run: 24, History: 0

Scorer: ID
Header   has been written to file: ID_Run_0024.header
Contents has been written to file: ID_Run_0024.phsp
Scored in component: Target
G4WT0 > Begin processing for Run: 25, History: 0

Scorer: ID
Header   has been written to file: ID_Run_0025.header
Contents has been written to file: ID_Run_0025.phsp
Scored in component: Target
G4WT0 > Begin processing for Run: 26, History: 0

Scorer: ID
Header   has been written to file: ID_Run_0026.header
Contents has been written to file: ID_Run_0026.phsp
Scored in component: Target
G4WT0 > Begin processing for Run: 27, History: 0

Scorer: ID
Header   has been written to file: ID_Run_0027.header
Contents has been written to file: ID_Run_0027.phsp
Scored in component: Target
G4WT0 > Begin processing for Run: 28, History: 0

Scorer: ID
Header   has been written to file: ID_Run_0028.header
Contents has been written to file: ID_Run_0028.phsp
Scored in component: Target
G4WT0 > Begin processing for Run: 29, History: 0
G4WT0 > Begin processing for Run: 29, History: 10000
G4WT0 > Begin processing for Run: 29, History: 20000
G4WT0 > Begin processing for Run: 29, History: 30000
G4WT0 > Begin processing for Run: 29, History: 40000
G4WT0 > Begin processing for Run: 29, History: 50000
G4WT0 > Begin processing for Run: 29, History: 60000
G4WT0 > Begin processing for Run: 29, History: 70000
G4WT0 > Begin processing for Run: 29, History: 80000
G4WT0 > Begin processing for Run: 29, History: 90000

Scorer: ID
Header   has been written to file: ID_Run_0029.header
Contents has been written to file: ID_Run_0029.phsp
Scored in component: Target
G4WT0 > Begin processing for Run: 30, History: 0
G4WT0 > Begin processing for Run: 30, History: 10000
G4WT0 > Begin processing for Run: 30, History: 20000
G4WT0 > Begin processing for Run: 30, History: 30000
G4WT0 > Begin processing for Run: 30, History: 40000
G4WT0 > Begin processing for Run: 30, History: 50000
G4WT0 > Begin processing for Run: 30, History: 60000
G4WT0 > Begin processing for Run: 30, History: 70000
G4WT0 > Begin processing for Run: 30, History: 80000
G4WT0 > Begin processing for Run: 30, History: 90000

Scorer: ID
Header   has been written to file: ID_Run_0030.header
Contents has been written to file: ID_Run_0030.phsp
Scored in component: Target
G4WT0 > Begin processing for Run: 31, History: 0
G4WT0 > Begin processing for Run: 31, History: 10000
G4WT0 > Begin processing for Run: 31, History: 20000
G4WT0 > Begin processing for Run: 31, History: 30000
G4WT0 > Begin processing for Run: 31, History: 40000
G4WT0 > Begin processing for Run: 31, History: 50000
G4WT0 > Begin processing for Run: 31, History: 60000
G4WT0 > Begin processing for Run: 31, History: 70000
G4WT0 > Begin processing for Run: 31, History: 80000
G4WT0 > Begin processing for Run: 31, History: 90000

Scorer: ID
Header   has been written to file: ID_Run_0031.header
Contents has been written to file: ID_Run_0031.phsp
Scored in component: Target
G4WT0 > Begin processing for Run: 32, History: 0
G4WT0 > Begin processing for Run: 32, History: 10000
G4WT0 > Begin processing for Run: 32, History: 20000
G4WT0 > Begin processing for Run: 32, History: 30000
G4WT0 > Begin processing for Run: 32, History: 40000
G4WT0 > Begin processing for Run: 32, History: 50000
G4WT0 > Begin processing for Run: 32, History: 60000
G4WT0 > Begin processing for Run: 32, History: 70000
G4WT0 > Begin processing for Run: 32, History: 80000
G4WT0 > Begin processing for Run: 32, History: 90000

Scorer: ID
Header   has been written to file: ID_Run_0032.header
Contents has been written to file: ID_Run_0032.phsp
Scored in component: Target
G4WT0 > Begin processing for Run: 33, History: 0
G4WT0 > Begin processing for Run: 33, History: 10000
G4WT0 > Begin processing for Run: 33, History: 20000
G4WT0 > Begin processing for Run: 33, History: 30000
G4WT0 > Begin processing for Run: 33, History: 40000
G4WT0 > Begin processing for Run: 33, History: 50000
G4WT0 > Begin processing for Run: 33, History: 60000
G4WT0 > Begin processing for Run: 33, History: 70000
G4WT0 > Begin processing for Run: 33, History: 80000
G4WT0 > Begin processing for Run: 33, History: 90000

Scorer: ID
Header   has been written to file: ID_Run_0033.header
Contents has been written to file: ID_Run_0033.phsp
Scored in component: Target
G4WT0 > Begin processing for Run: 34, History: 0
G4WT0 > Begin processing for Run: 34, History: 10000
G4WT0 > Begin processing for Run: 34, History: 20000
G4WT0 > Begin processing for Run: 34, History: 30000
G4WT0 > Begin processing for Run: 34, History: 40000
G4WT0 > Begin processing for Run: 34, History: 50000
G4WT0 > Begin processing for Run: 34, History: 60000
G4WT0 > Begin processing for Run: 34, History: 70000
G4WT0 > Begin processing for Run: 34, History: 80000
G4WT0 > Begin processing for Run: 34, History: 90000

Scorer: ID
Header   has been written to file: ID_Run_0034.header
Contents has been written to file: ID_Run_0034.phsp
Scored in component: Target
G4WT0 > Begin processing for Run: 35, History: 0
G4WT0 > Begin processing for Run: 35, History: 10000
G4WT0 > Begin processing for Run: 35, History: 20000
G4WT0 > Begin processing for Run: 35, History: 30000
G4WT0 > Begin processing for Run: 35, History: 40000
G4WT0 > Begin processing for Run: 35, History: 50000
G4WT0 > Begin processing for Run: 35, History: 60000
G4WT0 > Begin processing for Run: 35, History: 70000
G4WT0 > Begin processing for Run: 35, History: 80000
G4WT0 > Begin processing for Run: 35, History: 90000

Scorer: ID
Header   has been written to file: ID_Run_0035.header
Contents has been written to file: ID_Run_0035.phsp
Scored in component: Target
G4WT0 > Begin processing for Run: 36, History: 0
G4WT0 > Begin processing for Run: 36, History: 10000
G4WT0 > Begin processing for Run: 36, History: 20000
G4WT0 > Begin processing for Run: 36, History: 30000
G4WT0 > Begin processing for Run: 36, History: 40000
G4WT0 > Begin processing for Run: 36, History: 50000
G4WT0 > Begin processing for Run: 36, History: 60000
G4WT0 > Begin processing for Run: 36, History: 70000
G4WT0 > Begin processing for Run: 36, History: 80000
G4WT0 > Begin processing for Run: 36, History: 90000

Scorer: ID
Header   has been written to file: ID_Run_0036.header
Contents has been written to file: ID_Run_0036.phsp
Scored in component: Target
G4WT0 > Begin processing for Run: 37, History: 0
G4WT0 > Begin processing for Run: 37, History: 10000
G4WT0 > Begin processing for Run: 37, History: 20000
G4WT0 > Begin processing for Run: 37, History: 30000
G4WT0 > Begin processing for Run: 37, History: 40000
G4WT0 > Begin processing for Run: 37, History: 50000
G4WT0 > Begin processing for Run: 37, History: 60000
G4WT0 > Begin processing for Run: 37, History: 70000
G4WT0 > Begin processing for Run: 37, History: 80000
G4WT0 > Begin processing for Run: 37, History: 90000

Scorer: ID
Header   has been written to file: ID_Run_0037.header
Contents has been written to file: ID_Run_0037.phsp
Scored in component: Target
G4WT0 > Begin processing for Run: 38, History: 0
G4WT0 > Begin processing for Run: 38, History: 10000
G4WT0 > Begin processing for Run: 38, History: 20000
G4WT0 > Begin processing for Run: 38, History: 30000
G4WT0 > Begin processing for Run: 38, History: 40000
G4WT0 > Begin processing for Run: 38, History: 50000
G4WT0 > Begin processing for Run: 38, History: 60000
G4WT0 > Begin processing for Run: 38, History: 70000
G4WT0 > Begin processing for Run: 38, History: 80000
G4WT0 > Begin processing for Run: 38, History: 90000

Scorer: ID
Header   has been written to file: ID_Run_0038.header
Contents has been written to file: ID_Run_0038.phsp
Scored in component: Target
G4WT0 > Begin processing for Run: 39, History: 0
G4WT0 > Begin processing for Run: 39, History: 10000
G4WT0 > Begin processing for Run: 39, History: 20000
G4WT0 > Begin processing for Run: 39, History: 30000
G4WT0 > Begin processing for Run: 39, History: 40000
G4WT0 > Begin processing for Run: 39, History: 50000
G4WT0 > Begin processing for Run: 39, History: 60000
G4WT0 > Begin processing for Run: 39, History: 70000
G4WT0 > Begin processing for Run: 39, History: 80000
G4WT0 > Begin processing for Run: 39, History: 90000

Scorer: ID
Header   has been written to file: ID_Run_0039.header
Contents has been written to file: ID_Run_0039.phsp
Scored in component: Target

TOPAS run sequence complete.
Particle source Demo: Total number of histories: 2362000

Elapsed times:
Parameter Reading : User=0.000000s Real=0.003248s Sys=0.000000s [Cpu=0.0%]
    Initialization: User=0.010000s Real=0.017710s Sys=0.000000s [Cpu=56.5%]
         Execution: User=93.610000s Real=120.594048s Sys=0.370000s [Cpu=77.9%]
      Finalization: User=0.000000s Real=0.000003s Sys=0.000000s [Cpu=0.0%]
             Total: User=93.62s Real=120.615s Sys=0.37s
      121.14 real        93.79 user         0.47 sys
