
Welcome to TOPAS, Tool for Particle Simulation (Version 3.9)
Loading parameters starting from: mainTopas.txt

Geant4 Data directory has been specified by the
TOPAS_G4_DATA_DIR environment variable as /Applications/GEANT/G4DATA

**************************************************************
 Geant4 version Name: geant4-11-01-patch-03 [MT]   (10-November-2023)
  << in Multi-threaded mode >> 
                       Copyright : Geant4 Collaboration
                      References : NIM A 506 (2003), 250-303
                                 : IEEE-TNS 53 (2006), 270-278
                                 : NIM A 835 (2016), 186-225
                             WWW : http://geant4.org/
**************************************************************

TOPAS is in MT mode, setting number of threads to: 1

TOPAS set the tolerances based on the World size to:
      Surface tolerance = 1e-09 nm, and radial tolerance = 1e-09 nm.
Checking overlaps for volume CylindricalEnvelope:0 (G4Tubs) ... OK! 

Checking for Unused Components.
These are Components that were never built even though they were at least
partially defined in some parameters. This is not necessarily an error.
It may be an intentional choice to have these Component definitions handy for later use.
To turn off this check, set Ge/CheckForUnusedComponents to False
  No unused components were found.

Default
Solvation model selected: 11003
   1. Ritchie.
   2. Terrisol.
   3. Meesungnoen.
   4. Kreipl.
   5. Meesugnoen solid.
### TsEmDNAPhysics Construct Processes 
Ts Rudd ionisation model is constructed 
Visualization verbosity changed to quiet (0)
=======================================================================
======                 Electromagnetic Physics Parameters      ========
=======================================================================
LPM effect enabled                                 1
Enable creation and use of sampling tables         0
Apply cuts on all EM processes                     0
Use combined TransportationWithMsc                 Disabled
Use general process                                0
Enable linear polarisation for gamma               0
Enable photoeffect sampling below K-shell          1
Enable sampling of quantum entanglement            0
X-section factor for integral approach             0.8
Min kinetic energy for tables                      100 eV 
Max kinetic energy for tables                      500 MeV
Number of bins per decade of a table               7
Verbose level                                      1
Verbose level for worker thread                    0
Bremsstrahlung energy threshold above which 
  primary e+- is added to the list of secondary    100 TeV
Bremsstrahlung energy threshold above which primary
  muon/hadron is added to the list of secondary    100 TeV
Lowest triplet kinetic energy                      1 MeV
Enable sampling of gamma linear polarisation       0
5D gamma conversion model type                     0
5D gamma conversion model on isolated ion          0
Livermore data directory                           epics_2017
=======================================================================
======                 Ionisation Parameters                   ========
=======================================================================
Step function for e+-                              (0.2, 1 mm)
Step function for muons/hadrons                    (0.2, 0.1 mm)
Step function for light ions                       (0.2, 0.1 mm)
Step function for general ions                     (0.2, 0.1 mm)
Lowest e+e- kinetic energy                         1 keV
Lowest muon/hadron kinetic energy                  1 keV
Use ICRU90 data                                    0
Fluctuations of dE/dx are enabled                  1
Type of fluctuation model for leptons and hadrons  Universal
Use built-in Birks satuaration                     0
Build CSDA range enabled                           0
Use cut as a final range enabled                   0
Enable angular generator interface                 0
Max kinetic energy for CSDA tables                 1 GeV
Max kinetic energy for NIEL computation            0 eV 
Linear loss limit                                  0.01
Read data from file for e+e- pair production by mu 0
=======================================================================
======                 Multiple Scattering Parameters          ========
=======================================================================
Type of msc step limit algorithm for e+-           3
Type of msc step limit algorithm for muons/hadrons 0
Msc lateral displacement for e+- enabled           1
Msc lateral displacement for muons and hadrons     0
Urban msc model lateral displacement alg96         1
Range factor for msc step limit for e+-            0.04
Range factor for msc step limit for muons/hadrons  0.2
Geometry factor for msc step limitation of e+-     2.5
Safety factor for msc step limit for e+-           0.6
Skin parameter for msc step limitation of e+-      1
Lambda limit for msc step limit for e+-            1 mm
Use Mott correction for e- scattering              0
Factor used for dynamic computation of angular 
  limit between single and multiple scattering     1
Fixed angular limit between single 
  and multiple scattering                          3.1416 rad
Upper energy limit for e+- multiple scattering     100 MeV
Type of electron single scattering model           0
Type of nuclear form-factor                        1
Screening factor                                   1
=======================================================================
======                 Atomic Deexcitation Parameters          ========
=======================================================================
Fluorescence enabled                               1
Directory in G4LEDATA for fluorescence data files  fluor
Auger electron cascade enabled                     1
PIXE atomic de-excitation enabled                  0
De-excitation module ignores cuts                  1
Type of PIXE cross section for hadrons             Empirical
Type of PIXE cross section for e+-                 Livermore
=======================================================================
======                 DNA Physics Parameters                  ========
=======================================================================
Use fast sampling in DNA models                    0
Use Stationary option in DNA models                0
Use DNA with multiple scattering of e-             0
Use DNA e- solvation model type                    11003
=======================================================================

### ===  Deexcitation model UAtomDeexcitation is activated for 1 region:
          DefaultRegionForTheWorld  1  1  0
### ===  Auger flag: 1
### ===  Ignore cuts flag:   1
G4DNAELSEPAElasticModel: high energy limit decreased from 500 MeV to 1 MeV
Rudd ionisation model is initialized 
Energy range: 0 eV - 1e+06 keV for proton

phot:  for gamma SubType=12 BuildTable=0
      LambdaPrime table from 200 keV to 500 MeV in 25 bins 
      ===== EM models for the G4Region  DefaultRegionForTheWorld ======
 LivermorePhElectric : Emin=    0 eV  Emax=  500 MeV  SauterGavrila Fluo

compt:  for gamma SubType=13 BuildTable=1
      Lambda table from 100 eV  to 1 MeV, 7 bins/decade, spline: 1
      LambdaPrime table from 1 MeV to 500 MeV in 20 bins 
      ===== EM models for the G4Region  DefaultRegionForTheWorld ======
    LivermoreCompton : Emin=    0 eV  Emax=  500 MeV Fluo

conv:  for gamma SubType=14 BuildTable=1
      Lambda table from 1.022 MeV to 500 MeV, 33 bins/decade, spline: 1
      ===== EM models for the G4Region  DefaultRegionForTheWorld ======
 LivermoreConversion : Emin=    0 eV  Emax=  500 MeV  ModifiedTsai

Rayl:  for gamma SubType=11 BuildTable=1
      Lambda table from 100 eV  to 150 keV, 7 bins/decade, spline: 0
      LambdaPrime table from 150 keV to 500 MeV in 26 bins 
      ===== EM models for the G4Region  DefaultRegionForTheWorld ======
   LivermoreRayleigh : Emin=    0 eV  Emax=  500 MeV  CullenGenerator

e-_G4DNAElastic:  for e- SubType=51 BuildTable=0
      ===== EM models for the G4Region  DefaultRegionForTheWorld ======
DNAELSEPAElasticModel : Emin=    0 eV  Emax=  500 MeV

e-_G4DNAExcitation:  for e- SubType=52 BuildTable=0
      ===== EM models for the G4Region  DefaultRegionForTheWorld ======
DNABornExcitationModel : Emin=    0 eV  Emax=    1 MeV

e-_G4DNAIonisation:  for e- SubType=53 BuildTable=0
      ===== EM models for the G4Region  DefaultRegionForTheWorld ======
DNABornIonisationModel : Emin=    0 eV  Emax=    1 MeV  deltaBorn Fluo

e-_G4DNAElectronSolvation:  for e- SubType=58 BuildTable=0
      ===== EM models for the G4Region  DefaultRegionForTheWorld ======
DNAOneStepThermalizationModel_Meesungnoen2002 : Emin=    0 eV  Emax=   10 eV 

e-_G4DNAVibExcitation:  for e- SubType=54 BuildTable=0
      ===== EM models for the G4Region  DefaultRegionForTheWorld ======
DNASancheExcitationModel : Emin=    0 eV  Emax=  100 eV 

e-_G4DNAAttachment:  for e- SubType=55 BuildTable=0
      ===== EM models for the G4Region  DefaultRegionForTheWorld ======
DNAMeltonAttachmentModel : Emin=    0 eV  Emax=   13 eV 

msc:  for e+  SubType= 10
      ===== EM models for the G4Region  DefaultRegionForTheWorld ======
            UrbanMsc : Emin=    0 eV  Emax=  500 MeV Nbins=49 100 eV  - 500 MeV
          StepLim=DistanceToBoundary Rfact=0.04 Gfact=2.5 Sfact=0.6 DispFlag:1 Skin=1 Llim=1 mm

eIoni:  for e+  XStype:3  SubType=2
      dE/dx and range tables from 100 eV  to 500 MeV in 49 bins
      Lambda tables from threshold to 500 MeV, 7 bins/decade, spline: 1
      StepFunction=(0.2, 1 mm), integ: 3, fluct: 1, linLossLim= 0.01
      ===== EM models for the G4Region  DefaultRegionForTheWorld ======
        MollerBhabha : Emin=    0 eV  Emax=  500 MeV
G4WT0 > Begin processing for Run: 0, History: 0
G4WT0 > Begin processing for Run: 0, History: 100
G4WT0 > Begin processing for Run: 0, History: 200
G4WT0 > Begin processing for Run: 0, History: 300
G4WT0 > Begin processing for Run: 0, History: 400
G4WT0 > Begin processing for Run: 0, History: 500
G4WT0 > Begin processing for Run: 0, History: 600
G4WT0 > Begin processing for Run: 0, History: 700
G4WT0 > Begin processing for Run: 0, History: 800
G4WT0 > Begin processing for Run: 0, History: 900
G4WT0 > Begin processing for Run: 0, History: 1000
G4WT0 > Begin processing for Run: 0, History: 1100
G4WT0 > Begin processing for Run: 0, History: 1200
G4WT0 > Begin processing for Run: 0, History: 1300
G4WT0 > Begin processing for Run: 0, History: 1400
G4WT0 > Begin processing for Run: 0, History: 1500
G4WT0 > Begin processing for Run: 0, History: 1600
G4WT0 > Begin processing for Run: 0, History: 1700
G4WT0 > Begin processing for Run: 0, History: 1800
G4WT0 > Begin processing for Run: 0, History: 1900
G4WT0 > Begin processing for Run: 0, History: 2000
G4WT0 > Begin processing for Run: 0, History: 2100
G4WT0 > Begin processing for Run: 0, History: 2200
G4WT0 > Begin processing for Run: 0, History: 2300
G4WT0 > Begin processing for Run: 0, History: 2400
G4WT0 > Begin processing for Run: 0, History: 2500
G4WT0 > Begin processing for Run: 0, History: 2600
G4WT0 > Begin processing for Run: 0, History: 2700
G4WT0 > Begin processing for Run: 0, History: 2800
G4WT0 > Begin processing for Run: 0, History: 2900
G4WT0 > Begin processing for Run: 0, History: 3000
G4WT0 > Begin processing for Run: 0, History: 3100
G4WT0 > Begin processing for Run: 0, History: 3200
G4WT0 > Begin processing for Run: 0, History: 3300
G4WT0 > Begin processing for Run: 0, History: 3400
G4WT0 > Begin processing for Run: 0, History: 3500
G4WT0 > Begin processing for Run: 0, History: 3600
G4WT0 > Begin processing for Run: 0, History: 3700
G4WT0 > Begin processing for Run: 0, History: 3800
G4WT0 > Begin processing for Run: 0, History: 3900
G4WT0 > Begin processing for Run: 0, History: 4000
G4WT0 > Begin processing for Run: 0, History: 4100
G4WT0 > Begin processing for Run: 0, History: 4200
G4WT0 > Begin processing for Run: 0, History: 4300
G4WT0 > Begin processing for Run: 0, History: 4400
G4WT0 > Begin processing for Run: 0, History: 4500
G4WT0 > Begin processing for Run: 0, History: 4600
G4WT0 > Begin processing for Run: 0, History: 4700
G4WT0 > Begin processing for Run: 0, History: 4800
G4WT0 > Begin processing for Run: 0, History: 4900
G4WT0 > Begin processing for Run: 0, History: 5000
G4WT0 > Begin processing for Run: 0, History: 5100
G4WT0 > Begin processing for Run: 0, History: 5200
G4WT0 > Begin processing for Run: 0, History: 5300
G4WT0 > Begin processing for Run: 0, History: 5400
G4WT0 > Begin processing for Run: 0, History: 5500
G4WT0 > Begin processing for Run: 0, History: 5600
G4WT0 > Begin processing for Run: 0, History: 5700
G4WT0 > Begin processing for Run: 0, History: 5800
G4WT0 > Begin processing for Run: 0, History: 5900
G4WT0 > Begin processing for Run: 0, History: 6000
G4WT0 > Begin processing for Run: 0, History: 6100
G4WT0 > Begin processing for Run: 0, History: 6200
G4WT0 > Begin processing for Run: 0, History: 6300
G4WT0 > Begin processing for Run: 0, History: 6400
G4WT0 > Begin processing for Run: 0, History: 6500
G4WT0 > Begin processing for Run: 0, History: 6600
G4WT0 > Begin processing for Run: 0, History: 6700
G4WT0 > Begin processing for Run: 0, History: 6800
G4WT0 > Begin processing for Run: 0, History: 6900
G4WT0 > Begin processing for Run: 0, History: 7000
G4WT0 > Begin processing for Run: 0, History: 7100
G4WT0 > Begin processing for Run: 0, History: 7200
G4WT0 > Begin processing for Run: 0, History: 7300
G4WT0 > Begin processing for Run: 0, History: 7400
G4WT0 > Begin processing for Run: 0, History: 7500
G4WT0 > Begin processing for Run: 0, History: 7600
G4WT0 > Begin processing for Run: 0, History: 7700
G4WT0 > Begin processing for Run: 0, History: 7800
G4WT0 > Begin processing for Run: 0, History: 7900
G4WT0 > Begin processing for Run: 0, History: 8000
G4WT0 > Begin processing for Run: 0, History: 8100
G4WT0 > Begin processing for Run: 0, History: 8200
G4WT0 > Begin processing for Run: 0, History: 8300
G4WT0 > Begin processing for Run: 0, History: 8400
G4WT0 > Begin processing for Run: 0, History: 8500
G4WT0 > Begin processing for Run: 0, History: 8600
G4WT0 > Begin processing for Run: 0, History: 8700
G4WT0 > Begin processing for Run: 0, History: 8800
G4WT0 > Begin processing for Run: 0, History: 8900
G4WT0 > Begin processing for Run: 0, History: 9000
G4WT0 > Begin processing for Run: 0, History: 9100
G4WT0 > Begin processing for Run: 0, History: 9200
G4WT0 > Begin processing for Run: 0, History: 9300
G4WT0 > Begin processing for Run: 0, History: 9400
G4WT0 > Begin processing for Run: 0, History: 9500
G4WT0 > Begin processing for Run: 0, History: 9600
G4WT0 > Begin processing for Run: 0, History: 9700
G4WT0 > Begin processing for Run: 0, History: 9800
G4WT0 > Begin processing for Run: 0, History: 9900
G4WT0 > Begin processing for Run: 1, History: 0
G4WT0 > Begin processing for Run: 1, History: 100
G4WT0 > Begin processing for Run: 1, History: 200
G4WT0 > Begin processing for Run: 1, History: 300
G4WT0 > Begin processing for Run: 1, History: 400
G4WT0 > Begin processing for Run: 1, History: 500
G4WT0 > Begin processing for Run: 1, History: 600
G4WT0 > Begin processing for Run: 1, History: 700
G4WT0 > Begin processing for Run: 1, History: 800
G4WT0 > Begin processing for Run: 1, History: 900
G4WT0 > Begin processing for Run: 1, History: 1000
G4WT0 > Begin processing for Run: 1, History: 1100
G4WT0 > Begin processing for Run: 1, History: 1200
G4WT0 > Begin processing for Run: 1, History: 1300
G4WT0 > Begin processing for Run: 1, History: 1400
G4WT0 > Begin processing for Run: 1, History: 1500
G4WT0 > Begin processing for Run: 1, History: 1600
G4WT0 > Begin processing for Run: 1, History: 1700
G4WT0 > Begin processing for Run: 1, History: 1800
G4WT0 > Begin processing for Run: 1, History: 1900
G4WT0 > Begin processing for Run: 1, History: 2000
G4WT0 > Begin processing for Run: 1, History: 2100
G4WT0 > Begin processing for Run: 1, History: 2200
G4WT0 > Begin processing for Run: 1, History: 2300
G4WT0 > Begin processing for Run: 1, History: 2400
G4WT0 > Begin processing for Run: 1, History: 2500
G4WT0 > Begin processing for Run: 1, History: 2600
G4WT0 > Begin processing for Run: 1, History: 2700
G4WT0 > Begin processing for Run: 1, History: 2800
G4WT0 > Begin processing for Run: 1, History: 2900
G4WT0 > Begin processing for Run: 1, History: 3000
G4WT0 > Begin processing for Run: 1, History: 3100
G4WT0 > Begin processing for Run: 1, History: 3200
G4WT0 > Begin processing for Run: 1, History: 3300
G4WT0 > Begin processing for Run: 1, History: 3400
G4WT0 > Begin processing for Run: 1, History: 3500
G4WT0 > Begin processing for Run: 1, History: 3600
G4WT0 > Begin processing for Run: 1, History: 3700
G4WT0 > Begin processing for Run: 1, History: 3800
G4WT0 > Begin processing for Run: 1, History: 3900
G4WT0 > Begin processing for Run: 1, History: 4000
G4WT0 > Begin processing for Run: 1, History: 4100
G4WT0 > Begin processing for Run: 1, History: 4200
G4WT0 > Begin processing for Run: 1, History: 4300
G4WT0 > Begin processing for Run: 1, History: 4400
G4WT0 > Begin processing for Run: 1, History: 4500
G4WT0 > Begin processing for Run: 1, History: 4600
G4WT0 > Begin processing for Run: 1, History: 4700
G4WT0 > Begin processing for Run: 1, History: 4800
G4WT0 > Begin processing for Run: 1, History: 4900
G4WT0 > Begin processing for Run: 1, History: 5000
G4WT0 > Begin processing for Run: 1, History: 5100
G4WT0 > Begin processing for Run: 1, History: 5200
G4WT0 > Begin processing for Run: 1, History: 5300
G4WT0 > Begin processing for Run: 1, History: 5400
G4WT0 > Begin processing for Run: 1, History: 5500
G4WT0 > Begin processing for Run: 1, History: 5600
G4WT0 > Begin processing for Run: 1, History: 5700
G4WT0 > Begin processing for Run: 1, History: 5800
G4WT0 > Begin processing for Run: 1, History: 5900
G4WT0 > Begin processing for Run: 1, History: 6000
G4WT0 > Begin processing for Run: 1, History: 6100
G4WT0 > Begin processing for Run: 1, History: 6200
G4WT0 > Begin processing for Run: 1, History: 6300
G4WT0 > Begin processing for Run: 1, History: 6400
G4WT0 > Begin processing for Run: 1, History: 6500
G4WT0 > Begin processing for Run: 1, History: 6600
G4WT0 > Begin processing for Run: 1, History: 6700
G4WT0 > Begin processing for Run: 1, History: 6800
G4WT0 > Begin processing for Run: 1, History: 6900
G4WT0 > Begin processing for Run: 1, History: 7000
G4WT0 > Begin processing for Run: 1, History: 7100
G4WT0 > Begin processing for Run: 1, History: 7200
G4WT0 > Begin processing for Run: 1, History: 7300
G4WT0 > Begin processing for Run: 1, History: 7400
G4WT0 > Begin processing for Run: 1, History: 7500
G4WT0 > Begin processing for Run: 1, History: 7600
G4WT0 > Begin processing for Run: 1, History: 7700
G4WT0 > Begin processing for Run: 1, History: 7800
G4WT0 > Begin processing for Run: 1, History: 7900
G4WT0 > Begin processing for Run: 1, History: 8000
G4WT0 > Begin processing for Run: 1, History: 8100
G4WT0 > Begin processing for Run: 1, History: 8200
G4WT0 > Begin processing for Run: 1, History: 8300
G4WT0 > Begin processing for Run: 1, History: 8400
G4WT0 > Begin processing for Run: 1, History: 8500
G4WT0 > Begin processing for Run: 1, History: 8600
G4WT0 > Begin processing for Run: 1, History: 8700
G4WT0 > Begin processing for Run: 1, History: 8800
G4WT0 > Begin processing for Run: 1, History: 8900
G4WT0 > Begin processing for Run: 1, History: 9000
G4WT0 > Begin processing for Run: 1, History: 9100
G4WT0 > Begin processing for Run: 1, History: 9200
G4WT0 > Begin processing for Run: 1, History: 9300
G4WT0 > Begin processing for Run: 1, History: 9400
G4WT0 > Begin processing for Run: 1, History: 9500
G4WT0 > Begin processing for Run: 1, History: 9600
G4WT0 > Begin processing for Run: 1, History: 9700
G4WT0 > Begin processing for Run: 1, History: 9800
G4WT0 > Begin processing for Run: 1, History: 9900
G4WT0 > Begin processing for Run: 2, History: 0
G4WT0 > Begin processing for Run: 2, History: 100
G4WT0 > Begin processing for Run: 2, History: 200
G4WT0 > Begin processing for Run: 2, History: 300
G4WT0 > Begin processing for Run: 2, History: 400
G4WT0 > Begin processing for Run: 2, History: 500
G4WT0 > Begin processing for Run: 2, History: 600
G4WT0 > Begin processing for Run: 2, History: 700
G4WT0 > Begin processing for Run: 2, History: 800
G4WT0 > Begin processing for Run: 2, History: 900
G4WT0 > Begin processing for Run: 2, History: 1000
G4WT0 > Begin processing for Run: 2, History: 1100
G4WT0 > Begin processing for Run: 2, History: 1200
G4WT0 > Begin processing for Run: 2, History: 1300
G4WT0 > Begin processing for Run: 2, History: 1400
G4WT0 > Begin processing for Run: 2, History: 1500
G4WT0 > Begin processing for Run: 2, History: 1600
G4WT0 > Begin processing for Run: 2, History: 1700
G4WT0 > Begin processing for Run: 2, History: 1800
G4WT0 > Begin processing for Run: 2, History: 1900
G4WT0 > Begin processing for Run: 2, History: 2000
G4WT0 > Begin processing for Run: 2, History: 2100
G4WT0 > Begin processing for Run: 2, History: 2200
G4WT0 > Begin processing for Run: 2, History: 2300
G4WT0 > Begin processing for Run: 2, History: 2400
G4WT0 > Begin processing for Run: 2, History: 2500
G4WT0 > Begin processing for Run: 2, History: 2600
G4WT0 > Begin processing for Run: 2, History: 2700
G4WT0 > Begin processing for Run: 2, History: 2800
G4WT0 > Begin processing for Run: 2, History: 2900
G4WT0 > Begin processing for Run: 2, History: 3000
G4WT0 > Begin processing for Run: 2, History: 3100
G4WT0 > Begin processing for Run: 2, History: 3200
G4WT0 > Begin processing for Run: 2, History: 3300
G4WT0 > Begin processing for Run: 2, History: 3400
G4WT0 > Begin processing for Run: 2, History: 3500
G4WT0 > Begin processing for Run: 2, History: 3600
G4WT0 > Begin processing for Run: 2, History: 3700
G4WT0 > Begin processing for Run: 2, History: 3800
G4WT0 > Begin processing for Run: 2, History: 3900
G4WT0 > Begin processing for Run: 2, History: 4000
G4WT0 > Begin processing for Run: 2, History: 4100
G4WT0 > Begin processing for Run: 2, History: 4200
G4WT0 > Begin processing for Run: 2, History: 4300
G4WT0 > Begin processing for Run: 2, History: 4400
G4WT0 > Begin processing for Run: 2, History: 4500
G4WT0 > Begin processing for Run: 2, History: 4600
G4WT0 > Begin processing for Run: 2, History: 4700
G4WT0 > Begin processing for Run: 2, History: 4800
G4WT0 > Begin processing for Run: 2, History: 4900
G4WT0 > Begin processing for Run: 2, History: 5000
G4WT0 > Begin processing for Run: 2, History: 5100
G4WT0 > Begin processing for Run: 2, History: 5200
G4WT0 > Begin processing for Run: 2, History: 5300
G4WT0 > Begin processing for Run: 2, History: 5400
G4WT0 > Begin processing for Run: 2, History: 5500
G4WT0 > Begin processing for Run: 2, History: 5600
G4WT0 > Begin processing for Run: 2, History: 5700
G4WT0 > Begin processing for Run: 2, History: 5800
G4WT0 > Begin processing for Run: 2, History: 5900
G4WT0 > Begin processing for Run: 2, History: 6000
G4WT0 > Begin processing for Run: 2, History: 6100
G4WT0 > Begin processing for Run: 2, History: 6200
G4WT0 > Begin processing for Run: 2, History: 6300
G4WT0 > Begin processing for Run: 2, History: 6400
G4WT0 > Begin processing for Run: 2, History: 6500
G4WT0 > Begin processing for Run: 2, History: 6600
G4WT0 > Begin processing for Run: 2, History: 6700
G4WT0 > Begin processing for Run: 2, History: 6800
G4WT0 > Begin processing for Run: 2, History: 6900
G4WT0 > Begin processing for Run: 2, History: 7000
G4WT0 > Begin processing for Run: 2, History: 7100
G4WT0 > Begin processing for Run: 2, History: 7200
G4WT0 > Begin processing for Run: 2, History: 7300
G4WT0 > Begin processing for Run: 2, History: 7400
G4WT0 > Begin processing for Run: 2, History: 7500
G4WT0 > Begin processing for Run: 2, History: 7600
G4WT0 > Begin processing for Run: 2, History: 7700
G4WT0 > Begin processing for Run: 2, History: 7800
G4WT0 > Begin processing for Run: 2, History: 7900
G4WT0 > Begin processing for Run: 3, History: 0
G4WT0 > Begin processing for Run: 3, History: 100
G4WT0 > Begin processing for Run: 3, History: 200
G4WT0 > Begin processing for Run: 3, History: 300
G4WT0 > Begin processing for Run: 3, History: 400
G4WT0 > Begin processing for Run: 3, History: 500
G4WT0 > Begin processing for Run: 3, History: 600
G4WT0 > Begin processing for Run: 3, History: 700
G4WT0 > Begin processing for Run: 3, History: 800
G4WT0 > Begin processing for Run: 3, History: 900
G4WT0 > Begin processing for Run: 3, History: 1000
G4WT0 > Begin processing for Run: 3, History: 1100
G4WT0 > Begin processing for Run: 3, History: 1200
G4WT0 > Begin processing for Run: 3, History: 1300
G4WT0 > Begin processing for Run: 3, History: 1400
G4WT0 > Begin processing for Run: 3, History: 1500
G4WT0 > Begin processing for Run: 3, History: 1600
G4WT0 > Begin processing for Run: 3, History: 1700
G4WT0 > Begin processing for Run: 3, History: 1800
G4WT0 > Begin processing for Run: 3, History: 1900
G4WT0 > Begin processing for Run: 3, History: 2000
G4WT0 > Begin processing for Run: 3, History: 2100
G4WT0 > Begin processing for Run: 3, History: 2200
G4WT0 > Begin processing for Run: 3, History: 2300
G4WT0 > Begin processing for Run: 3, History: 2400
G4WT0 > Begin processing for Run: 3, History: 2500
G4WT0 > Begin processing for Run: 3, History: 2600
G4WT0 > Begin processing for Run: 3, History: 2700
G4WT0 > Begin processing for Run: 3, History: 2800
G4WT0 > Begin processing for Run: 3, History: 2900
G4WT0 > Begin processing for Run: 3, History: 3000
G4WT0 > Begin processing for Run: 3, History: 3100
G4WT0 > Begin processing for Run: 3, History: 3200
G4WT0 > Begin processing for Run: 3, History: 3300
G4WT0 > Begin processing for Run: 3, History: 3400
G4WT0 > Begin processing for Run: 3, History: 3500
G4WT0 > Begin processing for Run: 3, History: 3600
G4WT0 > Begin processing for Run: 3, History: 3700
G4WT0 > Begin processing for Run: 3, History: 3800
G4WT0 > Begin processing for Run: 3, History: 3900
G4WT0 > Begin processing for Run: 3, History: 4000
G4WT0 > Begin processing for Run: 3, History: 4100
G4WT0 > Begin processing for Run: 3, History: 4200
G4WT0 > Begin processing for Run: 3, History: 4300
G4WT0 > Begin processing for Run: 3, History: 4400
G4WT0 > Begin processing for Run: 3, History: 4500
G4WT0 > Begin processing for Run: 3, History: 4600
G4WT0 > Begin processing for Run: 3, History: 4700
G4WT0 > Begin processing for Run: 3, History: 4800
G4WT0 > Begin processing for Run: 3, History: 4900
G4WT0 > Begin processing for Run: 3, History: 5000
G4WT0 > Begin processing for Run: 3, History: 5100
G4WT0 > Begin processing for Run: 3, History: 5200
G4WT0 > Begin processing for Run: 3, History: 5300
G4WT0 > Begin processing for Run: 3, History: 5400
G4WT0 > Begin processing for Run: 3, History: 5500
G4WT0 > Begin processing for Run: 3, History: 5600
G4WT0 > Begin processing for Run: 3, History: 5700
G4WT0 > Begin processing for Run: 3, History: 5800
G4WT0 > Begin processing for Run: 3, History: 5900
G4WT0 > Begin processing for Run: 4, History: 0
G4WT0 > Begin processing for Run: 4, History: 100
G4WT0 > Begin processing for Run: 4, History: 200
G4WT0 > Begin processing for Run: 4, History: 300
G4WT0 > Begin processing for Run: 4, History: 400
G4WT0 > Begin processing for Run: 4, History: 500
G4WT0 > Begin processing for Run: 4, History: 600
G4WT0 > Begin processing for Run: 4, History: 700
G4WT0 > Begin processing for Run: 4, History: 800
G4WT0 > Begin processing for Run: 4, History: 900
G4WT0 > Begin processing for Run: 4, History: 1000
G4WT0 > Begin processing for Run: 4, History: 1100
G4WT0 > Begin processing for Run: 4, History: 1200
G4WT0 > Begin processing for Run: 4, History: 1300
G4WT0 > Begin processing for Run: 4, History: 1400
G4WT0 > Begin processing for Run: 4, History: 1500
G4WT0 > Begin processing for Run: 4, History: 1600
G4WT0 > Begin processing for Run: 4, History: 1700
G4WT0 > Begin processing for Run: 4, History: 1800
G4WT0 > Begin processing for Run: 4, History: 1900
G4WT0 > Begin processing for Run: 4, History: 2000
G4WT0 > Begin processing for Run: 4, History: 2100
G4WT0 > Begin processing for Run: 4, History: 2200
G4WT0 > Begin processing for Run: 4, History: 2300
G4WT0 > Begin processing for Run: 4, History: 2400
G4WT0 > Begin processing for Run: 4, History: 2500
G4WT0 > Begin processing for Run: 4, History: 2600
G4WT0 > Begin processing for Run: 4, History: 2700
G4WT0 > Begin processing for Run: 4, History: 2800
G4WT0 > Begin processing for Run: 4, History: 2900
G4WT0 > Begin processing for Run: 4, History: 3000
G4WT0 > Begin processing for Run: 4, History: 3100
G4WT0 > Begin processing for Run: 4, History: 3200
G4WT0 > Begin processing for Run: 4, History: 3300
G4WT0 > Begin processing for Run: 4, History: 3400
G4WT0 > Begin processing for Run: 4, History: 3500
G4WT0 > Begin processing for Run: 4, History: 3600
G4WT0 > Begin processing for Run: 4, History: 3700
G4WT0 > Begin processing for Run: 4, History: 3800
G4WT0 > Begin processing for Run: 4, History: 3900
G4WT0 > Begin processing for Run: 4, History: 4000
G4WT0 > Begin processing for Run: 4, History: 4100
G4WT0 > Begin processing for Run: 4, History: 4200
G4WT0 > Begin processing for Run: 4, History: 4300
G4WT0 > Begin processing for Run: 4, History: 4400
G4WT0 > Begin processing for Run: 4, History: 4500
G4WT0 > Begin processing for Run: 4, History: 4600
G4WT0 > Begin processing for Run: 4, History: 4700
G4WT0 > Begin processing for Run: 4, History: 4800
G4WT0 > Begin processing for Run: 4, History: 4900
G4WT0 > Begin processing for Run: 5, History: 0
G4WT0 > Begin processing for Run: 5, History: 100
G4WT0 > Begin processing for Run: 5, History: 200
G4WT0 > Begin processing for Run: 5, History: 300
G4WT0 > Begin processing for Run: 5, History: 400
G4WT0 > Begin processing for Run: 5, History: 500
G4WT0 > Begin processing for Run: 5, History: 600
G4WT0 > Begin processing for Run: 5, History: 700
G4WT0 > Begin processing for Run: 5, History: 800
G4WT0 > Begin processing for Run: 5, History: 900
G4WT0 > Begin processing for Run: 5, History: 1000
G4WT0 > Begin processing for Run: 5, History: 1100
G4WT0 > Begin processing for Run: 5, History: 1200
G4WT0 > Begin processing for Run: 5, History: 1300
G4WT0 > Begin processing for Run: 5, History: 1400
G4WT0 > Begin processing for Run: 5, History: 1500
G4WT0 > Begin processing for Run: 5, History: 1600
G4WT0 > Begin processing for Run: 5, History: 1700
G4WT0 > Begin processing for Run: 5, History: 1800
G4WT0 > Begin processing for Run: 5, History: 1900
G4WT0 > Begin processing for Run: 5, History: 2000
G4WT0 > Begin processing for Run: 5, History: 2100
G4WT0 > Begin processing for Run: 5, History: 2200
G4WT0 > Begin processing for Run: 5, History: 2300
G4WT0 > Begin processing for Run: 5, History: 2400
G4WT0 > Begin processing for Run: 5, History: 2500
G4WT0 > Begin processing for Run: 5, History: 2600
G4WT0 > Begin processing for Run: 5, History: 2700
G4WT0 > Begin processing for Run: 5, History: 2800
G4WT0 > Begin processing for Run: 5, History: 2900
G4WT0 > Begin processing for Run: 5, History: 3000
G4WT0 > Begin processing for Run: 5, History: 3100
G4WT0 > Begin processing for Run: 5, History: 3200
G4WT0 > Begin processing for Run: 5, History: 3300
G4WT0 > Begin processing for Run: 5, History: 3400
G4WT0 > Begin processing for Run: 5, History: 3500
G4WT0 > Begin processing for Run: 5, History: 3600
G4WT0 > Begin processing for Run: 5, History: 3700
G4WT0 > Begin processing for Run: 5, History: 3800
G4WT0 > Begin processing for Run: 5, History: 3900
G4WT0 > Begin processing for Run: 6, History: 0
G4WT0 > Begin processing for Run: 6, History: 100
G4WT0 > Begin processing for Run: 6, History: 200
G4WT0 > Begin processing for Run: 6, History: 300
G4WT0 > Begin processing for Run: 6, History: 400
G4WT0 > Begin processing for Run: 6, History: 500
G4WT0 > Begin processing for Run: 6, History: 600
G4WT0 > Begin processing for Run: 6, History: 700
G4WT0 > Begin processing for Run: 6, History: 800
G4WT0 > Begin processing for Run: 6, History: 900
G4WT0 > Begin processing for Run: 6, History: 1000
G4WT0 > Begin processing for Run: 6, History: 1100
G4WT0 > Begin processing for Run: 6, History: 1200
G4WT0 > Begin processing for Run: 6, History: 1300
G4WT0 > Begin processing for Run: 6, History: 1400
G4WT0 > Begin processing for Run: 6, History: 1500
G4WT0 > Begin processing for Run: 6, History: 1600
G4WT0 > Begin processing for Run: 6, History: 1700
G4WT0 > Begin processing for Run: 6, History: 1800
G4WT0 > Begin processing for Run: 6, History: 1900
G4WT0 > Begin processing for Run: 7, History: 0
G4WT0 > Begin processing for Run: 7, History: 100
G4WT0 > Begin processing for Run: 7, History: 200
G4WT0 > Begin processing for Run: 7, History: 300
G4WT0 > Begin processing for Run: 7, History: 400
G4WT0 > Begin processing for Run: 7, History: 500
G4WT0 > Begin processing for Run: 7, History: 600
G4WT0 > Begin processing for Run: 7, History: 700
G4WT0 > Begin processing for Run: 7, History: 800
G4WT0 > Begin processing for Run: 7, History: 900
G4WT0 > Begin processing for Run: 7, History: 1000
G4WT0 > Begin processing for Run: 7, History: 1100
G4WT0 > Begin processing for Run: 7, History: 1200
G4WT0 > Begin processing for Run: 7, History: 1300
G4WT0 > Begin processing for Run: 7, History: 1400
G4WT0 > Begin processing for Run: 7, History: 1500
G4WT0 > Begin processing for Run: 7, History: 1600
G4WT0 > Begin processing for Run: 7, History: 1700
G4WT0 > Begin processing for Run: 7, History: 1800
G4WT0 > Begin processing for Run: 7, History: 1900

TOPAS run sequence complete.
Particle source Demo: Total number of histories: 47000

Elapsed times:
Parameter Reading : User=0.000000s Real=0.000796s Sys=0.000000s [Cpu=0.0%]
    Initialization: User=0.030000s Real=0.023321s Sys=0.000000s [Cpu=128.6%]
         Execution: User=3533.810000s Real=3554.654103s Sys=7.890000s [Cpu=99.6%]
      Finalization: User=0.000000s Real=0.000004s Sys=0.000000s [Cpu=0.0%]
             Total: User=3533.84s Real=3554.68s Sys=7.89s
     3554.83 real      3534.00 user         7.91 sys
