
Welcome to TOPAS, Tool for Particle Simulation (Version 3.9)
Loading parameters starting from: run1.txt

Geant4 Data directory has been specified by the
TOPAS_G4_DATA_DIR environment variable as /Applications/GEANT/G4DATA

**************************************************************
 Geant4 version Name: geant4-11-01-patch-03 [MT]   (10-November-2023)
  << in Multi-threaded mode >> 
                       Copyright : Geant4 Collaboration
                      References : NIM A 506 (2003), 250-303
                                 : IEEE-TNS 53 (2006), 270-278
                                 : NIM A 835 (2016), 186-225
                             WWW : http://geant4.org/
**************************************************************

TOPAS is in MT mode, setting number of threads to: 24

TOPAS set the tolerances based on the World size to:
      Surface tolerance = 10 nm, and radial tolerance = 10 nm.
Checking overlaps for volume sWorld:0 (G4Box) ... OK! 

Checking for Unused Components.
These are Components that were never built even though they were at least
partially defined in some parameters. This is not necessarily an error.
It may be an intentional choice to have these Component definitions handy for later use.
To turn off this check, set Ge/CheckForUnusedComponents to False
  No unused components were found.

Default
-- Branching ratio: All ionization states probability 1
-- Branching ratio: A1B1 Dissociative decay probability 0.65
-- Branching ratio: A1B1 Relaxation probability 0.35
-- Branching ratio: B1A1 Relaxation probability 0.3
-- Branching ratio: B1A1 Dissociative decay probability 0.15
-- Branching ratio: B1A1 Auto-ionization probability 0.55
-- Branching ratio: B1A1 Auto-ionization probability 0
-- Branching ratio: B1A1 Dissociative decay2 probability 0
-- Branching ratio: Rydberg states and diffuse bands auto-ionization probability 0.5
-- Branching ratio: Rydberg states and diffuse bands relaxation probability 0.5
-- Branching ratio: dissociative attachment probability 1
-- Branching ratio: H2O Electron Hole Recombination Dissociative decay1 probability 0.15
-- Branching ratio: H2O Electron Hole Recombination Dissociative decay2 probability 0.55
-- Branching ratio: H2O Electron Hole Recombination Dissociative decay3 probability 0
-- Branching ratio: H2O Electron Hole Recombination Dissociative decay4 probability 0.3
Solvation model selected: 11003
   1. Ritchie.
   2. Terrisol.
   3. Meesungnoen.
   4. Kreipl.
   5. Meesugnoen solid.
-- Diffusion coefficient for molecule: H used the value 8e-09 (m2/s) 
-- Diffusion coefficient for molecule: H2 used the value 4.8e-09 (m2/s) 
-- Diffusion coefficient for molecule: H2O2 used the value 2.3e-09 (m2/s) 
-- Diffusion coefficient for molecule: H3Op used the value 9.46e-09 (m2/s) 
-- Diffusion coefficient for molecule: OH used the value 2.3e-09 (m2/s) 
-- Diffusion coefficient for molecule: OHm used the value 5.3e-09 (m2/s) 
-- Diffusion coefficient for molecule: Product used the value 0 (m2/s) 
-- Diffusion coefficient for molecule: e_aq used the value 4.9e-09 (m2/s) 

### TsEmDNAPhysics Construct Processes 
Ts Rudd ionisation model is constructed 
 Re-set reaction kobs to : 1.56e+10/M/s
 Re-set reaction kobs to : 9e+07/M/s
 Re-set reaction kobs to : 1.43e+11/M/s
 Re-set reaction kobs to : 1.55e+10/M/s
 Re-set reaction kobs to : 5.5e+09/M/s
 Re-set reaction kobs to : 2.5e+10/M/s
 Re-set reaction kobs to : 1.1e+10/M/s
 Re-set reaction kobs to : 2.3e+10/M/s
 Re-set reaction kobs to : 3e+10/M/s
 Re-set reaction kobs to : 1.1e+10/M/s

========================================================================================================================
   TypeMolecules        Products                      Kobs (/M/s) r (nm)        Preact        
========================================================================================================================
 I     H^0     + H^0     -> H_2^0                  1.56e+10    0.294487      1             
 I     e_aq^-1 + H^0     -> OH^-1 + H_2^0          2.5e+10     0.277608      1             

========================================================================================================================
Type   Molecules        Products                      Kobs (/M/s) Kdif (/M/s)     Kact (/M/s)     r (nm)        Preact        alpha (/nm)  
========================================================================================================================
 II    H^0     + H2O2^0  -> OH^0                   9e+07       2.81516e+10     9.02887e+07     0.4           0.00134615    2.50802      
 II    OH^0    + H^0     -> None                   1.55e+10    2.85452e+10     3.39168e+10     0.41          0.329869      5.33703      
 II    OH^0    + OH^0    -> H2O2^0                 5.5e+09     7.32548e+09     2.2071e+10      0.44          0.544815      9.12024      
 II    e_aq^-1 + H2O2^0  -> OH^-1 + OH^0           1.1e+10     3.86858e+10     1.53705e+10     0.71          0.103317      1.96805      
 II    e_aq^-1 + OH^0    -> OH^-1                  3e+10       3.86858e+10     1.33617e+11     0.72          0.497921      6.18599      

========================================================================================================================
Type   Molecules        Products                      Kobs (/M/s) r (nm)        reff (nm)    Preact        
========================================================================================================================
 III   H3O^1   + OH^-1   -> None                   1.43e+11    0.876805         1.28023         1                
 III   e_aq^-1 + e_aq^-1 -> OH^-1 + OH^-1 + H_2^0  1.1e+10     0.581654         0.296644        1                

========================================================================================================================
Type   Molecules        Products                      Kobs (/M/s) Kdif (/M/s)     Kact (/M/s)     r (nm)        reff (nm)    reff1 (nm)    Preact        
========================================================================================================================
 IV    e_aq^-1 + H3O^1   -> H^0                    2.3e+10     1.26196e+11     2.81262e+10     0.75          1.16126      0.211647      0.0426379     

========================================================================================================================
Type   Molecules        Products                      Kobs (/M/s) r (nm)        reff (nm)    Preact        
========================================================================================================================

========================================================================================================================
Type   Molecules        Products                      Scavenging capacity /s
========================================================================================================================
 VI    H^0     + NO3m    -> NO32m                  35000        Single factor 
 VI    OH^0    + CH3OH   -> CH2OH                  970000       Single factor 
 VI    e_aq^-1 + NO3m    -> NO32m                  2.425e+08    Single factor 


 -------------- TOPAS IRT Warning -------------
 -- SpinBehavior is ScaledProbability
 ----------------------------------------------

Visualization verbosity changed to quiet (0)
=======================================================================
======                 Electromagnetic Physics Parameters      ========
=======================================================================
LPM effect enabled                                 1
Enable creation and use of sampling tables         0
Apply cuts on all EM processes                     0
Use combined TransportationWithMsc                 Disabled
Use general process                                0
Enable linear polarisation for gamma               0
Enable photoeffect sampling below K-shell          1
Enable sampling of quantum entanglement            0
X-section factor for integral approach             0.8
Min kinetic energy for tables                      100 eV 
Max kinetic energy for tables                      500 MeV
Number of bins per decade of a table               7
Verbose level                                      1
Verbose level for worker thread                    0
Bremsstrahlung energy threshold above which 
  primary e+- is added to the list of secondary    100 TeV
Bremsstrahlung energy threshold above which primary
  muon/hadron is added to the list of secondary    100 TeV
Lowest triplet kinetic energy                      1 MeV
Enable sampling of gamma linear polarisation       0
5D gamma conversion model type                     0
5D gamma conversion model on isolated ion          0
Livermore data directory                           epics_2017
=======================================================================
======                 Ionisation Parameters                   ========
=======================================================================
Step function for e+-                              (0.2, 1 mm)
Step function for muons/hadrons                    (0.2, 0.1 mm)
Step function for light ions                       (0.2, 0.1 mm)
Step function for general ions                     (0.2, 0.1 mm)
Lowest e+e- kinetic energy                         1 keV
Lowest muon/hadron kinetic energy                  1 keV
Use ICRU90 data                                    0
Fluctuations of dE/dx are enabled                  1
Type of fluctuation model for leptons and hadrons  Universal
Use built-in Birks satuaration                     0
Build CSDA range enabled                           0
Use cut as a final range enabled                   0
Enable angular generator interface                 0
Max kinetic energy for CSDA tables                 1 GeV
Max kinetic energy for NIEL computation            0 eV 
Linear loss limit                                  0.01
Read data from file for e+e- pair production by mu 0
=======================================================================
======                 Multiple Scattering Parameters          ========
=======================================================================
Type of msc step limit algorithm for e+-           3
Type of msc step limit algorithm for muons/hadrons 0
Msc lateral displacement for e+- enabled           1
Msc lateral displacement for muons and hadrons     0
Urban msc model lateral displacement alg96         1
Range factor for msc step limit for e+-            0.04
Range factor for msc step limit for muons/hadrons  0.2
Geometry factor for msc step limitation of e+-     2.5
Safety factor for msc step limit for e+-           0.6
Skin parameter for msc step limitation of e+-      1
Lambda limit for msc step limit for e+-            1 mm
Use Mott correction for e- scattering              0
Factor used for dynamic computation of angular 
  limit between single and multiple scattering     1
Fixed angular limit between single 
  and multiple scattering                          3.1416 rad
Upper energy limit for e+- multiple scattering     100 MeV
Type of electron single scattering model           0
Type of nuclear form-factor                        1
Screening factor                                   1
=======================================================================
======                 Atomic Deexcitation Parameters          ========
=======================================================================
Fluorescence enabled                               1
Directory in G4LEDATA for fluorescence data files  fluor
Auger electron cascade enabled                     1
PIXE atomic de-excitation enabled                  0
De-excitation module ignores cuts                  1
Type of PIXE cross section for hadrons             Empirical
Type of PIXE cross section for e+-                 Livermore
=======================================================================
======                 DNA Physics Parameters                  ========
=======================================================================
Use fast sampling in DNA models                    0
Use Stationary option in DNA models                0
Use DNA with multiple scattering of e-             0
Use DNA e- solvation model type                    11003
=======================================================================

### ===  Deexcitation model UAtomDeexcitation is activated for 1 region:
          DefaultRegionForTheWorld  1  1  0
### ===  Auger flag: 1
### ===  Ignore cuts flag:   1
G4DNAELSEPAElasticModel: high energy limit decreased from 500 MeV to 1 MeV
Rudd ionisation model is initialized 
Energy range: 0 eV - 1e+06 keV for proton

phot:  for gamma SubType=12 BuildTable=0
      LambdaPrime table from 200 keV to 500 MeV in 25 bins 
      ===== EM models for the G4Region  DefaultRegionForTheWorld ======
 LivermorePhElectric : Emin=    0 eV  Emax=  500 MeV  SauterGavrila Fluo

compt:  for gamma SubType=13 BuildTable=1
      Lambda table from 100 eV  to 1 MeV, 7 bins/decade, spline: 1
      LambdaPrime table from 1 MeV to 500 MeV in 20 bins 
      ===== EM models for the G4Region  DefaultRegionForTheWorld ======
    LivermoreCompton : Emin=    0 eV  Emax=  500 MeV Fluo

conv:  for gamma SubType=14 BuildTable=1
      Lambda table from 1.022 MeV to 500 MeV, 33 bins/decade, spline: 1
      ===== EM models for the G4Region  DefaultRegionForTheWorld ======
 LivermoreConversion : Emin=    0 eV  Emax=  500 MeV  ModifiedTsai

Rayl:  for gamma SubType=11 BuildTable=1
      Lambda table from 100 eV  to 150 keV, 7 bins/decade, spline: 0
      LambdaPrime table from 150 keV to 500 MeV in 26 bins 
      ===== EM models for the G4Region  DefaultRegionForTheWorld ======
   LivermoreRayleigh : Emin=    0 eV  Emax=  500 MeV  CullenGenerator

e-_G4DNAElastic:  for e- SubType=51 BuildTable=0
      ===== EM models for the G4Region  DefaultRegionForTheWorld ======
DNAELSEPAElasticModel : Emin=    0 eV  Emax=  500 MeV

e-_G4DNAExcitation:  for e- SubType=52 BuildTable=0
      ===== EM models for the G4Region  DefaultRegionForTheWorld ======
DNABornExcitationModel : Emin=    0 eV  Emax=    1 MeV

e-_G4DNAIonisation:  for e- SubType=53 BuildTable=0
      ===== EM models for the G4Region  DefaultRegionForTheWorld ======
DNABornIonisationModel : Emin=    0 eV  Emax=    1 MeV  deltaBorn Fluo

e-_G4DNAElectronSolvation:  for e- SubType=58 BuildTable=0
      ===== EM models for the G4Region  DefaultRegionForTheWorld ======
DNAOneStepThermalizationModel_Meesungnoen2002 : Emin=    0 eV  Emax=   10 eV 

e-_G4DNAVibExcitation:  for e- SubType=54 BuildTable=0
      ===== EM models for the G4Region  DefaultRegionForTheWorld ======
DNASancheExcitationModel : Emin=    0 eV  Emax=  100 eV 

e-_G4DNAAttachment:  for e- SubType=55 BuildTable=0
      ===== EM models for the G4Region  DefaultRegionForTheWorld ======
DNAMeltonAttachmentModel : Emin=    0 eV  Emax=   13 eV 

msc:  for e+  SubType= 10
      ===== EM models for the G4Region  DefaultRegionForTheWorld ======
            UrbanMsc : Emin=    0 eV  Emax=  500 MeV Nbins=49 100 eV  - 500 MeV
          StepLim=DistanceToBoundary Rfact=0.04 Gfact=2.5 Sfact=0.6 DispFlag:1 Skin=1 Llim=1 mm

eIoni:  for e+  XStype:3  SubType=2
      dE/dx and range tables from 100 eV  to 500 MeV in 49 bins
      Lambda tables from threshold to 500 MeV, 7 bins/decade, spline: 1
      StepFunction=(0.2, 1 mm), integ: 3, fluct: 1, linLossLim= 0.01
      ===== EM models for the G4Region  DefaultRegionForTheWorld ======
        MollerBhabha : Emin=    0 eV  Emax=  500 MeV
G4WT3 > Begin processing for Run: 0, History: 0

TOPAS run sequence complete.
Particle source Demo: Total number of histories: 1000
######### Averaged IRT-execution-time per history (549 histories): 3.13344 s +/- 0.814544 s 

Note that TOPAS interrupted one or more histories during this session
due to errors reported by Geant4.
The total number of interrupted histories was: 451
For details on each of these errors, see the console log for "G4Exception"
If only a very small proportion of your histories were affected,
you may be able to still use the overall result,
but this is a judgement call you need to make for yourself.
You can set TOPAS to limit the number of messages about interrupted histories by setting
the parameter Ts/InterruptedHistoryMaxReports
You can set TOPAS to exit if it exceeds a given number of interrupted histories by setting
the parmameter Ts/MaxInterruptedHistories

Elapsed times:
Parameter Reading : User=0.000000s Real=0.001970s Sys=0.000000s [Cpu=0.0%]
    Initialization: User=0.010000s Real=0.015164s Sys=0.000000s [Cpu=65.9%]
         Execution: User=205.400000s Real=48.233011s Sys=2.350000s [Cpu=430.7%]
      Finalization: User=0.000000s Real=0.005327s Sys=0.000000s [Cpu=0.0%]
             Total: User=205.41s Real=48.2555s Sys=2.35s

Welcome to TOPAS, Tool for Particle Simulation (Version 3.9)
Loading parameters starting from: run1.txt

Geant4 Data directory has been specified by the
TOPAS_G4_DATA_DIR environment variable as /Applications/GEANT/G4DATA

**************************************************************
 Geant4 version Name: geant4-11-01-patch-03 [MT]   (10-November-2023)
  << in Multi-threaded mode >> 
                       Copyright : Geant4 Collaboration
                      References : NIM A 506 (2003), 250-303
                                 : IEEE-TNS 53 (2006), 270-278
                                 : NIM A 835 (2016), 186-225
                             WWW : http://geant4.org/
**************************************************************

TOPAS is in MT mode, setting number of threads to: 24

TOPAS set the tolerances based on the World size to:
      Surface tolerance = 10 nm, and radial tolerance = 10 nm.
Checking overlaps for volume sWorld:0 (G4Box) ... OK! 

Checking for Unused Components.
These are Components that were never built even though they were at least
partially defined in some parameters. This is not necessarily an error.
It may be an intentional choice to have these Component definitions handy for later use.
To turn off this check, set Ge/CheckForUnusedComponents to False
  No unused components were found.

Default
-- Branching ratio: All ionization states probability 1
-- Branching ratio: A1B1 Dissociative decay probability 0.65
-- Branching ratio: A1B1 Relaxation probability 0.35
-- Branching ratio: B1A1 Relaxation probability 0.3
-- Branching ratio: B1A1 Dissociative decay probability 0.15
-- Branching ratio: B1A1 Auto-ionization probability 0.55
-- Branching ratio: B1A1 Auto-ionization probability 0
-- Branching ratio: B1A1 Dissociative decay2 probability 0
-- Branching ratio: Rydberg states and diffuse bands auto-ionization probability 0.5
-- Branching ratio: Rydberg states and diffuse bands relaxation probability 0.5
-- Branching ratio: dissociative attachment probability 1
-- Branching ratio: H2O Electron Hole Recombination Dissociative decay1 probability 0.15
-- Branching ratio: H2O Electron Hole Recombination Dissociative decay2 probability 0.55
-- Branching ratio: H2O Electron Hole Recombination Dissociative decay3 probability 0
-- Branching ratio: H2O Electron Hole Recombination Dissociative decay4 probability 0.3
Solvation model selected: 11003
   1. Ritchie.
   2. Terrisol.
   3. Meesungnoen.
   4. Kreipl.
   5. Meesugnoen solid.
-- Diffusion coefficient for molecule: H used the value 8e-09 (m2/s) 
-- Diffusion coefficient for molecule: H2 used the value 4.8e-09 (m2/s) 
-- Diffusion coefficient for molecule: H2O2 used the value 2.3e-09 (m2/s) 
-- Diffusion coefficient for molecule: H3Op used the value 9.46e-09 (m2/s) 
-- Diffusion coefficient for molecule: OH used the value 2.3e-09 (m2/s) 
-- Diffusion coefficient for molecule: OHm used the value 5.3e-09 (m2/s) 
-- Diffusion coefficient for molecule: Product used the value 0 (m2/s) 
-- Diffusion coefficient for molecule: e_aq used the value 4.9e-09 (m2/s) 

### TsEmDNAPhysics Construct Processes 
Ts Rudd ionisation model is constructed 
 Re-set reaction kobs to : 1.56e+10/M/s
 Re-set reaction kobs to : 9e+07/M/s
 Re-set reaction kobs to : 1.43e+11/M/s
 Re-set reaction kobs to : 1.55e+10/M/s
 Re-set reaction kobs to : 5.5e+09/M/s
 Re-set reaction kobs to : 2.5e+10/M/s
 Re-set reaction kobs to : 1.1e+10/M/s
 Re-set reaction kobs to : 2.3e+10/M/s
 Re-set reaction kobs to : 3e+10/M/s
 Re-set reaction kobs to : 1.1e+10/M/s

========================================================================================================================
   TypeMolecules        Products                      Kobs (/M/s) r (nm)        Preact        
========================================================================================================================
 I     H^0     + H^0     -> H_2^0                  1.56e+10    0.294487      1             
 I     e_aq^-1 + H^0     -> OH^-1 + H_2^0          2.5e+10     0.277608      1             

========================================================================================================================
Type   Molecules        Products                      Kobs (/M/s) Kdif (/M/s)     Kact (/M/s)     r (nm)        Preact        alpha (/nm)  
========================================================================================================================
 II    H^0     + H2O2^0  -> OH^0                   9e+07       2.81516e+10     9.02887e+07     0.4           0.00134615    2.50802      
 II    OH^0    + H^0     -> None                   1.55e+10    2.85452e+10     3.39168e+10     0.41          0.329869      5.33703      
 II    OH^0    + OH^0    -> H2O2^0                 5.5e+09     7.32548e+09     2.2071e+10      0.44          0.544815      9.12024      
 II    e_aq^-1 + H2O2^0  -> OH^-1 + OH^0           1.1e+10     3.86858e+10     1.53705e+10     0.71          0.103317      1.96805      
 II    e_aq^-1 + OH^0    -> OH^-1                  3e+10       3.86858e+10     1.33617e+11     0.72          0.497921      6.18599      

========================================================================================================================
Type   Molecules        Products                      Kobs (/M/s) r (nm)        reff (nm)    Preact        
========================================================================================================================
 III   H3O^1   + OH^-1   -> None                   1.43e+11    0.876805         1.28023         1                
 III   e_aq^-1 + e_aq^-1 -> OH^-1 + OH^-1 + H_2^0  1.1e+10     0.581654         0.296644        1                

========================================================================================================================
Type   Molecules        Products                      Kobs (/M/s) Kdif (/M/s)     Kact (/M/s)     r (nm)        reff (nm)    reff1 (nm)    Preact        
========================================================================================================================
 IV    e_aq^-1 + H3O^1   -> H^0                    2.3e+10     1.26196e+11     2.81262e+10     0.75          1.16126      0.211647      0.0426379     

========================================================================================================================
Type   Molecules        Products                      Kobs (/M/s) r (nm)        reff (nm)    Preact        
========================================================================================================================

========================================================================================================================
Type   Molecules        Products                      Scavenging capacity /s
========================================================================================================================
 VI    H^0     + NO3m    -> NO32m                  35000        Single factor 
 VI    OH^0    + CH3OH   -> CH2OH                  9.7e+06      Single factor 
 VI    e_aq^-1 + NO3m    -> NO32m                  2.425e+08    Single factor 


 -------------- TOPAS IRT Warning -------------
 -- SpinBehavior is ScaledProbability
 ----------------------------------------------

Visualization verbosity changed to quiet (0)
=======================================================================
======                 Electromagnetic Physics Parameters      ========
=======================================================================
LPM effect enabled                                 1
Enable creation and use of sampling tables         0
Apply cuts on all EM processes                     0
Use combined TransportationWithMsc                 Disabled
Use general process                                0
Enable linear polarisation for gamma               0
Enable photoeffect sampling below K-shell          1
Enable sampling of quantum entanglement            0
X-section factor for integral approach             0.8
Min kinetic energy for tables                      100 eV 
Max kinetic energy for tables                      500 MeV
Number of bins per decade of a table               7
Verbose level                                      1
Verbose level for worker thread                    0
Bremsstrahlung energy threshold above which 
  primary e+- is added to the list of secondary    100 TeV
Bremsstrahlung energy threshold above which primary
  muon/hadron is added to the list of secondary    100 TeV
Lowest triplet kinetic energy                      1 MeV
Enable sampling of gamma linear polarisation       0
5D gamma conversion model type                     0
5D gamma conversion model on isolated ion          0
Livermore data directory                           epics_2017
=======================================================================
======                 Ionisation Parameters                   ========
=======================================================================
Step function for e+-                              (0.2, 1 mm)
Step function for muons/hadrons                    (0.2, 0.1 mm)
Step function for light ions                       (0.2, 0.1 mm)
Step function for general ions                     (0.2, 0.1 mm)
Lowest e+e- kinetic energy                         1 keV
Lowest muon/hadron kinetic energy                  1 keV
Use ICRU90 data                                    0
Fluctuations of dE/dx are enabled                  1
Type of fluctuation model for leptons and hadrons  Universal
Use built-in Birks satuaration                     0
Build CSDA range enabled                           0
Use cut as a final range enabled                   0
Enable angular generator interface                 0
Max kinetic energy for CSDA tables                 1 GeV
Max kinetic energy for NIEL computation            0 eV 
Linear loss limit                                  0.01
Read data from file for e+e- pair production by mu 0
=======================================================================
======                 Multiple Scattering Parameters          ========
=======================================================================
Type of msc step limit algorithm for e+-           3
Type of msc step limit algorithm for muons/hadrons 0
Msc lateral displacement for e+- enabled           1
Msc lateral displacement for muons and hadrons     0
Urban msc model lateral displacement alg96         1
Range factor for msc step limit for e+-            0.04
Range factor for msc step limit for muons/hadrons  0.2
Geometry factor for msc step limitation of e+-     2.5
Safety factor for msc step limit for e+-           0.6
Skin parameter for msc step limitation of e+-      1
Lambda limit for msc step limit for e+-            1 mm
Use Mott correction for e- scattering              0
Factor used for dynamic computation of angular 
  limit between single and multiple scattering     1
Fixed angular limit between single 
  and multiple scattering                          3.1416 rad
Upper energy limit for e+- multiple scattering     100 MeV
Type of electron single scattering model           0
Type of nuclear form-factor                        1
Screening factor                                   1
=======================================================================
======                 Atomic Deexcitation Parameters          ========
=======================================================================
Fluorescence enabled                               1
Directory in G4LEDATA for fluorescence data files  fluor
Auger electron cascade enabled                     1
PIXE atomic de-excitation enabled                  0
De-excitation module ignores cuts                  1
Type of PIXE cross section for hadrons             Empirical
Type of PIXE cross section for e+-                 Livermore
=======================================================================
======                 DNA Physics Parameters                  ========
=======================================================================
Use fast sampling in DNA models                    0
Use Stationary option in DNA models                0
Use DNA with multiple scattering of e-             0
Use DNA e- solvation model type                    11003
=======================================================================

### ===  Deexcitation model UAtomDeexcitation is activated for 1 region:
          DefaultRegionForTheWorld  1  1  0
### ===  Auger flag: 1
### ===  Ignore cuts flag:   1
G4DNAELSEPAElasticModel: high energy limit decreased from 500 MeV to 1 MeV
Rudd ionisation model is initialized 
Energy range: 0 eV - 1e+06 keV for proton

phot:  for gamma SubType=12 BuildTable=0
      LambdaPrime table from 200 keV to 500 MeV in 25 bins 
      ===== EM models for the G4Region  DefaultRegionForTheWorld ======
 LivermorePhElectric : Emin=    0 eV  Emax=  500 MeV  SauterGavrila Fluo

compt:  for gamma SubType=13 BuildTable=1
      Lambda table from 100 eV  to 1 MeV, 7 bins/decade, spline: 1
      LambdaPrime table from 1 MeV to 500 MeV in 20 bins 
      ===== EM models for the G4Region  DefaultRegionForTheWorld ======
    LivermoreCompton : Emin=    0 eV  Emax=  500 MeV Fluo

conv:  for gamma SubType=14 BuildTable=1
      Lambda table from 1.022 MeV to 500 MeV, 33 bins/decade, spline: 1
      ===== EM models for the G4Region  DefaultRegionForTheWorld ======
 LivermoreConversion : Emin=    0 eV  Emax=  500 MeV  ModifiedTsai

Rayl:  for gamma SubType=11 BuildTable=1
      Lambda table from 100 eV  to 150 keV, 7 bins/decade, spline: 0
      LambdaPrime table from 150 keV to 500 MeV in 26 bins 
      ===== EM models for the G4Region  DefaultRegionForTheWorld ======
   LivermoreRayleigh : Emin=    0 eV  Emax=  500 MeV  CullenGenerator

e-_G4DNAElastic:  for e- SubType=51 BuildTable=0
      ===== EM models for the G4Region  DefaultRegionForTheWorld ======
DNAELSEPAElasticModel : Emin=    0 eV  Emax=  500 MeV

e-_G4DNAExcitation:  for e- SubType=52 BuildTable=0
      ===== EM models for the G4Region  DefaultRegionForTheWorld ======
DNABornExcitationModel : Emin=    0 eV  Emax=    1 MeV

e-_G4DNAIonisation:  for e- SubType=53 BuildTable=0
      ===== EM models for the G4Region  DefaultRegionForTheWorld ======
DNABornIonisationModel : Emin=    0 eV  Emax=    1 MeV  deltaBorn Fluo

e-_G4DNAElectronSolvation:  for e- SubType=58 BuildTable=0
      ===== EM models for the G4Region  DefaultRegionForTheWorld ======
DNAOneStepThermalizationModel_Meesungnoen2002 : Emin=    0 eV  Emax=   10 eV 

e-_G4DNAVibExcitation:  for e- SubType=54 BuildTable=0
      ===== EM models for the G4Region  DefaultRegionForTheWorld ======
DNASancheExcitationModel : Emin=    0 eV  Emax=  100 eV 

e-_G4DNAAttachment:  for e- SubType=55 BuildTable=0
      ===== EM models for the G4Region  DefaultRegionForTheWorld ======
DNAMeltonAttachmentModel : Emin=    0 eV  Emax=   13 eV 

msc:  for e+  SubType= 10
      ===== EM models for the G4Region  DefaultRegionForTheWorld ======
            UrbanMsc : Emin=    0 eV  Emax=  500 MeV Nbins=49 100 eV  - 500 MeV
          StepLim=DistanceToBoundary Rfact=0.04 Gfact=2.5 Sfact=0.6 DispFlag:1 Skin=1 Llim=1 mm

eIoni:  for e+  XStype:3  SubType=2
      dE/dx and range tables from 100 eV  to 500 MeV in 49 bins
      Lambda tables from threshold to 500 MeV, 7 bins/decade, spline: 1
      StepFunction=(0.2, 1 mm), integ: 3, fluct: 1, linLossLim= 0.01
      ===== EM models for the G4Region  DefaultRegionForTheWorld ======
        MollerBhabha : Emin=    0 eV  Emax=  500 MeV
G4WT12 > Begin processing for Run: 0, History: 0

TOPAS run sequence complete.
Particle source Demo: Total number of histories: 1000
######### Averaged IRT-execution-time per history (549 histories): 3.10133 s +/- 0.810996 s 

Note that TOPAS interrupted one or more histories during this session
due to errors reported by Geant4.
The total number of interrupted histories was: 451
For details on each of these errors, see the console log for "G4Exception"
If only a very small proportion of your histories were affected,
you may be able to still use the overall result,
but this is a judgement call you need to make for yourself.
You can set TOPAS to limit the number of messages about interrupted histories by setting
the parameter Ts/InterruptedHistoryMaxReports
You can set TOPAS to exit if it exceeds a given number of interrupted histories by setting
the parmameter Ts/MaxInterruptedHistories

Elapsed times:
Parameter Reading : User=0.000000s Real=0.001079s Sys=0.000000s [Cpu=0.0%]
    Initialization: User=0.010000s Real=0.011641s Sys=0.000000s [Cpu=85.9%]
         Execution: User=203.910000s Real=46.672837s Sys=2.120000s [Cpu=441.4%]
      Finalization: User=0.000000s Real=0.004788s Sys=0.000000s [Cpu=0.0%]
             Total: User=203.92s Real=46.6903s Sys=2.12s

Welcome to TOPAS, Tool for Particle Simulation (Version 3.9)
Loading parameters starting from: run1.txt

Geant4 Data directory has been specified by the
TOPAS_G4_DATA_DIR environment variable as /Applications/GEANT/G4DATA

**************************************************************
 Geant4 version Name: geant4-11-01-patch-03 [MT]   (10-November-2023)
  << in Multi-threaded mode >> 
                       Copyright : Geant4 Collaboration
                      References : NIM A 506 (2003), 250-303
                                 : IEEE-TNS 53 (2006), 270-278
                                 : NIM A 835 (2016), 186-225
                             WWW : http://geant4.org/
**************************************************************

TOPAS is in MT mode, setting number of threads to: 24

TOPAS set the tolerances based on the World size to:
      Surface tolerance = 10 nm, and radial tolerance = 10 nm.
Checking overlaps for volume sWorld:0 (G4Box) ... OK! 

Checking for Unused Components.
These are Components that were never built even though they were at least
partially defined in some parameters. This is not necessarily an error.
It may be an intentional choice to have these Component definitions handy for later use.
To turn off this check, set Ge/CheckForUnusedComponents to False
  No unused components were found.

Default
-- Branching ratio: All ionization states probability 1
-- Branching ratio: A1B1 Dissociative decay probability 0.65
-- Branching ratio: A1B1 Relaxation probability 0.35
-- Branching ratio: B1A1 Relaxation probability 0.3
-- Branching ratio: B1A1 Dissociative decay probability 0.15
-- Branching ratio: B1A1 Auto-ionization probability 0.55
-- Branching ratio: B1A1 Auto-ionization probability 0
-- Branching ratio: B1A1 Dissociative decay2 probability 0
-- Branching ratio: Rydberg states and diffuse bands auto-ionization probability 0.5
-- Branching ratio: Rydberg states and diffuse bands relaxation probability 0.5
-- Branching ratio: dissociative attachment probability 1
-- Branching ratio: H2O Electron Hole Recombination Dissociative decay1 probability 0.15
-- Branching ratio: H2O Electron Hole Recombination Dissociative decay2 probability 0.55
-- Branching ratio: H2O Electron Hole Recombination Dissociative decay3 probability 0
-- Branching ratio: H2O Electron Hole Recombination Dissociative decay4 probability 0.3
Solvation model selected: 11003
   1. Ritchie.
   2. Terrisol.
   3. Meesungnoen.
   4. Kreipl.
   5. Meesugnoen solid.
-- Diffusion coefficient for molecule: H used the value 8e-09 (m2/s) 
-- Diffusion coefficient for molecule: H2 used the value 4.8e-09 (m2/s) 
-- Diffusion coefficient for molecule: H2O2 used the value 2.3e-09 (m2/s) 
-- Diffusion coefficient for molecule: H3Op used the value 9.46e-09 (m2/s) 
-- Diffusion coefficient for molecule: OH used the value 2.3e-09 (m2/s) 
-- Diffusion coefficient for molecule: OHm used the value 5.3e-09 (m2/s) 
-- Diffusion coefficient for molecule: Product used the value 0 (m2/s) 
-- Diffusion coefficient for molecule: e_aq used the value 4.9e-09 (m2/s) 

### TsEmDNAPhysics Construct Processes 
Ts Rudd ionisation model is constructed 
 Re-set reaction kobs to : 1.56e+10/M/s
 Re-set reaction kobs to : 9e+07/M/s
 Re-set reaction kobs to : 1.43e+11/M/s
 Re-set reaction kobs to : 1.55e+10/M/s
 Re-set reaction kobs to : 5.5e+09/M/s
 Re-set reaction kobs to : 2.5e+10/M/s
 Re-set reaction kobs to : 1.1e+10/M/s
 Re-set reaction kobs to : 2.3e+10/M/s
 Re-set reaction kobs to : 3e+10/M/s
 Re-set reaction kobs to : 1.1e+10/M/s

========================================================================================================================
   TypeMolecules        Products                      Kobs (/M/s) r (nm)        Preact        
========================================================================================================================
 I     H^0     + H^0     -> H_2^0                  1.56e+10    0.294487      1             
 I     e_aq^-1 + H^0     -> OH^-1 + H_2^0          2.5e+10     0.277608      1             

========================================================================================================================
Type   Molecules        Products                      Kobs (/M/s) Kdif (/M/s)     Kact (/M/s)     r (nm)        Preact        alpha (/nm)  
========================================================================================================================
 II    H^0     + H2O2^0  -> OH^0                   9e+07       2.81516e+10     9.02887e+07     0.4           0.00134615    2.50802      
 II    OH^0    + H^0     -> None                   1.55e+10    2.85452e+10     3.39168e+10     0.41          0.329869      5.33703      
 II    OH^0    + OH^0    -> H2O2^0                 5.5e+09     7.32548e+09     2.2071e+10      0.44          0.544815      9.12024      
 II    e_aq^-1 + H2O2^0  -> OH^-1 + OH^0           1.1e+10     3.86858e+10     1.53705e+10     0.71          0.103317      1.96805      
 II    e_aq^-1 + OH^0    -> OH^-1                  3e+10       3.86858e+10     1.33617e+11     0.72          0.497921      6.18599      

========================================================================================================================
Type   Molecules        Products                      Kobs (/M/s) r (nm)        reff (nm)    Preact        
========================================================================================================================
 III   H3O^1   + OH^-1   -> None                   1.43e+11    0.876805         1.28023         1                
 III   e_aq^-1 + e_aq^-1 -> OH^-1 + OH^-1 + H_2^0  1.1e+10     0.581654         0.296644        1                

========================================================================================================================
Type   Molecules        Products                      Kobs (/M/s) Kdif (/M/s)     Kact (/M/s)     r (nm)        reff (nm)    reff1 (nm)    Preact        
========================================================================================================================
 IV    e_aq^-1 + H3O^1   -> H^0                    2.3e+10     1.26196e+11     2.81262e+10     0.75          1.16126      0.211647      0.0426379     

========================================================================================================================
Type   Molecules        Products                      Kobs (/M/s) r (nm)        reff (nm)    Preact        
========================================================================================================================

========================================================================================================================
Type   Molecules        Products                      Scavenging capacity /s
========================================================================================================================
 VI    H^0     + NO3m    -> NO32m                  35000        Single factor 
 VI    OH^0    + CH3OH   -> CH2OH                  9.7e+07      Single factor 
 VI    e_aq^-1 + NO3m    -> NO32m                  2.425e+08    Single factor 


 -------------- TOPAS IRT Warning -------------
 -- SpinBehavior is ScaledProbability
 ----------------------------------------------

Visualization verbosity changed to quiet (0)
=======================================================================
======                 Electromagnetic Physics Parameters      ========
=======================================================================
LPM effect enabled                                 1
Enable creation and use of sampling tables         0
Apply cuts on all EM processes                     0
Use combined TransportationWithMsc                 Disabled
Use general process                                0
Enable linear polarisation for gamma               0
Enable photoeffect sampling below K-shell          1
Enable sampling of quantum entanglement            0
X-section factor for integral approach             0.8
Min kinetic energy for tables                      100 eV 
Max kinetic energy for tables                      500 MeV
Number of bins per decade of a table               7
Verbose level                                      1
Verbose level for worker thread                    0
Bremsstrahlung energy threshold above which 
  primary e+- is added to the list of secondary    100 TeV
Bremsstrahlung energy threshold above which primary
  muon/hadron is added to the list of secondary    100 TeV
Lowest triplet kinetic energy                      1 MeV
Enable sampling of gamma linear polarisation       0
5D gamma conversion model type                     0
5D gamma conversion model on isolated ion          0
Livermore data directory                           epics_2017
=======================================================================
======                 Ionisation Parameters                   ========
=======================================================================
Step function for e+-                              (0.2, 1 mm)
Step function for muons/hadrons                    (0.2, 0.1 mm)
Step function for light ions                       (0.2, 0.1 mm)
Step function for general ions                     (0.2, 0.1 mm)
Lowest e+e- kinetic energy                         1 keV
Lowest muon/hadron kinetic energy                  1 keV
Use ICRU90 data                                    0
Fluctuations of dE/dx are enabled                  1
Type of fluctuation model for leptons and hadrons  Universal
Use built-in Birks satuaration                     0
Build CSDA range enabled                           0
Use cut as a final range enabled                   0
Enable angular generator interface                 0
Max kinetic energy for CSDA tables                 1 GeV
Max kinetic energy for NIEL computation            0 eV 
Linear loss limit                                  0.01
Read data from file for e+e- pair production by mu 0
=======================================================================
======                 Multiple Scattering Parameters          ========
=======================================================================
Type of msc step limit algorithm for e+-           3
Type of msc step limit algorithm for muons/hadrons 0
Msc lateral displacement for e+- enabled           1
Msc lateral displacement for muons and hadrons     0
Urban msc model lateral displacement alg96         1
Range factor for msc step limit for e+-            0.04
Range factor for msc step limit for muons/hadrons  0.2
Geometry factor for msc step limitation of e+-     2.5
Safety factor for msc step limit for e+-           0.6
Skin parameter for msc step limitation of e+-      1
Lambda limit for msc step limit for e+-            1 mm
Use Mott correction for e- scattering              0
Factor used for dynamic computation of angular 
  limit between single and multiple scattering     1
Fixed angular limit between single 
  and multiple scattering                          3.1416 rad
Upper energy limit for e+- multiple scattering     100 MeV
Type of electron single scattering model           0
Type of nuclear form-factor                        1
Screening factor                                   1
=======================================================================
======                 Atomic Deexcitation Parameters          ========
=======================================================================
Fluorescence enabled                               1
Directory in G4LEDATA for fluorescence data files  fluor
Auger electron cascade enabled                     1
PIXE atomic de-excitation enabled                  0
De-excitation module ignores cuts                  1
Type of PIXE cross section for hadrons             Empirical
Type of PIXE cross section for e+-                 Livermore
=======================================================================
======                 DNA Physics Parameters                  ========
=======================================================================
Use fast sampling in DNA models                    0
Use Stationary option in DNA models                0
Use DNA with multiple scattering of e-             0
Use DNA e- solvation model type                    11003
=======================================================================

### ===  Deexcitation model UAtomDeexcitation is activated for 1 region:
          DefaultRegionForTheWorld  1  1  0
### ===  Auger flag: 1
### ===  Ignore cuts flag:   1
G4DNAELSEPAElasticModel: high energy limit decreased from 500 MeV to 1 MeV
Rudd ionisation model is initialized 
Energy range: 0 eV - 1e+06 keV for proton

phot:  for gamma SubType=12 BuildTable=0
      LambdaPrime table from 200 keV to 500 MeV in 25 bins 
      ===== EM models for the G4Region  DefaultRegionForTheWorld ======
 LivermorePhElectric : Emin=    0 eV  Emax=  500 MeV  SauterGavrila Fluo

compt:  for gamma SubType=13 BuildTable=1
      Lambda table from 100 eV  to 1 MeV, 7 bins/decade, spline: 1
      LambdaPrime table from 1 MeV to 500 MeV in 20 bins 
      ===== EM models for the G4Region  DefaultRegionForTheWorld ======
    LivermoreCompton : Emin=    0 eV  Emax=  500 MeV Fluo

conv:  for gamma SubType=14 BuildTable=1
      Lambda table from 1.022 MeV to 500 MeV, 33 bins/decade, spline: 1
      ===== EM models for the G4Region  DefaultRegionForTheWorld ======
 LivermoreConversion : Emin=    0 eV  Emax=  500 MeV  ModifiedTsai

Rayl:  for gamma SubType=11 BuildTable=1
      Lambda table from 100 eV  to 150 keV, 7 bins/decade, spline: 0
      LambdaPrime table from 150 keV to 500 MeV in 26 bins 
      ===== EM models for the G4Region  DefaultRegionForTheWorld ======
   LivermoreRayleigh : Emin=    0 eV  Emax=  500 MeV  CullenGenerator

e-_G4DNAElastic:  for e- SubType=51 BuildTable=0
      ===== EM models for the G4Region  DefaultRegionForTheWorld ======
DNAELSEPAElasticModel : Emin=    0 eV  Emax=  500 MeV

e-_G4DNAExcitation:  for e- SubType=52 BuildTable=0
      ===== EM models for the G4Region  DefaultRegionForTheWorld ======
DNABornExcitationModel : Emin=    0 eV  Emax=    1 MeV

e-_G4DNAIonisation:  for e- SubType=53 BuildTable=0
      ===== EM models for the G4Region  DefaultRegionForTheWorld ======
DNABornIonisationModel : Emin=    0 eV  Emax=    1 MeV  deltaBorn Fluo

e-_G4DNAElectronSolvation:  for e- SubType=58 BuildTable=0
      ===== EM models for the G4Region  DefaultRegionForTheWorld ======
DNAOneStepThermalizationModel_Meesungnoen2002 : Emin=    0 eV  Emax=   10 eV 

e-_G4DNAVibExcitation:  for e- SubType=54 BuildTable=0
      ===== EM models for the G4Region  DefaultRegionForTheWorld ======
DNASancheExcitationModel : Emin=    0 eV  Emax=  100 eV 

e-_G4DNAAttachment:  for e- SubType=55 BuildTable=0
      ===== EM models for the G4Region  DefaultRegionForTheWorld ======
DNAMeltonAttachmentModel : Emin=    0 eV  Emax=   13 eV 

msc:  for e+  SubType= 10
      ===== EM models for the G4Region  DefaultRegionForTheWorld ======
            UrbanMsc : Emin=    0 eV  Emax=  500 MeV Nbins=49 100 eV  - 500 MeV
          StepLim=DistanceToBoundary Rfact=0.04 Gfact=2.5 Sfact=0.6 DispFlag:1 Skin=1 Llim=1 mm

eIoni:  for e+  XStype:3  SubType=2
      dE/dx and range tables from 100 eV  to 500 MeV in 49 bins
      Lambda tables from threshold to 500 MeV, 7 bins/decade, spline: 1
      StepFunction=(0.2, 1 mm), integ: 3, fluct: 1, linLossLim= 0.01
      ===== EM models for the G4Region  DefaultRegionForTheWorld ======
        MollerBhabha : Emin=    0 eV  Emax=  500 MeV
G4WT23 > Begin processing for Run: 0, History: 0

TOPAS run sequence complete.
Particle source Demo: Total number of histories: 1000
######### Averaged IRT-execution-time per history (549 histories): 3.3078 s +/- 0.886883 s 

Note that TOPAS interrupted one or more histories during this session
due to errors reported by Geant4.
The total number of interrupted histories was: 451
For details on each of these errors, see the console log for "G4Exception"
If only a very small proportion of your histories were affected,
you may be able to still use the overall result,
but this is a judgement call you need to make for yourself.
You can set TOPAS to limit the number of messages about interrupted histories by setting
the parameter Ts/InterruptedHistoryMaxReports
You can set TOPAS to exit if it exceeds a given number of interrupted histories by setting
the parmameter Ts/MaxInterruptedHistories

Elapsed times:
Parameter Reading : User=0.000000s Real=0.001015s Sys=0.000000s [Cpu=0.0%]
    Initialization: User=0.010000s Real=0.011398s Sys=0.000000s [Cpu=87.7%]
         Execution: User=216.150000s Real=61.389306s Sys=1.680000s [Cpu=354.8%]
      Finalization: User=0.000000s Real=0.004868s Sys=0.010000s [Cpu=205.4%]
             Total: User=216.16s Real=61.4066s Sys=1.69s

Welcome to TOPAS, Tool for Particle Simulation (Version 3.9)
Loading parameters starting from: run1.txt

Geant4 Data directory has been specified by the
TOPAS_G4_DATA_DIR environment variable as /Applications/GEANT/G4DATA

**************************************************************
 Geant4 version Name: geant4-11-01-patch-03 [MT]   (10-November-2023)
  << in Multi-threaded mode >> 
                       Copyright : Geant4 Collaboration
                      References : NIM A 506 (2003), 250-303
                                 : IEEE-TNS 53 (2006), 270-278
                                 : NIM A 835 (2016), 186-225
                             WWW : http://geant4.org/
**************************************************************

TOPAS is in MT mode, setting number of threads to: 24

TOPAS set the tolerances based on the World size to:
      Surface tolerance = 10 nm, and radial tolerance = 10 nm.
Checking overlaps for volume sWorld:0 (G4Box) ... OK! 

Checking for Unused Components.
These are Components that were never built even though they were at least
partially defined in some parameters. This is not necessarily an error.
It may be an intentional choice to have these Component definitions handy for later use.
To turn off this check, set Ge/CheckForUnusedComponents to False
  No unused components were found.

Default
-- Branching ratio: All ionization states probability 1
-- Branching ratio: A1B1 Dissociative decay probability 0.65
-- Branching ratio: A1B1 Relaxation probability 0.35
-- Branching ratio: B1A1 Relaxation probability 0.3
-- Branching ratio: B1A1 Dissociative decay probability 0.15
-- Branching ratio: B1A1 Auto-ionization probability 0.55
-- Branching ratio: B1A1 Auto-ionization probability 0
-- Branching ratio: B1A1 Dissociative decay2 probability 0
-- Branching ratio: Rydberg states and diffuse bands auto-ionization probability 0.5
-- Branching ratio: Rydberg states and diffuse bands relaxation probability 0.5
-- Branching ratio: dissociative attachment probability 1
-- Branching ratio: H2O Electron Hole Recombination Dissociative decay1 probability 0.15
-- Branching ratio: H2O Electron Hole Recombination Dissociative decay2 probability 0.55
-- Branching ratio: H2O Electron Hole Recombination Dissociative decay3 probability 0
-- Branching ratio: H2O Electron Hole Recombination Dissociative decay4 probability 0.3
Solvation model selected: 11003
   1. Ritchie.
   2. Terrisol.
   3. Meesungnoen.
   4. Kreipl.
   5. Meesugnoen solid.
-- Diffusion coefficient for molecule: H used the value 8e-09 (m2/s) 
-- Diffusion coefficient for molecule: H2 used the value 4.8e-09 (m2/s) 
-- Diffusion coefficient for molecule: H2O2 used the value 2.3e-09 (m2/s) 
-- Diffusion coefficient for molecule: H3Op used the value 9.46e-09 (m2/s) 
-- Diffusion coefficient for molecule: OH used the value 2.3e-09 (m2/s) 
-- Diffusion coefficient for molecule: OHm used the value 5.3e-09 (m2/s) 
-- Diffusion coefficient for molecule: Product used the value 0 (m2/s) 
-- Diffusion coefficient for molecule: e_aq used the value 4.9e-09 (m2/s) 

### TsEmDNAPhysics Construct Processes 
Ts Rudd ionisation model is constructed 
 Re-set reaction kobs to : 1.56e+10/M/s
 Re-set reaction kobs to : 9e+07/M/s
 Re-set reaction kobs to : 1.43e+11/M/s
 Re-set reaction kobs to : 1.55e+10/M/s
 Re-set reaction kobs to : 5.5e+09/M/s
 Re-set reaction kobs to : 2.5e+10/M/s
 Re-set reaction kobs to : 1.1e+10/M/s
 Re-set reaction kobs to : 2.3e+10/M/s
 Re-set reaction kobs to : 3e+10/M/s
 Re-set reaction kobs to : 1.1e+10/M/s

========================================================================================================================
   TypeMolecules        Products                      Kobs (/M/s) r (nm)        Preact        
========================================================================================================================
 I     H^0     + H^0     -> H_2^0                  1.56e+10    0.294487      1             
 I     e_aq^-1 + H^0     -> OH^-1 + H_2^0          2.5e+10     0.277608      1             

========================================================================================================================
Type   Molecules        Products                      Kobs (/M/s) Kdif (/M/s)     Kact (/M/s)     r (nm)        Preact        alpha (/nm)  
========================================================================================================================
 II    H^0     + H2O2^0  -> OH^0                   9e+07       2.81516e+10     9.02887e+07     0.4           0.00134615    2.50802      
 II    OH^0    + H^0     -> None                   1.55e+10    2.85452e+10     3.39168e+10     0.41          0.329869      5.33703      
 II    OH^0    + OH^0    -> H2O2^0                 5.5e+09     7.32548e+09     2.2071e+10      0.44          0.544815      9.12024      
 II    e_aq^-1 + H2O2^0  -> OH^-1 + OH^0           1.1e+10     3.86858e+10     1.53705e+10     0.71          0.103317      1.96805      
 II    e_aq^-1 + OH^0    -> OH^-1                  3e+10       3.86858e+10     1.33617e+11     0.72          0.497921      6.18599      

========================================================================================================================
Type   Molecules        Products                      Kobs (/M/s) r (nm)        reff (nm)    Preact        
========================================================================================================================
 III   H3O^1   + OH^-1   -> None                   1.43e+11    0.876805         1.28023         1                
 III   e_aq^-1 + e_aq^-1 -> OH^-1 + OH^-1 + H_2^0  1.1e+10     0.581654         0.296644        1                

========================================================================================================================
Type   Molecules        Products                      Kobs (/M/s) Kdif (/M/s)     Kact (/M/s)     r (nm)        reff (nm)    reff1 (nm)    Preact        
========================================================================================================================
 IV    e_aq^-1 + H3O^1   -> H^0                    2.3e+10     1.26196e+11     2.81262e+10     0.75          1.16126      0.211647      0.0426379     

========================================================================================================================
Type   Molecules        Products                      Kobs (/M/s) r (nm)        reff (nm)    Preact        
========================================================================================================================

========================================================================================================================
Type   Molecules        Products                      Scavenging capacity /s
========================================================================================================================
 VI    H^0     + NO3m    -> NO32m                  35000        Single factor 
 VI    OH^0    + CH3OH   -> CH2OH                  9.7e+08      Single factor 
 VI    e_aq^-1 + NO3m    -> NO32m                  2.425e+08    Single factor 


 -------------- TOPAS IRT Warning -------------
 -- SpinBehavior is ScaledProbability
 ----------------------------------------------

Visualization verbosity changed to quiet (0)
=======================================================================
======                 Electromagnetic Physics Parameters      ========
=======================================================================
LPM effect enabled                                 1
Enable creation and use of sampling tables         0
Apply cuts on all EM processes                     0
Use combined TransportationWithMsc                 Disabled
Use general process                                0
Enable linear polarisation for gamma               0
Enable photoeffect sampling below K-shell          1
Enable sampling of quantum entanglement            0
X-section factor for integral approach             0.8
Min kinetic energy for tables                      100 eV 
Max kinetic energy for tables                      500 MeV
Number of bins per decade of a table               7
Verbose level                                      1
Verbose level for worker thread                    0
Bremsstrahlung energy threshold above which 
  primary e+- is added to the list of secondary    100 TeV
Bremsstrahlung energy threshold above which primary
  muon/hadron is added to the list of secondary    100 TeV
Lowest triplet kinetic energy                      1 MeV
Enable sampling of gamma linear polarisation       0
5D gamma conversion model type                     0
5D gamma conversion model on isolated ion          0
Livermore data directory                           epics_2017
=======================================================================
======                 Ionisation Parameters                   ========
=======================================================================
Step function for e+-                              (0.2, 1 mm)
Step function for muons/hadrons                    (0.2, 0.1 mm)
Step function for light ions                       (0.2, 0.1 mm)
Step function for general ions                     (0.2, 0.1 mm)
Lowest e+e- kinetic energy                         1 keV
Lowest muon/hadron kinetic energy                  1 keV
Use ICRU90 data                                    0
Fluctuations of dE/dx are enabled                  1
Type of fluctuation model for leptons and hadrons  Universal
Use built-in Birks satuaration                     0
Build CSDA range enabled                           0
Use cut as a final range enabled                   0
Enable angular generator interface                 0
Max kinetic energy for CSDA tables                 1 GeV
Max kinetic energy for NIEL computation            0 eV 
Linear loss limit                                  0.01
Read data from file for e+e- pair production by mu 0
=======================================================================
======                 Multiple Scattering Parameters          ========
=======================================================================
Type of msc step limit algorithm for e+-           3
Type of msc step limit algorithm for muons/hadrons 0
Msc lateral displacement for e+- enabled           1
Msc lateral displacement for muons and hadrons     0
Urban msc model lateral displacement alg96         1
Range factor for msc step limit for e+-            0.04
Range factor for msc step limit for muons/hadrons  0.2
Geometry factor for msc step limitation of e+-     2.5
Safety factor for msc step limit for e+-           0.6
Skin parameter for msc step limitation of e+-      1
Lambda limit for msc step limit for e+-            1 mm
Use Mott correction for e- scattering              0
Factor used for dynamic computation of angular 
  limit between single and multiple scattering     1
Fixed angular limit between single 
  and multiple scattering                          3.1416 rad
Upper energy limit for e+- multiple scattering     100 MeV
Type of electron single scattering model           0
Type of nuclear form-factor                        1
Screening factor                                   1
=======================================================================
======                 Atomic Deexcitation Parameters          ========
=======================================================================
Fluorescence enabled                               1
Directory in G4LEDATA for fluorescence data files  fluor
Auger electron cascade enabled                     1
PIXE atomic de-excitation enabled                  0
De-excitation module ignores cuts                  1
Type of PIXE cross section for hadrons             Empirical
Type of PIXE cross section for e+-                 Livermore
=======================================================================
======                 DNA Physics Parameters                  ========
=======================================================================
Use fast sampling in DNA models                    0
Use Stationary option in DNA models                0
Use DNA with multiple scattering of e-             0
Use DNA e- solvation model type                    11003
=======================================================================

### ===  Deexcitation model UAtomDeexcitation is activated for 1 region:
          DefaultRegionForTheWorld  1  1  0
### ===  Auger flag: 1
### ===  Ignore cuts flag:   1
G4DNAELSEPAElasticModel: high energy limit decreased from 500 MeV to 1 MeV
Rudd ionisation model is initialized 
Energy range: 0 eV - 1e+06 keV for proton

phot:  for gamma SubType=12 BuildTable=0
      LambdaPrime table from 200 keV to 500 MeV in 25 bins 
      ===== EM models for the G4Region  DefaultRegionForTheWorld ======
 LivermorePhElectric : Emin=    0 eV  Emax=  500 MeV  SauterGavrila Fluo

compt:  for gamma SubType=13 BuildTable=1
      Lambda table from 100 eV  to 1 MeV, 7 bins/decade, spline: 1
      LambdaPrime table from 1 MeV to 500 MeV in 20 bins 
      ===== EM models for the G4Region  DefaultRegionForTheWorld ======
    LivermoreCompton : Emin=    0 eV  Emax=  500 MeV Fluo

conv:  for gamma SubType=14 BuildTable=1
      Lambda table from 1.022 MeV to 500 MeV, 33 bins/decade, spline: 1
      ===== EM models for the G4Region  DefaultRegionForTheWorld ======
 LivermoreConversion : Emin=    0 eV  Emax=  500 MeV  ModifiedTsai

Rayl:  for gamma SubType=11 BuildTable=1
      Lambda table from 100 eV  to 150 keV, 7 bins/decade, spline: 0
      LambdaPrime table from 150 keV to 500 MeV in 26 bins 
      ===== EM models for the G4Region  DefaultRegionForTheWorld ======
   LivermoreRayleigh : Emin=    0 eV  Emax=  500 MeV  CullenGenerator

e-_G4DNAElastic:  for e- SubType=51 BuildTable=0
      ===== EM models for the G4Region  DefaultRegionForTheWorld ======
DNAELSEPAElasticModel : Emin=    0 eV  Emax=  500 MeV

e-_G4DNAExcitation:  for e- SubType=52 BuildTable=0
      ===== EM models for the G4Region  DefaultRegionForTheWorld ======
DNABornExcitationModel : Emin=    0 eV  Emax=    1 MeV

e-_G4DNAIonisation:  for e- SubType=53 BuildTable=0
      ===== EM models for the G4Region  DefaultRegionForTheWorld ======
DNABornIonisationModel : Emin=    0 eV  Emax=    1 MeV  deltaBorn Fluo

e-_G4DNAElectronSolvation:  for e- SubType=58 BuildTable=0
      ===== EM models for the G4Region  DefaultRegionForTheWorld ======
DNAOneStepThermalizationModel_Meesungnoen2002 : Emin=    0 eV  Emax=   10 eV 

e-_G4DNAVibExcitation:  for e- SubType=54 BuildTable=0
      ===== EM models for the G4Region  DefaultRegionForTheWorld ======
DNASancheExcitationModel : Emin=    0 eV  Emax=  100 eV 

e-_G4DNAAttachment:  for e- SubType=55 BuildTable=0
      ===== EM models for the G4Region  DefaultRegionForTheWorld ======
DNAMeltonAttachmentModel : Emin=    0 eV  Emax=   13 eV 

msc:  for e+  SubType= 10
      ===== EM models for the G4Region  DefaultRegionForTheWorld ======
            UrbanMsc : Emin=    0 eV  Emax=  500 MeV Nbins=49 100 eV  - 500 MeV
          StepLim=DistanceToBoundary Rfact=0.04 Gfact=2.5 Sfact=0.6 DispFlag:1 Skin=1 Llim=1 mm

eIoni:  for e+  XStype:3  SubType=2
      dE/dx and range tables from 100 eV  to 500 MeV in 49 bins
      Lambda tables from threshold to 500 MeV, 7 bins/decade, spline: 1
      StepFunction=(0.2, 1 mm), integ: 3, fluct: 1, linLossLim= 0.01
      ===== EM models for the G4Region  DefaultRegionForTheWorld ======
        MollerBhabha : Emin=    0 eV  Emax=  500 MeV
G4WT2 > Begin processing for Run: 0, History: 0

TOPAS run sequence complete.
Particle source Demo: Total number of histories: 1000
######### Averaged IRT-execution-time per history (549 histories): 3.25463 s +/- 0.854104 s 

Note that TOPAS interrupted one or more histories during this session
due to errors reported by Geant4.
The total number of interrupted histories was: 451
For details on each of these errors, see the console log for "G4Exception"
If only a very small proportion of your histories were affected,
you may be able to still use the overall result,
but this is a judgement call you need to make for yourself.
You can set TOPAS to limit the number of messages about interrupted histories by setting
the parameter Ts/InterruptedHistoryMaxReports
You can set TOPAS to exit if it exceeds a given number of interrupted histories by setting
the parmameter Ts/MaxInterruptedHistories

Elapsed times:
Parameter Reading : User=0.000000s Real=0.001039s Sys=0.000000s [Cpu=0.0%]
    Initialization: User=0.010000s Real=0.011422s Sys=0.000000s [Cpu=87.5%]
         Execution: User=216.100000s Real=49.140334s Sys=2.180000s [Cpu=444.2%]
      Finalization: User=0.000000s Real=0.004976s Sys=0.000000s [Cpu=0.0%]
             Total: User=216.11s Real=49.1578s Sys=2.18s

Welcome to TOPAS, Tool for Particle Simulation (Version 3.9)
Loading parameters starting from: run1.txt

Geant4 Data directory has been specified by the
TOPAS_G4_DATA_DIR environment variable as /Applications/GEANT/G4DATA

**************************************************************
 Geant4 version Name: geant4-11-01-patch-03 [MT]   (10-November-2023)
  << in Multi-threaded mode >> 
                       Copyright : Geant4 Collaboration
                      References : NIM A 506 (2003), 250-303
                                 : IEEE-TNS 53 (2006), 270-278
                                 : NIM A 835 (2016), 186-225
                             WWW : http://geant4.org/
**************************************************************

TOPAS is in MT mode, setting number of threads to: 24

TOPAS set the tolerances based on the World size to:
      Surface tolerance = 10 nm, and radial tolerance = 10 nm.
Checking overlaps for volume sWorld:0 (G4Box) ... OK! 

Checking for Unused Components.
These are Components that were never built even though they were at least
partially defined in some parameters. This is not necessarily an error.
It may be an intentional choice to have these Component definitions handy for later use.
To turn off this check, set Ge/CheckForUnusedComponents to False
  No unused components were found.

Default
-- Branching ratio: All ionization states probability 1
-- Branching ratio: A1B1 Dissociative decay probability 0.65
-- Branching ratio: A1B1 Relaxation probability 0.35
-- Branching ratio: B1A1 Relaxation probability 0.3
-- Branching ratio: B1A1 Dissociative decay probability 0.15
-- Branching ratio: B1A1 Auto-ionization probability 0.55
-- Branching ratio: B1A1 Auto-ionization probability 0
-- Branching ratio: B1A1 Dissociative decay2 probability 0
-- Branching ratio: Rydberg states and diffuse bands auto-ionization probability 0.5
-- Branching ratio: Rydberg states and diffuse bands relaxation probability 0.5
-- Branching ratio: dissociative attachment probability 1
-- Branching ratio: H2O Electron Hole Recombination Dissociative decay1 probability 0.15
-- Branching ratio: H2O Electron Hole Recombination Dissociative decay2 probability 0.55
-- Branching ratio: H2O Electron Hole Recombination Dissociative decay3 probability 0
-- Branching ratio: H2O Electron Hole Recombination Dissociative decay4 probability 0.3
Solvation model selected: 11003
   1. Ritchie.
   2. Terrisol.
   3. Meesungnoen.
   4. Kreipl.
   5. Meesugnoen solid.
-- Diffusion coefficient for molecule: H used the value 8e-09 (m2/s) 
-- Diffusion coefficient for molecule: H2 used the value 4.8e-09 (m2/s) 
-- Diffusion coefficient for molecule: H2O2 used the value 2.3e-09 (m2/s) 
-- Diffusion coefficient for molecule: H3Op used the value 9.46e-09 (m2/s) 
-- Diffusion coefficient for molecule: OH used the value 2.3e-09 (m2/s) 
-- Diffusion coefficient for molecule: OHm used the value 5.3e-09 (m2/s) 
-- Diffusion coefficient for molecule: Product used the value 0 (m2/s) 
-- Diffusion coefficient for molecule: e_aq used the value 4.9e-09 (m2/s) 

### TsEmDNAPhysics Construct Processes 
Ts Rudd ionisation model is constructed 
 Re-set reaction kobs to : 1.56e+10/M/s
 Re-set reaction kobs to : 9e+07/M/s
 Re-set reaction kobs to : 1.43e+11/M/s
 Re-set reaction kobs to : 1.55e+10/M/s
 Re-set reaction kobs to : 5.5e+09/M/s
 Re-set reaction kobs to : 2.5e+10/M/s
 Re-set reaction kobs to : 1.1e+10/M/s
 Re-set reaction kobs to : 2.3e+10/M/s
 Re-set reaction kobs to : 3e+10/M/s
 Re-set reaction kobs to : 1.1e+10/M/s

========================================================================================================================
   TypeMolecules        Products                      Kobs (/M/s) r (nm)        Preact        
========================================================================================================================
 I     H^0     + H^0     -> H_2^0                  1.56e+10    0.294487      1             
 I     e_aq^-1 + H^0     -> OH^-1 + H_2^0          2.5e+10     0.277608      1             

========================================================================================================================
Type   Molecules        Products                      Kobs (/M/s) Kdif (/M/s)    Kact (/M/s)    r (nm)        Preact        alpha (/nm)  
========================================================================================================================
 II    H^0     + H2O2^0  -> OH^0                   9e+07       2.81516e+10    9.02887e+07    0.4           0.00134615    2.50802      
 II    OH^0    + H^0     -> None                   1.55e+10    2.85452e+10    3.39168e+10    0.41          0.329869      5.33703      
 II    OH^0    + OH^0    -> H2O2^0                 5.5e+09     7.32548e+09    2.2071e+10     0.44          0.544815      9.12024      
 II    e_aq^-1 + H2O2^0  -> OH^-1 + OH^0           1.1e+10     3.86858e+10    1.53705e+10    0.71          0.103317      1.96805      
 II    e_aq^-1 + OH^0    -> OH^-1                  3e+10       3.86858e+10    1.33617e+11    0.72          0.497921      6.18599      

========================================================================================================================
Type   Molecules        Products                      Kobs (/M/s) r (nm)        reff (nm)    Preact        
========================================================================================================================
 III   H3O^1   + OH^-1   -> None                   1.43e+11    0.876805         1.28023         1                
 III   e_aq^-1 + e_aq^-1 -> OH^-1 + OH^-1 + H_2^0  1.1e+10     0.581654         0.296644        1                

========================================================================================================================
Type   Molecules        Products                      Kobs (/M/s) Kdif (/M/s)    Kact (/M/s)    r (nm)        reff (nm)    reff1 (nm)    Preact        
========================================================================================================================
 IV    e_aq^-1 + H3O^1   -> H^0                    2.3e+10     1.26196e+11    2.81262e+10    0.75          1.16126      0.211647      0.0426379     

========================================================================================================================
Type   Molecules        Products                      Kobs (/M/s) r (nm)        reff (nm)    Preact        
========================================================================================================================

========================================================================================================================
Type   Molecules        Products                      Scavenging capacity /s
========================================================================================================================
 VI    H^0     + NO3m    -> NO32m                  35000        Single factor 
 VI    OH^0    + CH3OH   -> CH2OH                  9.7e+09      Single factor 
 VI    e_aq^-1 + NO3m    -> NO32m                  2.425e+08    Single factor 


 -------------- TOPAS IRT Warning -------------
 -- SpinBehavior is ScaledProbability
 ----------------------------------------------

Visualization verbosity changed to quiet (0)
=======================================================================
======                 Electromagnetic Physics Parameters      ========
=======================================================================
LPM effect enabled                                 1
Enable creation and use of sampling tables         0
Apply cuts on all EM processes                     0
Use combined TransportationWithMsc                 Disabled
Use general process                                0
Enable linear polarisation for gamma               0
Enable photoeffect sampling below K-shell          1
Enable sampling of quantum entanglement            0
X-section factor for integral approach             0.8
Min kinetic energy for tables                      100 eV 
Max kinetic energy for tables                      500 MeV
Number of bins per decade of a table               7
Verbose level                                      1
Verbose level for worker thread                    0
Bremsstrahlung energy threshold above which 
  primary e+- is added to the list of secondary    100 TeV
Bremsstrahlung energy threshold above which primary
  muon/hadron is added to the list of secondary    100 TeV
Lowest triplet kinetic energy                      1 MeV
Enable sampling of gamma linear polarisation       0
5D gamma conversion model type                     0
5D gamma conversion model on isolated ion          0
Livermore data directory                           epics_2017
=======================================================================
======                 Ionisation Parameters                   ========
=======================================================================
Step function for e+-                              (0.2, 1 mm)
Step function for muons/hadrons                    (0.2, 0.1 mm)
Step function for light ions                       (0.2, 0.1 mm)
Step function for general ions                     (0.2, 0.1 mm)
Lowest e+e- kinetic energy                         1 keV
Lowest muon/hadron kinetic energy                  1 keV
Use ICRU90 data                                    0
Fluctuations of dE/dx are enabled                  1
Type of fluctuation model for leptons and hadrons  Universal
Use built-in Birks satuaration                     0
Build CSDA range enabled                           0
Use cut as a final range enabled                   0
Enable angular generator interface                 0
Max kinetic energy for CSDA tables                 1 GeV
Max kinetic energy for NIEL computation            0 eV 
Linear loss limit                                  0.01
Read data from file for e+e- pair production by mu 0
=======================================================================
======                 Multiple Scattering Parameters          ========
=======================================================================
Type of msc step limit algorithm for e+-           3
Type of msc step limit algorithm for muons/hadrons 0
Msc lateral displacement for e+- enabled           1
Msc lateral displacement for muons and hadrons     0
Urban msc model lateral displacement alg96         1
Range factor for msc step limit for e+-            0.04
Range factor for msc step limit for muons/hadrons  0.2
Geometry factor for msc step limitation of e+-     2.5
Safety factor for msc step limit for e+-           0.6
Skin parameter for msc step limitation of e+-      1
Lambda limit for msc step limit for e+-            1 mm
Use Mott correction for e- scattering              0
Factor used for dynamic computation of angular 
  limit between single and multiple scattering     1
Fixed angular limit between single 
  and multiple scattering                          3.1416 rad
Upper energy limit for e+- multiple scattering     100 MeV
Type of electron single scattering model           0
Type of nuclear form-factor                        1
Screening factor                                   1
=======================================================================
======                 Atomic Deexcitation Parameters          ========
=======================================================================
Fluorescence enabled                               1
Directory in G4LEDATA for fluorescence data files  fluor
Auger electron cascade enabled                     1
PIXE atomic de-excitation enabled                  0
De-excitation module ignores cuts                  1
Type of PIXE cross section for hadrons             Empirical
Type of PIXE cross section for e+-                 Livermore
=======================================================================
======                 DNA Physics Parameters                  ========
=======================================================================
Use fast sampling in DNA models                    0
Use Stationary option in DNA models                0
Use DNA with multiple scattering of e-             0
Use DNA e- solvation model type                    11003
=======================================================================

### ===  Deexcitation model UAtomDeexcitation is activated for 1 region:
          DefaultRegionForTheWorld  1  1  0
### ===  Auger flag: 1
### ===  Ignore cuts flag:   1
G4DNAELSEPAElasticModel: high energy limit decreased from 500 MeV to 1 MeV
Rudd ionisation model is initialized 
Energy range: 0 eV - 1e+06 keV for proton

phot:  for gamma SubType=12 BuildTable=0
      LambdaPrime table from 200 keV to 500 MeV in 25 bins 
      ===== EM models for the G4Region  DefaultRegionForTheWorld ======
 LivermorePhElectric : Emin=    0 eV  Emax=  500 MeV  SauterGavrila Fluo

compt:  for gamma SubType=13 BuildTable=1
      Lambda table from 100 eV  to 1 MeV, 7 bins/decade, spline: 1
      LambdaPrime table from 1 MeV to 500 MeV in 20 bins 
      ===== EM models for the G4Region  DefaultRegionForTheWorld ======
    LivermoreCompton : Emin=    0 eV  Emax=  500 MeV Fluo

conv:  for gamma SubType=14 BuildTable=1
      Lambda table from 1.022 MeV to 500 MeV, 33 bins/decade, spline: 1
      ===== EM models for the G4Region  DefaultRegionForTheWorld ======
 LivermoreConversion : Emin=    0 eV  Emax=  500 MeV  ModifiedTsai

Rayl:  for gamma SubType=11 BuildTable=1
      Lambda table from 100 eV  to 150 keV, 7 bins/decade, spline: 0
      LambdaPrime table from 150 keV to 500 MeV in 26 bins 
      ===== EM models for the G4Region  DefaultRegionForTheWorld ======
   LivermoreRayleigh : Emin=    0 eV  Emax=  500 MeV  CullenGenerator

e-_G4DNAElastic:  for e- SubType=51 BuildTable=0
      ===== EM models for the G4Region  DefaultRegionForTheWorld ======
DNAELSEPAElasticModel : Emin=    0 eV  Emax=  500 MeV

e-_G4DNAExcitation:  for e- SubType=52 BuildTable=0
      ===== EM models for the G4Region  DefaultRegionForTheWorld ======
DNABornExcitationModel : Emin=    0 eV  Emax=    1 MeV

e-_G4DNAIonisation:  for e- SubType=53 BuildTable=0
      ===== EM models for the G4Region  DefaultRegionForTheWorld ======
DNABornIonisationModel : Emin=    0 eV  Emax=    1 MeV  deltaBorn Fluo

e-_G4DNAElectronSolvation:  for e- SubType=58 BuildTable=0
      ===== EM models for the G4Region  DefaultRegionForTheWorld ======
DNAOneStepThermalizationModel_Meesungnoen2002 : Emin=    0 eV  Emax=   10 eV 

e-_G4DNAVibExcitation:  for e- SubType=54 BuildTable=0
      ===== EM models for the G4Region  DefaultRegionForTheWorld ======
DNASancheExcitationModel : Emin=    0 eV  Emax=  100 eV 

e-_G4DNAAttachment:  for e- SubType=55 BuildTable=0
      ===== EM models for the G4Region  DefaultRegionForTheWorld ======
DNAMeltonAttachmentModel : Emin=    0 eV  Emax=   13 eV 

msc:  for e+  SubType= 10
      ===== EM models for the G4Region  DefaultRegionForTheWorld ======
            UrbanMsc : Emin=    0 eV  Emax=  500 MeV Nbins=49 100 eV  - 500 MeV
          StepLim=DistanceToBoundary Rfact=0.04 Gfact=2.5 Sfact=0.6 DispFlag:1 Skin=1 Llim=1 mm

eIoni:  for e+  XStype:3  SubType=2
      dE/dx and range tables from 100 eV  to 500 MeV in 49 bins
      Lambda tables from threshold to 500 MeV, 7 bins/decade, spline: 1
      StepFunction=(0.2, 1 mm), integ: 3, fluct: 1, linLossLim= 0.01
      ===== EM models for the G4Region  DefaultRegionForTheWorld ======
        MollerBhabha : Emin=    0 eV  Emax=  500 MeV
G4WT16 > Begin processing for Run: 0, History: 0

TOPAS run sequence complete.
Particle source Demo: Total number of histories: 1000
######### Averaged IRT-execution-time per history (549 histories): 3.37829 s +/- 0.790529 s 

Note that TOPAS interrupted one or more histories during this session
due to errors reported by Geant4.
The total number of interrupted histories was: 451
For details on each of these errors, see the console log for "G4Exception"
If only a very small proportion of your histories were affected,
you may be able to still use the overall result,
but this is a judgement call you need to make for yourself.
You can set TOPAS to limit the number of messages about interrupted histories by setting
the parameter Ts/InterruptedHistoryMaxReports
You can set TOPAS to exit if it exceeds a given number of interrupted histories by setting
the parmameter Ts/MaxInterruptedHistories

Elapsed times:
Parameter Reading : User=0.000000s Real=0.001029s Sys=0.000000s [Cpu=0.0%]
    Initialization: User=0.010000s Real=0.016101s Sys=0.000000s [Cpu=62.1%]
         Execution: User=227.290000s Real=51.169196s Sys=3.570000s [Cpu=451.2%]
      Finalization: User=0.000000s Real=0.004951s Sys=0.000000s [Cpu=0.0%]
             Total: User=227.3s Real=51.1913s Sys=3.57s
